#
# There is insufficient memory for the Java Runtime Environment to continue.
# Native memory allocation (malloc) failed to allocate 862336 bytes for Chunk::new
# Possible reasons:
#   The system is out of physical RAM or swap space
#   The process is running with CompressedOops enabled, and the Java Heap may be blocking the growth of the native heap
# Possible solutions:
#   Reduce memory load on the system
#   Increase physical memory or swap space
#   Check if swap backing store is full
#   Decrease Java heap size (-Xmx/-Xms)
#   Decrease number of Java threads
#   Decrease Java thread stack sizes (-Xss)
#   Set larger code cache with -XX:ReservedCodeCacheSize=
#   JVM is running with Unscaled Compressed Oops mode in which the Java heap is
#     placed in the first 4GB address space. The Java Heap base address is the
#     maximum limit for the native heap growth. Please use -XX:HeapBaseMinAddress
#     to set the Java Heap base and to place the Java Heap above 4GB virtual address.
# This output file may be truncated or incomplete.
#
#  Out of Memory Error (./src/hotspot/share/memory/arena.cpp:197), pid=7428, tid=18512
#
# JRE version: OpenJDK Runtime Environment Temurin-11.0.13+8 (11.0.13+8) (build 11.0.13+8)
# Java VM: OpenJDK 64-Bit Server VM Temurin-11.0.13+8 (11.0.13+8, mixed mode, tiered, compressed oops, g1 gc, windows-amd64)
# No core dump will be written. Minidumps are not enabled by default on client versions of Windows
#

---------------  S U M M A R Y ------------

Command Line: -XX:MaxMetaspaceSize=512m --add-opens=java.base/java.util=ALL-UNNAMED --add-opens=java.base/java.lang=ALL-UNNAMED --add-opens=java.base/java.lang.invoke=ALL-UNNAMED --add-opens=java.prefs/java.util.prefs=ALL-UNNAMED --add-opens=java.base/java.nio.charset=ALL-UNNAMED --add-opens=java.base/java.net=ALL-UNNAMED --add-opens=java.base/java.util.concurrent.atomic=ALL-UNNAMED -Xmx2048m -Dfile.encoding=windows-1252 -Duser.country=GB -Duser.language=en -Duser.variant org.gradle.launcher.daemon.bootstrap.GradleDaemon 8.0.1

Host: 11th Gen Intel(R) Core(TM) i7-1165G7 @ 2.80GHz, 8 cores, 7G,  Windows 10 , 64 bit Build 22621 (10.0.22621.2070)
Time: Fri Jul 28 19:49:41 2023 India Standard Time elapsed time: 508.143766 seconds (0d 0h 8m 28s)

---------------  T H R E A D  ---------------

Current thread (0x0000028bca5a8800):  JavaThread "C2 CompilerThread0" daemon [_thread_in_native, id=18512, stack(0x000000d158e00000,0x000000d158f00000)]


Current CompileTask:
C2: 508144 10511   !   4       sun.nio.ch.FileChannelImpl::tryLock (238 bytes)

Stack: [0x000000d158e00000,0x000000d158f00000]
Native frames: (J=compiled Java code, j=interpreted, Vv=VM code, C=native code)
V  [jvm.dll+0x61cc7a]
V  [jvm.dll+0x7a8fd9]
V  [jvm.dll+0x7aa69f]
V  [jvm.dll+0x7aad73]
V  [jvm.dll+0x24f808]
V  [jvm.dll+0xc260c]
V  [jvm.dll+0xc2bcc]
V  [jvm.dll+0x2c1644]
V  [jvm.dll+0x52beb9]
V  [jvm.dll+0x20a0ae]
V  [jvm.dll+0x207a5b]
V  [jvm.dll+0x18a011]
V  [jvm.dll+0x217599]
V  [jvm.dll+0x21578b]
V  [jvm.dll+0x76ba50]
V  [jvm.dll+0x7649d4]
V  [jvm.dll+0x61bb16]
C  [ucrtbase.dll+0x29363]
C  [KERNEL32.DLL+0x126ad]
C  [ntdll.dll+0x5aa68]


---------------  P R O C E S S  ---------------

Threads class SMR info:
_java_thread_list=0x0000028bd1c1d570, length=132, elements={
0x0000028bab502800, 0x0000028bca586000, 0x0000028bca58a000, 0x0000028bca5a5000,
0x0000028bca5a6000, 0x0000028bca5a7000, 0x0000028bca5a8800, 0x0000028bcaf5e800,
0x0000028bcaf62800, 0x0000028bcb05b800, 0x0000028bcca78800, 0x0000028bcc995800,
0x0000028bcc757800, 0x0000028bcd13e800, 0x0000028bcca9e800, 0x0000028bcbbe2000,
0x0000028bcd34a800, 0x0000028bcc79c000, 0x0000028bcc3fc800, 0x0000028bcb238800,
0x0000028bcb23a800, 0x0000028bcb239800, 0x0000028bcdae0000, 0x0000028bcdae1800,
0x0000028bcdae2800, 0x0000028bcdae0800, 0x0000028bcdadc800, 0x0000028bcdadd800,
0x0000028bcdae3000, 0x0000028bcdae4000, 0x0000028bcdade000, 0x0000028bcdae5000,
0x0000028bcdae9000, 0x0000028bcdae5800, 0x0000028bcdae8000, 0x0000028bcdae6800,
0x0000028bcdae7000, 0x0000028bcdae9800, 0x0000028bcdaeb800, 0x0000028bcb23b000,
0x0000028bcdab9000, 0x0000028bcdab9800, 0x0000028bcdaba800, 0x0000028bcdabd000,
0x0000028bcdab7800, 0x0000028bcdabb800, 0x0000028bcdabe000, 0x0000028bcdab8000,
0x0000028bcdabf800, 0x0000028bcdac0800, 0x0000028bcdabe800, 0x0000028bcdac1000,
0x0000028bcdac2000, 0x0000028bcdabc000, 0x0000028bcdac2800, 0x0000028bcdac5000,
0x0000028bcdac4800, 0x0000028bcdac6000, 0x0000028bcdac3800, 0x0000028bcdc70800,
0x0000028bcdc6f800, 0x0000028bcdc72000, 0x0000028bcdc6c000, 0x0000028bcdc72800,
0x0000028bcdc71000, 0x0000028bcdc6d000, 0x0000028bcdc6e000, 0x0000028bcdc74800,
0x0000028bcdc73800, 0x0000028bcdc7a000, 0x0000028bcdc77800, 0x0000028bcdc78800,
0x0000028bcdc79800, 0x0000028bcdc7b000, 0x0000028bcdc75000, 0x0000028bcdc76000,
0x0000028bcdc77000, 0x0000028bcf7b4000, 0x0000028bcf7b4800, 0x0000028bcf7b6800,
0x0000028bcf7b8800, 0x0000028bcf7b7000, 0x0000028bcf7b8000, 0x0000028bcf7bb000,
0x0000028bcf7b5800, 0x0000028bcf7bf800, 0x0000028bcf7b9800, 0x0000028bcf7be800,
0x0000028bcf7bc000, 0x0000028bcf7ba800, 0x0000028bcf7c1000, 0x0000028bcf7c0000,
0x0000028bcf7c1800, 0x0000028bcf7c2800, 0x0000028bcf7bd000, 0x0000028bcf7bd800,
0x0000028bcf8f0800, 0x0000028bcf8eb800, 0x0000028bcf8ef800, 0x0000028bcf8eb000,
0x0000028bcf8ec800, 0x0000028bcf8f1800, 0x0000028bcf8f2000, 0x0000028bcf8ed800,
0x0000028bcf8f3000, 0x0000028bcf8ee000, 0x0000028bcf8f4000, 0x0000028bcf8f4800,
0x0000028bcf8ef000, 0x0000028bcf8f5800, 0x0000028bcf8f6800, 0x0000028bcf8f7000,
0x0000028bcf8f8000, 0x0000028bcf8f8800, 0x0000028bcf8f9800, 0x0000028bd1433000,
0x0000028bd1431800, 0x0000028bd142d800, 0x0000028bd1434000, 0x0000028bd142e800,
0x0000028bd142f000, 0x0000028bd1432800, 0x0000028bd1435000, 0x0000028bd1435800,
0x0000028bd1430000, 0x0000028bd1436800, 0x0000028bd1431000, 0x0000028bd1439000,
0x0000028bd143a800, 0x0000028bd1439800, 0x0000028bd1437800, 0x0000028bd143b800
}

Java Threads: ( => current thread )
  0x0000028bab502800 JavaThread "main" [_thread_blocked, id=12816, stack(0x000000d158200000,0x000000d158300000)]
  0x0000028bca586000 JavaThread "Reference Handler" daemon [_thread_blocked, id=22884, stack(0x000000d158900000,0x000000d158a00000)]
  0x0000028bca58a000 JavaThread "Finalizer" daemon [_thread_blocked, id=22848, stack(0x000000d158a00000,0x000000d158b00000)]
  0x0000028bca5a5000 JavaThread "Signal Dispatcher" daemon [_thread_blocked, id=24176, stack(0x000000d158b00000,0x000000d158c00000)]
  0x0000028bca5a6000 JavaThread "Attach Listener" daemon [_thread_blocked, id=15520, stack(0x000000d158c00000,0x000000d158d00000)]
  0x0000028bca5a7000 JavaThread "Service Thread" daemon [_thread_blocked, id=15660, stack(0x000000d158d00000,0x000000d158e00000)]
=>0x0000028bca5a8800 JavaThread "C2 CompilerThread0" daemon [_thread_in_native, id=18512, stack(0x000000d158e00000,0x000000d158f00000)]
  0x0000028bcaf5e800 JavaThread "C1 CompilerThread0" daemon [_thread_blocked, id=18580, stack(0x000000d158f00000,0x000000d159000000)]
  0x0000028bcaf62800 JavaThread "Sweeper thread" daemon [_thread_blocked, id=22436, stack(0x000000d159000000,0x000000d159100000)]
  0x0000028bcb05b800 JavaThread "Common-Cleaner" daemon [_thread_blocked, id=28108, stack(0x000000d159100000,0x000000d159200000)]
  0x0000028bcca78800 JavaThread "Daemon health stats" [_thread_blocked, id=29416, stack(0x000000d159400000,0x000000d159500000)]
  0x0000028bcc995800 JavaThread "Incoming local TCP Connector on port 57580" [_thread_in_native, id=28804, stack(0x000000d159500000,0x000000d159600000)]
  0x0000028bcc757800 JavaThread "Daemon periodic checks" [_thread_blocked, id=28764, stack(0x000000d159600000,0x000000d159700000)]
  0x0000028bcd13e800 JavaThread "Daemon" [_thread_blocked, id=28852, stack(0x000000d159700000,0x000000d159800000)]
  0x0000028bcca9e800 JavaThread "Handler for socket connection from /127.0.0.1:57580 to /127.0.0.1:57581" [_thread_in_native, id=6672, stack(0x000000d159800000,0x000000d159900000)]
  0x0000028bcbbe2000 JavaThread "Cancel handler" [_thread_blocked, id=29272, stack(0x000000d159900000,0x000000d159a00000)]
  0x0000028bcd34a800 JavaThread "Daemon worker" [_thread_blocked, id=29280, stack(0x000000d159a00000,0x000000d159b00000)]
  0x0000028bcc79c000 JavaThread "Asynchronous log dispatcher for DefaultDaemonConnection: socket connection from /127.0.0.1:57580 to /127.0.0.1:57581" [_thread_blocked, id=29408, stack(0x000000d159b00000,0x000000d159c00000)]
  0x0000028bcc3fc800 JavaThread "Daemon client event forwarder" [_thread_blocked, id=29504, stack(0x000000d15a300000,0x000000d15a400000)]
  0x0000028bcb238800 JavaThread "Cache worker for journal cache (C:\Users\ajaya\.gradle\caches\journal-1)" [_thread_blocked, id=13444, stack(0x000000d15a400000,0x000000d15a500000)]
  0x0000028bcb23a800 JavaThread "File lock request listener" [_thread_in_native, id=23260, stack(0x000000d15a500000,0x000000d15a600000)]
  0x0000028bcb239800 JavaThread "Cache worker for file hash cache (C:\Users\ajaya\.gradle\caches\8.0.1\fileHashes)" [_thread_blocked, id=7272, stack(0x000000d15a700000,0x000000d15a800000)]
  0x0000028bcdae0000 JavaThread "File watcher server" daemon [_thread_in_native, id=29944, stack(0x000000d15a900000,0x000000d15aa00000)]
  0x0000028bcdae1800 JavaThread "File watcher consumer" daemon [_thread_blocked, id=29956, stack(0x000000d15aa00000,0x000000d15ab00000)]
  0x0000028bcdae2800 JavaThread "Cache worker for checksums cache (C:\Users\ajaya\Desktop\AwesomeProject\android\.gradle\8.0.1\checksums)" [_thread_blocked, id=30312, stack(0x000000d15ab00000,0x000000d15ac00000)]
  0x0000028bcdae0800 JavaThread "Cache worker for cache directory md-rule (C:\Users\ajaya\.gradle\caches\8.0.1\md-rule)" [_thread_blocked, id=30340, stack(0x000000d15ac00000,0x000000d15ad00000)]
  0x0000028bcdadc800 JavaThread "Cache worker for file content cache (C:\Users\ajaya\.gradle\caches\8.0.1\fileContent)" [_thread_blocked, id=30448, stack(0x000000d15ad00000,0x000000d15ae00000)]
  0x0000028bcdadd800 JavaThread "Cache worker for file hash cache (C:\Users\ajaya\Desktop\AwesomeProject\android\.gradle\8.0.1\fileHashes)" [_thread_blocked, id=30716, stack(0x000000d15ae00000,0x000000d15af00000)]
  0x0000028bcdae3000 JavaThread "Cache worker for cache directory md-supplier (C:\Users\ajaya\.gradle\caches\8.0.1\md-supplier)" [_thread_blocked, id=4732, stack(0x000000d15af00000,0x000000d15b000000)]
  0x0000028bcdae4000 JavaThread "Cache worker for execution history cache (C:\Users\ajaya\.gradle\caches\8.0.1\executionHistory)" [_thread_blocked, id=25132, stack(0x000000d15b000000,0x000000d15b100000)]
  0x0000028bcdade000 JavaThread "jar transforms" [_thread_blocked, id=30864, stack(0x000000d15b100000,0x000000d15b200000)]
  0x0000028bcdae5000 JavaThread "jar transforms Thread 2" [_thread_blocked, id=31088, stack(0x000000d15b200000,0x000000d15b300000)]
  0x0000028bcdae9000 JavaThread "jar transforms Thread 3" [_thread_blocked, id=31420, stack(0x000000d15b300000,0x000000d15b400000)]
  0x0000028bcdae5800 JavaThread "jar transforms Thread 4" [_thread_blocked, id=31444, stack(0x000000d15b400000,0x000000d15b500000)]
  0x0000028bcdae8000 JavaThread "Cache worker for kotlin-dsl (C:\Users\ajaya\.gradle\caches\8.0.1\kotlin-dsl)" [_thread_blocked, id=31988, stack(0x000000d158000000,0x000000d158100000)]
  0x0000028bcdae6800 JavaThread "jar transforms Thread 5" [_thread_blocked, id=25148, stack(0x000000d159c00000,0x000000d159d00000)]
  0x0000028bcdae7000 JavaThread "jar transforms Thread 6" [_thread_blocked, id=34528, stack(0x000000d15a800000,0x000000d15a900000)]
  0x0000028bcdae9800 JavaThread "Cache worker for dependencies-accessors (C:\Users\ajaya\Desktop\AwesomeProject\android\.gradle\8.0.1\dependencies-accessors)" [_thread_blocked, id=34516, stack(0x000000d15b500000,0x000000d15b600000)]
  0x0000028bcdaeb800 JavaThread "Cache worker for Build Output Cleanup Cache (C:\Users\ajaya\Desktop\AwesomeProject\node_modules\@react-native\gradle-plugin\.gradle\buildOutputCleanup)" [_thread_blocked, id=29844, stack(0x000000d15b700000,0x000000d15b800000)]
  0x0000028bcb23b000 JavaThread "jar transforms Thread 7" [_thread_blocked, id=34652, stack(0x000000d15b800000,0x000000d15b900000)]
  0x0000028bcdab9000 JavaThread "Unconstrained build operations" [_thread_blocked, id=34376, stack(0x000000d15b900000,0x000000d15ba00000)]
  0x0000028bcdab9800 JavaThread "Unconstrained build operations Thread 2" [_thread_blocked, id=16620, stack(0x000000d15ba00000,0x000000d15bb00000)]
  0x0000028bcdaba800 JavaThread "Unconstrained build operations Thread 3" [_thread_blocked, id=32580, stack(0x000000d15bb00000,0x000000d15bc00000)]
  0x0000028bcdabd000 JavaThread "Unconstrained build operations Thread 4" [_thread_blocked, id=34124, stack(0x000000d15bc00000,0x000000d15bd00000)]
  0x0000028bcdab7800 JavaThread "Unconstrained build operations Thread 5" [_thread_blocked, id=32644, stack(0x000000d15bd00000,0x000000d15be00000)]
  0x0000028bcdabb800 JavaThread "Unconstrained build operations Thread 6" [_thread_blocked, id=31976, stack(0x000000d15be00000,0x000000d15bf00000)]
  0x0000028bcdabe000 JavaThread "Unconstrained build operations Thread 7" [_thread_blocked, id=29624, stack(0x000000d15bf00000,0x000000d15c000000)]
  0x0000028bcdab8000 JavaThread "Unconstrained build operations Thread 8" [_thread_blocked, id=33912, stack(0x000000d15c000000,0x000000d15c100000)]
  0x0000028bcdabf800 JavaThread "Unconstrained build operations Thread 9" [_thread_blocked, id=33724, stack(0x000000d15c100000,0x000000d15c200000)]
  0x0000028bcdac0800 JavaThread "Unconstrained build operations Thread 10" [_thread_blocked, id=11316, stack(0x000000d15c200000,0x000000d15c300000)]
  0x0000028bcdabe800 JavaThread "Unconstrained build operations Thread 11" [_thread_blocked, id=34672, stack(0x000000d15c300000,0x000000d15c400000)]
  0x0000028bcdac1000 JavaThread "Unconstrained build operations Thread 12" [_thread_blocked, id=31956, stack(0x000000d15c400000,0x000000d15c500000)]
  0x0000028bcdac2000 JavaThread "Unconstrained build operations Thread 13" [_thread_blocked, id=11392, stack(0x000000d15c500000,0x000000d15c600000)]
  0x0000028bcdabc000 JavaThread "Unconstrained build operations Thread 14" [_thread_blocked, id=20964, stack(0x000000d15c600000,0x000000d15c700000)]
  0x0000028bcdac2800 JavaThread "Unconstrained build operations Thread 15" [_thread_blocked, id=24404, stack(0x000000d15c700000,0x000000d15c800000)]
  0x0000028bcdac5000 JavaThread "Unconstrained build operations Thread 16" [_thread_blocked, id=30632, stack(0x000000d15c800000,0x000000d15c900000)]
  0x0000028bcdac4800 JavaThread "Unconstrained build operations Thread 17" [_thread_blocked, id=33892, stack(0x000000d15c900000,0x000000d15ca00000)]
  0x0000028bcdac6000 JavaThread "Unconstrained build operations Thread 18" [_thread_blocked, id=28928, stack(0x000000d15ca00000,0x000000d15cb00000)]
  0x0000028bcdac3800 JavaThread "Unconstrained build operations Thread 19" [_thread_blocked, id=31968, stack(0x000000d15cb00000,0x000000d15cc00000)]
  0x0000028bcdc70800 JavaThread "Unconstrained build operations Thread 20" [_thread_blocked, id=22844, stack(0x000000d15cc00000,0x000000d15cd00000)]
  0x0000028bcdc6f800 JavaThread "Unconstrained build operations Thread 21" [_thread_blocked, id=30596, stack(0x000000d15cd00000,0x000000d15ce00000)]
  0x0000028bcdc72000 JavaThread "Unconstrained build operations Thread 22" [_thread_blocked, id=34364, stack(0x000000d15ce00000,0x000000d15cf00000)]
  0x0000028bcdc6c000 JavaThread "Unconstrained build operations Thread 23" [_thread_blocked, id=15492, stack(0x000000d15cf00000,0x000000d15d000000)]
  0x0000028bcdc72800 JavaThread "Unconstrained build operations Thread 24" [_thread_blocked, id=34752, stack(0x000000d15d000000,0x000000d15d100000)]
  0x0000028bcdc71000 JavaThread "Unconstrained build operations Thread 25" [_thread_blocked, id=25488, stack(0x000000d15d100000,0x000000d15d200000)]
  0x0000028bcdc6d000 JavaThread "Unconstrained build operations Thread 26" [_thread_blocked, id=20084, stack(0x000000d15d200000,0x000000d15d300000)]
  0x0000028bcdc6e000 JavaThread "jar transforms Thread 8" [_thread_blocked, id=28336, stack(0x000000d15d300000,0x000000d15d400000)]
  0x0000028bcdc74800 JavaThread "Memory manager" [_thread_blocked, id=22860, stack(0x000000d15d400000,0x000000d15d500000)]
  0x0000028bcdc73800 JavaThread "Cache worker for Build Output Cleanup Cache (C:\Users\ajaya\Desktop\AwesomeProject\android\.gradle\buildOutputCleanup)" [_thread_blocked, id=36500, stack(0x000000d15b600000,0x000000d15b700000)]
  0x0000028bcdc7a000 JavaThread "Execution worker" [_thread_blocked, id=20208, stack(0x000000d15d700000,0x000000d15d800000)]
  0x0000028bcdc77800 JavaThread "Execution worker Thread 2" [_thread_blocked, id=37044, stack(0x000000d15d800000,0x000000d15d900000)]
  0x0000028bcdc78800 JavaThread "Execution worker Thread 3" [_thread_blocked, id=28988, stack(0x000000d15d900000,0x000000d15da00000)]
  0x0000028bcdc79800 JavaThread "Execution worker Thread 4" [_thread_blocked, id=35288, stack(0x000000d15da00000,0x000000d15db00000)]
  0x0000028bcdc7b000 JavaThread "Execution worker Thread 5" [_thread_blocked, id=36956, stack(0x000000d15db00000,0x000000d15dc00000)]
  0x0000028bcdc75000 JavaThread "Execution worker Thread 6" [_thread_blocked, id=36004, stack(0x000000d15dc00000,0x000000d15dd00000)]
  0x0000028bcdc76000 JavaThread "Execution worker Thread 7" [_thread_blocked, id=33808, stack(0x000000d15dd00000,0x000000d15de00000)]
  0x0000028bcdc77000 JavaThread "Cache worker for execution history cache (C:\Users\ajaya\Desktop\AwesomeProject\node_modules\@react-native\gradle-plugin\.gradle\8.0.1\executionHistory)" [_thread_blocked, id=37356, stack(0x000000d15de00000,0x000000d15df00000)]
  0x0000028bcf7b4000 JavaThread "Unconstrained build operations Thread 27" [_thread_blocked, id=21340, stack(0x000000d15df00000,0x000000d15e000000)]
  0x0000028bcf7b4800 JavaThread "Unconstrained build operations Thread 28" [_thread_blocked, id=36884, stack(0x000000d15e000000,0x000000d15e100000)]
  0x0000028bcf7b6800 JavaThread "Unconstrained build operations Thread 29" [_thread_blocked, id=24756, stack(0x000000d15e100000,0x000000d15e200000)]
  0x0000028bcf7b8800 JavaThread "Unconstrained build operations Thread 30" [_thread_blocked, id=22556, stack(0x000000d15e200000,0x000000d15e300000)]
  0x0000028bcf7b7000 JavaThread "Unconstrained build operations Thread 31" [_thread_blocked, id=16680, stack(0x000000d15e300000,0x000000d15e400000)]
  0x0000028bcf7b8000 JavaThread "Unconstrained build operations Thread 32" [_thread_blocked, id=18336, stack(0x000000d15e400000,0x000000d15e500000)]
  0x0000028bcf7bb000 JavaThread "Unconstrained build operations Thread 33" [_thread_blocked, id=29552, stack(0x000000d15e500000,0x000000d15e600000)]
  0x0000028bcf7b5800 JavaThread "Unconstrained build operations Thread 34" [_thread_blocked, id=35320, stack(0x000000d15e600000,0x000000d15e700000)]
  0x0000028bcf7bf800 JavaThread "Unconstrained build operations Thread 35" [_thread_blocked, id=35644, stack(0x000000d15e700000,0x000000d15e800000)]
  0x0000028bcf7b9800 JavaThread "Unconstrained build operations Thread 36" [_thread_blocked, id=35492, stack(0x000000d15e800000,0x000000d15e900000)]
  0x0000028bcf7be800 JavaThread "Unconstrained build operations Thread 37" [_thread_blocked, id=35348, stack(0x000000d15e900000,0x000000d15ea00000)]
  0x0000028bcf7bc000 JavaThread "Unconstrained build operations Thread 38" [_thread_blocked, id=13720, stack(0x000000d15ea00000,0x000000d15eb00000)]
  0x0000028bcf7ba800 JavaThread "Unconstrained build operations Thread 39" [_thread_blocked, id=36960, stack(0x000000d15eb00000,0x000000d15ec00000)]
  0x0000028bcf7c1000 JavaThread "Unconstrained build operations Thread 40" [_thread_blocked, id=34452, stack(0x000000d15ec00000,0x000000d15ed00000)]
  0x0000028bcf7c0000 JavaThread "Unconstrained build operations Thread 41" [_thread_blocked, id=26432, stack(0x000000d15ed00000,0x000000d15ee00000)]
  0x0000028bcf7c1800 JavaThread "Unconstrained build operations Thread 42" [_thread_blocked, id=31944, stack(0x000000d15ee00000,0x000000d15ef00000)]
  0x0000028bcf7c2800 JavaThread "Unconstrained build operations Thread 43" [_thread_blocked, id=6704, stack(0x000000d15ef00000,0x000000d15f000000)]
  0x0000028bcf7bd000 JavaThread "Unconstrained build operations Thread 44" [_thread_blocked, id=36952, stack(0x000000d15f000000,0x000000d15f100000)]
  0x0000028bcf7bd800 JavaThread "Unconstrained build operations Thread 45" [_thread_blocked, id=26400, stack(0x000000d15f100000,0x000000d15f200000)]
  0x0000028bcf8f0800 JavaThread "Unconstrained build operations Thread 46" [_thread_blocked, id=35216, stack(0x000000d15f200000,0x000000d15f300000)]
  0x0000028bcf8eb800 JavaThread "Unconstrained build operations Thread 47" [_thread_blocked, id=35816, stack(0x000000d15f300000,0x000000d15f400000)]
  0x0000028bcf8ef800 JavaThread "Unconstrained build operations Thread 48" [_thread_blocked, id=36900, stack(0x000000d15f400000,0x000000d15f500000)]
  0x0000028bcf8eb000 JavaThread "Unconstrained build operations Thread 49" [_thread_blocked, id=35156, stack(0x000000d15f500000,0x000000d15f600000)]
  0x0000028bcf8ec800 JavaThread "Unconstrained build operations Thread 50" [_thread_blocked, id=34092, stack(0x000000d15f600000,0x000000d15f700000)]
  0x0000028bcf8f1800 JavaThread "Unconstrained build operations Thread 51" [_thread_blocked, id=23060, stack(0x000000d15f700000,0x000000d15f800000)]
  0x0000028bcf8f2000 JavaThread "Unconstrained build operations Thread 52" [_thread_blocked, id=37628, stack(0x000000d15f800000,0x000000d15f900000)]
  0x0000028bcf8ed800 JavaThread "Unconstrained build operations Thread 53" [_thread_blocked, id=20516, stack(0x000000d15f900000,0x000000d15fa00000)]
  0x0000028bcf8f3000 JavaThread "Unconstrained build operations Thread 54" [_thread_blocked, id=29544, stack(0x000000d15fa00000,0x000000d15fb00000)]
  0x0000028bcf8ee000 JavaThread "Unconstrained build operations Thread 55" [_thread_blocked, id=31720, stack(0x000000d15fb00000,0x000000d15fc00000)]
  0x0000028bcf8f4000 JavaThread "Unconstrained build operations Thread 56" [_thread_blocked, id=34860, stack(0x000000d15fc00000,0x000000d15fd00000)]
  0x0000028bcf8f4800 JavaThread "Unconstrained build operations Thread 57" [_thread_blocked, id=37336, stack(0x000000d15fd00000,0x000000d15fe00000)]
  0x0000028bcf8ef000 JavaThread "Unconstrained build operations Thread 58" [_thread_blocked, id=36164, stack(0x000000d15fe00000,0x000000d15ff00000)]
  0x0000028bcf8f5800 JavaThread "Unconstrained build operations Thread 59" [_thread_blocked, id=32308, stack(0x000000d15ff00000,0x000000d160000000)]
  0x0000028bcf8f6800 JavaThread "Unconstrained build operations Thread 60" [_thread_blocked, id=33432, stack(0x000000d160000000,0x000000d160100000)]
  0x0000028bcf8f7000 JavaThread "Unconstrained build operations Thread 61" [_thread_blocked, id=32084, stack(0x000000d160100000,0x000000d160200000)]
  0x0000028bcf8f8000 JavaThread "Unconstrained build operations Thread 62" [_thread_blocked, id=35868, stack(0x000000d160200000,0x000000d160300000)]
  0x0000028bcf8f8800 JavaThread "Unconstrained build operations Thread 63" [_thread_blocked, id=34532, stack(0x000000d160300000,0x000000d160400000)]
  0x0000028bcf8f9800 JavaThread "Unconstrained build operations Thread 64" [_thread_blocked, id=36756, stack(0x000000d160400000,0x000000d160500000)]
  0x0000028bd1433000 JavaThread "Unconstrained build operations Thread 65" [_thread_blocked, id=35516, stack(0x000000d160500000,0x000000d160600000)]
  0x0000028bd1431800 JavaThread "Unconstrained build operations Thread 66" [_thread_blocked, id=34612, stack(0x000000d160600000,0x000000d160700000)]
  0x0000028bd142d800 JavaThread "Unconstrained build operations Thread 67" [_thread_blocked, id=37468, stack(0x000000d160700000,0x000000d160800000)]
  0x0000028bd1434000 JavaThread "Unconstrained build operations Thread 68" [_thread_blocked, id=23372, stack(0x000000d160800000,0x000000d160900000)]
  0x0000028bd142e800 JavaThread "Unconstrained build operations Thread 69" [_thread_blocked, id=36976, stack(0x000000d160900000,0x000000d160a00000)]
  0x0000028bd142f000 JavaThread "Unconstrained build operations Thread 70" [_thread_blocked, id=37100, stack(0x000000d160a00000,0x000000d160b00000)]
  0x0000028bd1432800 JavaThread "Unconstrained build operations Thread 71" [_thread_blocked, id=12492, stack(0x000000d160b00000,0x000000d160c00000)]
  0x0000028bd1435000 JavaThread "Unconstrained build operations Thread 72" [_thread_blocked, id=18724, stack(0x000000d160c00000,0x000000d160d00000)]
  0x0000028bd1435800 JavaThread "Unconstrained build operations Thread 73" [_thread_blocked, id=37256, stack(0x000000d160d00000,0x000000d160e00000)]
  0x0000028bd1430000 JavaThread "Unconstrained build operations Thread 74" [_thread_blocked, id=34804, stack(0x000000d160e00000,0x000000d160f00000)]
  0x0000028bd1436800 JavaThread "Unconstrained build operations Thread 75" [_thread_blocked, id=22132, stack(0x000000d160f00000,0x000000d161000000)]
  0x0000028bd1431000 JavaThread "Unconstrained build operations Thread 76" [_thread_blocked, id=37324, stack(0x000000d161000000,0x000000d161100000)]
  0x0000028bd1439000 JavaThread "Unconstrained build operations Thread 77" [_thread_blocked, id=37428, stack(0x000000d161100000,0x000000d161200000)]
  0x0000028bd143a800 JavaThread "Unconstrained build operations Thread 78" [_thread_blocked, id=36720, stack(0x000000d161200000,0x000000d161300000)]
  0x0000028bd1439800 JavaThread "Unconstrained build operations Thread 79" [_thread_blocked, id=26240, stack(0x000000d161300000,0x000000d161400000)]
  0x0000028bd1437800 JavaThread "Unconstrained build operations Thread 80" [_thread_blocked, id=37064, stack(0x000000d161400000,0x000000d161500000)]
  0x0000028bd143b800 JavaThread "File lock release action executor Thread 3" [_thread_blocked, id=19316, stack(0x000000d158100000,0x000000d158200000)]

Other Threads:
  0x0000028bca580800 VMThread "VM Thread" [stack: 0x000000d158800000,0x000000d158900000] [id=7332]
  0x0000028bcb088000 WatcherThread [stack: 0x000000d159200000,0x000000d159300000] [id=23632]
  0x0000028bab51a800 GCTaskThread "GC Thread#0" [stack: 0x000000d158300000,0x000000d158400000] [id=28216]
  0x0000028bcba8a000 GCTaskThread "GC Thread#1" [stack: 0x000000d159300000,0x000000d159400000] [id=28984]
  0x0000028bcbd27800 GCTaskThread "GC Thread#2" [stack: 0x000000d159d00000,0x000000d159e00000] [id=22824]
  0x0000028bcbaa8000 GCTaskThread "GC Thread#3" [stack: 0x000000d159e00000,0x000000d159f00000] [id=10960]
  0x0000028bcca27800 GCTaskThread "GC Thread#4" [stack: 0x000000d159f00000,0x000000d15a000000] [id=29344]
  0x0000028bcca28000 GCTaskThread "GC Thread#5" [stack: 0x000000d15a000000,0x000000d15a100000] [id=26280]
  0x0000028bcb4b8800 GCTaskThread "GC Thread#6" [stack: 0x000000d15a100000,0x000000d15a200000] [id=29376]
  0x0000028bcb4b9000 GCTaskThread "GC Thread#7" [stack: 0x000000d15a200000,0x000000d15a300000] [id=10656]
  0x0000028bab54a000 ConcurrentGCThread "G1 Main Marker" [stack: 0x000000d158400000,0x000000d158500000] [id=7376]
  0x0000028bab54c000 ConcurrentGCThread "G1 Conc#0" [stack: 0x000000d158500000,0x000000d158600000] [id=24320]
  0x0000028bcb407800 ConcurrentGCThread "G1 Conc#1" [stack: 0x000000d15a600000,0x000000d15a700000] [id=13772]
  0x0000028bab5cd000 ConcurrentGCThread "G1 Refine#0" [stack: 0x000000d158600000,0x000000d158700000] [id=26788]
  0x0000028bca3f2800 ConcurrentGCThread "G1 Young RemSet Sampling" [stack: 0x000000d158700000,0x000000d158800000] [id=16520]

Threads with active compile tasks:
C2 CompilerThread0 508287 10511   !   4       sun.nio.ch.FileChannelImpl::tryLock (238 bytes)

VM state:not at safepoint (normal execution)

VM Mutex/Monitor currently owned by a thread: None

Heap address: 0x0000000080000000, size: 2048 MB, Compressed Oops mode: 32-bit
Narrow klass base: 0x0000000000000000, Narrow klass shift: 3
Compressed class space size: 528482304 Address: 0x0000000100000000

Heap:
 garbage-first heap   total 126976K, used 99924K [0x0000000080000000, 0x0000000100000000)
  region size 1024K, 23 young (23552K), 3 survivors (3072K)
 Metaspace       used 93210K, capacity 95879K, committed 96008K, reserved 600064K
  class space    used 12156K, capacity 13250K, committed 13312K, reserved 516096K
Heap Regions: E=young(eden), S=young(survivor), O=old, HS=humongous(starts), HC=humongous(continues), CS=collection set, F=free, A=archive, TAMS=top-at-mark-start (previous, next)
|   0|0x0000000080000000, 0x0000000080100000, 0x0000000080100000|100%|HS|  |TAMS 0x0000000080100000, 0x0000000080000000| Complete 
|   1|0x0000000080100000, 0x0000000080200000, 0x0000000080200000|100%|HC|  |TAMS 0x0000000080200000, 0x0000000080100000| Complete 
|   2|0x0000000080200000, 0x0000000080300000, 0x0000000080300000|100%|HC|  |TAMS 0x0000000080300000, 0x0000000080200000| Complete 
|   3|0x0000000080300000, 0x0000000080400000, 0x0000000080400000|100%|HC|  |TAMS 0x0000000080400000, 0x0000000080300000| Complete 
|   4|0x0000000080400000, 0x0000000080500000, 0x0000000080500000|100%| O|  |TAMS 0x0000000080500000, 0x0000000080400000| Untracked 
|   5|0x0000000080500000, 0x0000000080600000, 0x0000000080600000|100%| O|  |TAMS 0x0000000080600000, 0x0000000080500000| Untracked 
|   6|0x0000000080600000, 0x0000000080700000, 0x0000000080700000|100%| O|  |TAMS 0x0000000080700000, 0x0000000080600000| Untracked 
|   7|0x0000000080700000, 0x0000000080800000, 0x0000000080800000|100%| O|  |TAMS 0x0000000080800000, 0x0000000080700000| Untracked 
|   8|0x0000000080800000, 0x0000000080900000, 0x0000000080900000|100%| O|  |TAMS 0x0000000080900000, 0x0000000080800000| Untracked 
|   9|0x0000000080900000, 0x0000000080a00000, 0x0000000080a00000|100%| O|  |TAMS 0x0000000080a00000, 0x0000000080900000| Untracked 
|  10|0x0000000080a00000, 0x0000000080b00000, 0x0000000080b00000|100%| O|  |TAMS 0x0000000080b00000, 0x0000000080a00000| Untracked 
|  11|0x0000000080b00000, 0x0000000080c00000, 0x0000000080c00000|100%| O|  |TAMS 0x0000000080c00000, 0x0000000080b00000| Untracked 
|  12|0x0000000080c00000, 0x0000000080d00000, 0x0000000080d00000|100%| O|  |TAMS 0x0000000080d00000, 0x0000000080c00000| Untracked 
|  13|0x0000000080d00000, 0x0000000080e00000, 0x0000000080e00000|100%| O|  |TAMS 0x0000000080e00000, 0x0000000080d00000| Untracked 
|  14|0x0000000080e00000, 0x0000000080f00000, 0x0000000080f00000|100%| O|  |TAMS 0x0000000080f00000, 0x0000000080e00000| Untracked 
|  15|0x0000000080f00000, 0x0000000081000000, 0x0000000081000000|100%| O|  |TAMS 0x0000000081000000, 0x0000000080f00000| Untracked 
|  16|0x0000000081000000, 0x0000000081100000, 0x0000000081100000|100%| O|  |TAMS 0x0000000081100000, 0x0000000081000000| Untracked 
|  17|0x0000000081100000, 0x0000000081200000, 0x0000000081200000|100%| O|  |TAMS 0x0000000081200000, 0x0000000081100000| Untracked 
|  18|0x0000000081200000, 0x0000000081300000, 0x0000000081300000|100%| O|  |TAMS 0x0000000081300000, 0x0000000081200000| Untracked 
|  19|0x0000000081300000, 0x0000000081400000, 0x0000000081400000|100%| O|  |TAMS 0x0000000081400000, 0x0000000081300000| Untracked 
|  20|0x0000000081400000, 0x0000000081500000, 0x0000000081500000|100%| O|  |TAMS 0x0000000081500000, 0x0000000081400000| Untracked 
|  21|0x0000000081500000, 0x0000000081600000, 0x0000000081600000|100%| O|  |TAMS 0x0000000081600000, 0x0000000081500000| Untracked 
|  22|0x0000000081600000, 0x0000000081700000, 0x0000000081700000|100%| O|  |TAMS 0x0000000081700000, 0x0000000081600000| Untracked 
|  23|0x0000000081700000, 0x0000000081800000, 0x0000000081800000|100%| O|  |TAMS 0x0000000081800000, 0x0000000081700000| Untracked 
|  24|0x0000000081800000, 0x0000000081900000, 0x0000000081900000|100%| O|  |TAMS 0x0000000081900000, 0x0000000081800000| Untracked 
|  25|0x0000000081900000, 0x0000000081a00000, 0x0000000081a00000|100%| O|  |TAMS 0x0000000081a00000, 0x0000000081900000| Untracked 
|  26|0x0000000081a00000, 0x0000000081b00000, 0x0000000081b00000|100%| O|  |TAMS 0x0000000081b00000, 0x0000000081a00000| Untracked 
|  27|0x0000000081b00000, 0x0000000081c00000, 0x0000000081c00000|100%| O|  |TAMS 0x0000000081c00000, 0x0000000081b00000| Untracked 
|  28|0x0000000081c00000, 0x0000000081d00000, 0x0000000081d00000|100%| O|  |TAMS 0x0000000081d00000, 0x0000000081c00000| Untracked 
|  29|0x0000000081d00000, 0x0000000081e00000, 0x0000000081e00000|100%|HS|  |TAMS 0x0000000081e00000, 0x0000000081d00000| Complete 
|  30|0x0000000081e00000, 0x0000000081f00000, 0x0000000081f00000|100%|HC|  |TAMS 0x0000000081f00000, 0x0000000081e00000| Complete 
|  31|0x0000000081f00000, 0x0000000082000000, 0x0000000082000000|100%|HS|  |TAMS 0x0000000082000000, 0x0000000081f00000| Complete 
|  32|0x0000000082000000, 0x0000000082100000, 0x0000000082100000|100%|HC|  |TAMS 0x0000000082100000, 0x0000000082000000| Complete 
|  33|0x0000000082100000, 0x0000000082200000, 0x0000000082200000|100%|HC|  |TAMS 0x0000000082200000, 0x0000000082100000| Complete 
|  34|0x0000000082200000, 0x0000000082300000, 0x0000000082300000|100%|HC|  |TAMS 0x0000000082300000, 0x0000000082200000| Complete 
|  35|0x0000000082300000, 0x0000000082400000, 0x0000000082400000|100%| O|  |TAMS 0x0000000082400000, 0x0000000082300000| Untracked 
|  36|0x0000000082400000, 0x0000000082500000, 0x0000000082500000|100%| O|  |TAMS 0x0000000082500000, 0x0000000082400000| Untracked 
|  37|0x0000000082500000, 0x0000000082600000, 0x0000000082600000|100%| O|  |TAMS 0x0000000082600000, 0x0000000082500000| Untracked 
|  38|0x0000000082600000, 0x0000000082700000, 0x0000000082700000|100%| O|  |TAMS 0x0000000082700000, 0x0000000082600000| Untracked 
|  39|0x0000000082700000, 0x0000000082800000, 0x0000000082800000|100%| O|  |TAMS 0x0000000082800000, 0x0000000082700000| Untracked 
|  40|0x0000000082800000, 0x0000000082900000, 0x0000000082900000|100%| O|  |TAMS 0x0000000082900000, 0x0000000082800000| Untracked 
|  41|0x0000000082900000, 0x0000000082a00000, 0x0000000082a00000|100%| O|  |TAMS 0x0000000082a00000, 0x0000000082900000| Untracked 
|  42|0x0000000082a00000, 0x0000000082b00000, 0x0000000082b00000|100%| O|  |TAMS 0x0000000082b00000, 0x0000000082a00000| Untracked 
|  43|0x0000000082b00000, 0x0000000082c00000, 0x0000000082c00000|100%| O|  |TAMS 0x0000000082c00000, 0x0000000082b00000| Untracked 
|  44|0x0000000082c00000, 0x0000000082d00000, 0x0000000082d00000|100%| O|  |TAMS 0x0000000082d00000, 0x0000000082c00000| Untracked 
|  45|0x0000000082d00000, 0x0000000082e00000, 0x0000000082e00000|100%| O|  |TAMS 0x0000000082e00000, 0x0000000082d00000| Untracked 
|  46|0x0000000082e00000, 0x0000000082f00000, 0x0000000082f00000|100%| O|  |TAMS 0x0000000082f00000, 0x0000000082e00000| Untracked 
|  47|0x0000000082f00000, 0x0000000083000000, 0x0000000083000000|100%| O|  |TAMS 0x0000000083000000, 0x0000000082f00000| Untracked 
|  48|0x0000000083000000, 0x0000000083100000, 0x0000000083100000|100%|HS|  |TAMS 0x0000000083100000, 0x0000000083000000| Complete 
|  49|0x0000000083100000, 0x0000000083200000, 0x0000000083200000|100%|HS|  |TAMS 0x0000000083200000, 0x0000000083100000| Complete 
|  50|0x0000000083200000, 0x0000000083300000, 0x0000000083300000|100%| O|  |TAMS 0x0000000083300000, 0x0000000083200000| Untracked 
|  51|0x0000000083300000, 0x0000000083400000, 0x0000000083400000|100%| O|  |TAMS 0x0000000083400000, 0x0000000083300000| Untracked 
|  52|0x0000000083400000, 0x0000000083500000, 0x0000000083500000|100%| O|  |TAMS 0x0000000083500000, 0x0000000083400000| Untracked 
|  53|0x0000000083500000, 0x0000000083600000, 0x0000000083600000|100%| O|  |TAMS 0x0000000083600000, 0x0000000083500000| Untracked 
|  54|0x0000000083600000, 0x0000000083700000, 0x0000000083700000|100%| O|  |TAMS 0x0000000083700000, 0x0000000083600000| Untracked 
|  55|0x0000000083700000, 0x0000000083800000, 0x0000000083800000|100%| O|  |TAMS 0x0000000083800000, 0x0000000083700000| Untracked 
|  56|0x0000000083800000, 0x0000000083900000, 0x0000000083900000|100%| O|  |TAMS 0x0000000083900000, 0x0000000083800000| Untracked 
|  57|0x0000000083900000, 0x0000000083a00000, 0x0000000083a00000|100%| O|  |TAMS 0x0000000083a00000, 0x0000000083900000| Untracked 
|  58|0x0000000083a00000, 0x0000000083b00000, 0x0000000083b00000|100%| O|  |TAMS 0x0000000083b00000, 0x0000000083a00000| Untracked 
|  59|0x0000000083b00000, 0x0000000083c00000, 0x0000000083c00000|100%| O|  |TAMS 0x0000000083c00000, 0x0000000083b00000| Untracked 
|  60|0x0000000083c00000, 0x0000000083d00000, 0x0000000083d00000|100%| O|  |TAMS 0x0000000083d00000, 0x0000000083c00000| Untracked 
|  61|0x0000000083d00000, 0x0000000083e00000, 0x0000000083e00000|100%| O|  |TAMS 0x0000000083e00000, 0x0000000083d00000| Untracked 
|  62|0x0000000083e00000, 0x0000000083f00000, 0x0000000083f00000|100%| O|  |TAMS 0x0000000083f00000, 0x0000000083e00000| Untracked 
|  63|0x0000000083f00000, 0x0000000084000000, 0x0000000084000000|100%| O|  |TAMS 0x0000000084000000, 0x0000000083f00000| Untracked 
|  64|0x0000000084000000, 0x0000000084100000, 0x0000000084100000|100%| O|  |TAMS 0x0000000084100000, 0x0000000084000000| Untracked 
|  65|0x0000000084100000, 0x0000000084200000, 0x0000000084200000|100%| O|  |TAMS 0x0000000084200000, 0x0000000084100000| Untracked 
|  66|0x0000000084200000, 0x0000000084300000, 0x0000000084300000|100%| O|  |TAMS 0x0000000084300000, 0x0000000084200000| Untracked 
|  67|0x0000000084300000, 0x0000000084400000, 0x0000000084400000|100%| O|  |TAMS 0x0000000084400000, 0x0000000084300000| Untracked 
|  68|0x0000000084400000, 0x0000000084500000, 0x0000000084500000|100%| O|  |TAMS 0x0000000084500000, 0x0000000084400000| Untracked 
|  69|0x0000000084500000, 0x0000000084600000, 0x0000000084600000|100%| O|  |TAMS 0x0000000084600000, 0x0000000084500000| Untracked 
|  70|0x0000000084600000, 0x0000000084700000, 0x0000000084700000|100%| O|  |TAMS 0x0000000084700000, 0x0000000084600000| Untracked 
|  71|0x0000000084700000, 0x0000000084800000, 0x0000000084800000|100%| O|  |TAMS 0x0000000084800000, 0x0000000084700000| Untracked 
|  72|0x0000000084800000, 0x0000000084900000, 0x0000000084900000|100%| O|  |TAMS 0x0000000084900000, 0x0000000084800000| Untracked 
|  73|0x0000000084900000, 0x0000000084a00000, 0x0000000084a00000|100%| O|  |TAMS 0x0000000084a00000, 0x0000000084900000| Untracked 
|  74|0x0000000084a00000, 0x0000000084b00000, 0x0000000084b00000|100%| O|  |TAMS 0x0000000084b00000, 0x0000000084a00000| Untracked 
|  75|0x0000000084b00000, 0x0000000084b9ac00, 0x0000000084c00000| 60%| O|  |TAMS 0x0000000084b9ac00, 0x0000000084b00000| Untracked 
|  76|0x0000000084c00000, 0x0000000084c00000, 0x0000000084d00000|  0%| F|  |TAMS 0x0000000084c00000, 0x0000000084c00000| Untracked 
|  77|0x0000000084d00000, 0x0000000084d00000, 0x0000000084e00000|  0%| F|  |TAMS 0x0000000084d00000, 0x0000000084d00000| Untracked 
|  78|0x0000000084e00000, 0x0000000084e00000, 0x0000000084f00000|  0%| F|  |TAMS 0x0000000084e00000, 0x0000000084e00000| Untracked 
|  79|0x0000000084f00000, 0x0000000084f00000, 0x0000000085000000|  0%| F|  |TAMS 0x0000000084f00000, 0x0000000084f00000| Untracked 
|  80|0x0000000085000000, 0x0000000085000000, 0x0000000085100000|  0%| F|  |TAMS 0x0000000085000000, 0x0000000085000000| Untracked 
|  81|0x0000000085100000, 0x0000000085100000, 0x0000000085200000|  0%| F|  |TAMS 0x0000000085100000, 0x0000000085100000| Untracked 
|  82|0x0000000085200000, 0x0000000085200000, 0x0000000085300000|  0%| F|  |TAMS 0x0000000085200000, 0x0000000085200000| Untracked 
|  83|0x0000000085300000, 0x0000000085300000, 0x0000000085400000|  0%| F|  |TAMS 0x0000000085300000, 0x0000000085300000| Untracked 
|  84|0x0000000085400000, 0x0000000085400000, 0x0000000085500000|  0%| F|  |TAMS 0x0000000085400000, 0x0000000085400000| Untracked 
|  85|0x0000000085500000, 0x0000000085500000, 0x0000000085600000|  0%| F|  |TAMS 0x0000000085500000, 0x0000000085500000| Untracked 
|  86|0x0000000085600000, 0x0000000085600000, 0x0000000085700000|  0%| F|  |TAMS 0x0000000085600000, 0x0000000085600000| Untracked 
|  87|0x0000000085700000, 0x0000000085700000, 0x0000000085800000|  0%| F|  |TAMS 0x0000000085700000, 0x0000000085700000| Untracked 
|  88|0x0000000085800000, 0x0000000085800000, 0x0000000085900000|  0%| F|  |TAMS 0x0000000085800000, 0x0000000085800000| Untracked 
|  89|0x0000000085900000, 0x0000000085900000, 0x0000000085a00000|  0%| F|  |TAMS 0x0000000085900000, 0x0000000085900000| Untracked 
|  90|0x0000000085a00000, 0x0000000085a00000, 0x0000000085b00000|  0%| F|  |TAMS 0x0000000085a00000, 0x0000000085a00000| Untracked 
|  91|0x0000000085b00000, 0x0000000085b00000, 0x0000000085c00000|  0%| F|  |TAMS 0x0000000085b00000, 0x0000000085b00000| Untracked 
|  92|0x0000000085c00000, 0x0000000085c00000, 0x0000000085d00000|  0%| F|  |TAMS 0x0000000085c00000, 0x0000000085c00000| Untracked 
|  93|0x0000000085d00000, 0x0000000085d00000, 0x0000000085e00000|  0%| F|  |TAMS 0x0000000085d00000, 0x0000000085d00000| Untracked 
|  94|0x0000000085e00000, 0x0000000085e00000, 0x0000000085f00000|  0%| F|  |TAMS 0x0000000085e00000, 0x0000000085e00000| Untracked 
|  95|0x0000000085f00000, 0x0000000085f00000, 0x0000000086000000|  0%| F|  |TAMS 0x0000000085f00000, 0x0000000085f00000| Untracked 
|  96|0x0000000086000000, 0x00000000860fa7b8, 0x0000000086100000| 97%| S|CS|TAMS 0x0000000086000000, 0x0000000086000000| Complete 
|  97|0x0000000086100000, 0x0000000086200000, 0x0000000086200000|100%| S|CS|TAMS 0x0000000086100000, 0x0000000086100000| Complete 
|  98|0x0000000086200000, 0x0000000086200000, 0x0000000086300000|  0%| F|  |TAMS 0x0000000086200000, 0x0000000086200000| Untracked 
|  99|0x0000000086300000, 0x0000000086400000, 0x0000000086400000|100%| S|CS|TAMS 0x0000000086300000, 0x0000000086300000| Complete 
| 100|0x0000000086400000, 0x0000000086400000, 0x0000000086500000|  0%| F|  |TAMS 0x0000000086400000, 0x0000000086400000| Untracked 
| 101|0x0000000086500000, 0x0000000086500000, 0x0000000086600000|  0%| F|  |TAMS 0x0000000086500000, 0x0000000086500000| Untracked 
| 102|0x0000000086600000, 0x0000000086600000, 0x0000000086700000|  0%| F|  |TAMS 0x0000000086600000, 0x0000000086600000| Untracked 
| 103|0x0000000086700000, 0x0000000086700000, 0x0000000086800000|  0%| F|  |TAMS 0x0000000086700000, 0x0000000086700000| Untracked 
| 104|0x0000000086800000, 0x000000008688c3b8, 0x0000000086900000| 54%| E|  |TAMS 0x0000000086800000, 0x0000000086800000| Complete 
| 105|0x0000000086900000, 0x0000000086a00000, 0x0000000086a00000|100%| E|CS|TAMS 0x0000000086900000, 0x0000000086900000| Complete 
| 106|0x0000000086a00000, 0x0000000086b00000, 0x0000000086b00000|100%| E|CS|TAMS 0x0000000086a00000, 0x0000000086a00000| Complete 
| 107|0x0000000086b00000, 0x0000000086c00000, 0x0000000086c00000|100%| E|CS|TAMS 0x0000000086b00000, 0x0000000086b00000| Complete 
| 108|0x0000000086c00000, 0x0000000086d00000, 0x0000000086d00000|100%| E|CS|TAMS 0x0000000086c00000, 0x0000000086c00000| Complete 
| 109|0x0000000086d00000, 0x0000000086e00000, 0x0000000086e00000|100%| E|CS|TAMS 0x0000000086d00000, 0x0000000086d00000| Complete 
| 110|0x0000000086e00000, 0x0000000086f00000, 0x0000000086f00000|100%| E|CS|TAMS 0x0000000086e00000, 0x0000000086e00000| Complete 
| 111|0x0000000086f00000, 0x0000000087000000, 0x0000000087000000|100%| E|CS|TAMS 0x0000000086f00000, 0x0000000086f00000| Complete 
| 112|0x0000000087000000, 0x0000000087100000, 0x0000000087100000|100%| E|CS|TAMS 0x0000000087000000, 0x0000000087000000| Complete 
| 113|0x0000000087100000, 0x0000000087200000, 0x0000000087200000|100%| E|CS|TAMS 0x0000000087100000, 0x0000000087100000| Complete 
| 114|0x0000000087200000, 0x0000000087300000, 0x0000000087300000|100%| E|CS|TAMS 0x0000000087200000, 0x0000000087200000| Complete 
| 115|0x0000000087300000, 0x0000000087400000, 0x0000000087400000|100%| E|CS|TAMS 0x0000000087300000, 0x0000000087300000| Complete 
| 116|0x0000000087400000, 0x0000000087500000, 0x0000000087500000|100%| E|CS|TAMS 0x0000000087400000, 0x0000000087400000| Complete 
| 117|0x0000000087500000, 0x0000000087600000, 0x0000000087600000|100%| E|CS|TAMS 0x0000000087500000, 0x0000000087500000| Complete 
| 118|0x0000000087600000, 0x0000000087700000, 0x0000000087700000|100%| E|CS|TAMS 0x0000000087600000, 0x0000000087600000| Complete 
| 119|0x0000000087700000, 0x0000000087800000, 0x0000000087800000|100%| E|CS|TAMS 0x0000000087700000, 0x0000000087700000| Complete 
| 120|0x0000000087800000, 0x0000000087900000, 0x0000000087900000|100%| E|CS|TAMS 0x0000000087800000, 0x0000000087800000| Complete 
| 121|0x0000000087900000, 0x0000000087a00000, 0x0000000087a00000|100%| E|CS|TAMS 0x0000000087900000, 0x0000000087900000| Complete 
| 122|0x0000000087a00000, 0x0000000087b00000, 0x0000000087b00000|100%| E|CS|TAMS 0x0000000087a00000, 0x0000000087a00000| Complete 
| 123|0x0000000087b00000, 0x0000000087c00000, 0x0000000087c00000|100%| E|CS|TAMS 0x0000000087b00000, 0x0000000087b00000| Complete 

Card table byte_map: [0x0000028bc3350000,0x0000028bc3750000] _byte_map_base: 0x0000028bc2f50000

Marking Bits (Prev, Next): (CMBitMap*) 0x0000028bab540fc8, (CMBitMap*) 0x0000028bab541000
 Prev Bits: [0x0000028bc3b50000, 0x0000028bc5b50000)
 Next Bits: [0x0000028bc5b50000, 0x0000028bc7b50000)

Polling page: 0x0000028baacd0000

Metaspace:

Usage:
  Non-class:     80.69 MB capacity,    79.15 MB ( 98%) used,     1.26 MB (  2%) free+waste,   287.25 KB ( <1%) overhead. 
      Class:     12.94 MB capacity,    11.87 MB ( 92%) used,   958.34 KB (  7%) free+waste,   134.75 KB (  1%) overhead. 
       Both:     93.63 MB capacity,    91.03 MB ( 97%) used,     2.19 MB (  2%) free+waste,   422.00 KB ( <1%) overhead. 

Virtual space:
  Non-class space:       82.00 MB reserved,      80.76 MB ( 98%) committed 
      Class space:      504.00 MB reserved,      13.00 MB (  3%) committed 
             Both:      586.00 MB reserved,      93.76 MB ( 16%) committed 

Chunk freelists:
   Non-Class:  3.00 KB
       Class:  0 bytes
        Both:  3.00 KB

MaxMetaspaceSize: 512.00 MB
CompressedClassSpaceSize: 504.00 MB
Initial GC threshold: 20.80 MB
Current GC threshold: 156.27 MB
CDS: off

CodeHeap 'non-profiled nmethods': size=120000Kb used=6847Kb max_used=6847Kb free=113152Kb
 bounds [0x0000028bbb6f0000, 0x0000028bbbda0000, 0x0000028bc2c20000]
CodeHeap 'profiled nmethods': size=120000Kb used=23252Kb max_used=23252Kb free=96747Kb
 bounds [0x0000028bb41c0000, 0x0000028bb5880000, 0x0000028bbb6f0000]
CodeHeap 'non-nmethods': size=5760Kb used=2404Kb max_used=2447Kb free=3355Kb
 bounds [0x0000028bb3c20000, 0x0000028bb3e90000, 0x0000028bb41c0000]
 total_blobs=11349 nmethods=10427 adapters=833
 compilation: enabled
              stopped_count=0, restarted_count=0
 full_count=0

Compilation events (20 events):
Event: 496.843 Thread 0x0000028bcaf5e800 nmethod 10500 0x0000028bb5871c90 code [0x0000028bb5871e80, 0x0000028bb58722d8]
Event: 496.888 Thread 0x0000028bca5a8800 10501       4       java.net.DualStackPlainDatagramSocketImpl::checkAndReturnNativeFD (40 bytes)
Event: 496.896 Thread 0x0000028bca5a8800 nmethod 10501 0x0000028bbbd9d590 code [0x0000028bbbd9d720, 0x0000028bbbd9d7f8]
Event: 496.901 Thread 0x0000028bca5a8800 10502  s    4       java.net.DatagramPacket::setData (53 bytes)
Event: 496.905 Thread 0x0000028bca5a8800 nmethod 10502 0x0000028bbbd9d910 code [0x0000028bbbd9daa0, 0x0000028bbbd9de18]
Event: 497.428 Thread 0x0000028bcaf5e800 10503       3       sun.nio.ch.FileChannelImpl::<init> (144 bytes)
Event: 497.447 Thread 0x0000028bcaf5e800 nmethod 10503 0x0000028bb5872490 code [0x0000028bb5872740, 0x0000028bb5873818]
Event: 500.078 Thread 0x0000028bcaf5e800 10504       3       sun.security.jca.Providers::getProviderList (14 bytes)
Event: 500.086 Thread 0x0000028bcaf5e800 nmethod 10504 0x0000028bb5873d90 code [0x0000028bb5873f60, 0x0000028bb5874328]
Event: 500.088 Thread 0x0000028bcaf5e800 10505       3       sun.security.jca.Providers::getThreadProviderList (18 bytes)
Event: 500.090 Thread 0x0000028bcaf5e800 nmethod 10505 0x0000028bb5874410 code [0x0000028bb58745e0, 0x0000028bb58748a8]
Event: 500.284 Thread 0x0000028bcaf5e800 10506   !   3       java.nio.channels.spi.AbstractInterruptibleChannel::close (37 bytes)
Event: 500.285 Thread 0x0000028bcaf5e800 nmethod 10506 0x0000028bb5874990 code [0x0000028bb5874b60, 0x0000028bb5874f68]
Event: 500.954 Thread 0x0000028bca5a8800 10507       4       java.util.ArrayList::<init> (63 bytes)
Event: 500.998 Thread 0x0000028bca5a8800 nmethod 10507 0x0000028bbbd9df90 code [0x0000028bbbd9e140, 0x0000028bbbd9e558]
Event: 501.897 Thread 0x0000028bcaf5e800 10508       1       org.gradle.process.internal.health.memory.OsMemoryStatusSnapshot::getTotalPhysicalMemory (5 bytes)
Event: 501.899 Thread 0x0000028bcaf5e800 nmethod 10508 0x0000028bbbd9e690 code [0x0000028bbbd9e840, 0x0000028bbbd9e8f8]
Event: 507.702 Thread 0x0000028bca5a8800 10510   !   4       java.io.RandomAccessFile::getChannel (87 bytes)
Event: 507.778 Thread 0x0000028bca5a8800 nmethod 10510 0x0000028bbbd9e990 code [0x0000028bbbd9eb60, 0x0000028bbbd9fb58]
Event: 507.781 Thread 0x0000028bca5a8800 10511   !   4       sun.nio.ch.FileChannelImpl::tryLock (238 bytes)

GC Heap History (20 events):
Event: 383.056 GC heap before
{Heap before GC invocations=25 (full 0):
 garbage-first heap   total 126976K, used 77681K [0x0000000080000000, 0x0000000100000000)
  region size 1024K, 8 young (8192K), 2 survivors (2048K)
 Metaspace       used 80691K, capacity 83052K, committed 83336K, reserved 589824K
  class space    used 10290K, capacity 11277K, committed 11392K, reserved 516096K
}
Event: 383.063 GC heap after
{Heap after GC invocations=26 (full 0):
 garbage-first heap   total 126976K, used 73918K [0x0000000080000000, 0x0000000100000000)
  region size 1024K, 4 young (4096K), 4 survivors (4096K)
 Metaspace       used 80691K, capacity 83052K, committed 83336K, reserved 589824K
  class space    used 10290K, capacity 11277K, committed 11392K, reserved 516096K
}
Event: 384.449 GC heap before
{Heap before GC invocations=27 (full 0):
 garbage-first heap   total 126976K, used 94398K [0x0000000080000000, 0x0000000100000000)
  region size 1024K, 22 young (22528K), 4 survivors (4096K)
 Metaspace       used 82274K, capacity 84741K, committed 85000K, reserved 589824K
  class space    used 10498K, capacity 11473K, committed 11520K, reserved 516096K
}
Event: 384.459 GC heap after
{Heap after GC invocations=28 (full 0):
 garbage-first heap   total 126976K, used 71480K [0x0000000080000000, 0x0000000100000000)
  region size 1024K, 2 young (2048K), 2 survivors (2048K)
 Metaspace       used 82274K, capacity 84741K, committed 85000K, reserved 589824K
  class space    used 10498K, capacity 11473K, committed 11520K, reserved 516096K
}
Event: 385.938 GC heap before
{Heap before GC invocations=28 (full 0):
 garbage-first heap   total 126976K, used 91960K [0x0000000080000000, 0x0000000100000000)
  region size 1024K, 22 young (22528K), 2 survivors (2048K)
 Metaspace       used 83988K, capacity 86377K, committed 86536K, reserved 591872K
  class space    used 10711K, capacity 11674K, committed 11776K, reserved 516096K
}
Event: 385.957 GC heap after
{Heap after GC invocations=29 (full 0):
 garbage-first heap   total 126976K, used 72121K [0x0000000080000000, 0x0000000100000000)
  region size 1024K, 2 young (2048K), 2 survivors (2048K)
 Metaspace       used 83988K, capacity 86377K, committed 86536K, reserved 591872K
  class space    used 10711K, capacity 11674K, committed 11776K, reserved 516096K
}
Event: 386.355 GC heap before
{Heap before GC invocations=30 (full 0):
 garbage-first heap   total 126976K, used 78265K [0x0000000080000000, 0x0000000100000000)
  region size 1024K, 10 young (10240K), 2 survivors (2048K)
 Metaspace       used 84738K, capacity 87215K, committed 87432K, reserved 591872K
  class space    used 10819K, capacity 11803K, committed 11904K, reserved 516096K
}
Event: 386.368 GC heap after
{Heap after GC invocations=31 (full 0):
 garbage-first heap   total 126976K, used 71913K [0x0000000080000000, 0x0000000100000000)
  region size 1024K, 2 young (2048K), 2 survivors (2048K)
 Metaspace       used 84738K, capacity 87215K, committed 87432K, reserved 591872K
  class space    used 10819K, capacity 11803K, committed 11904K, reserved 516096K
}
Event: 387.459 GC heap before
{Heap before GC invocations=32 (full 0):
 garbage-first heap   total 126976K, used 92393K [0x0000000080000000, 0x0000000100000000)
  region size 1024K, 21 young (21504K), 2 survivors (2048K)
 Metaspace       used 85947K, capacity 88449K, committed 88584K, reserved 593920K
  class space    used 11012K, capacity 12019K, committed 12032K, reserved 516096K
}
Event: 387.470 GC heap after
{Heap after GC invocations=33 (full 0):
 garbage-first heap   total 126976K, used 73393K [0x0000000080000000, 0x0000000100000000)
  region size 1024K, 3 young (3072K), 3 survivors (3072K)
 Metaspace       used 85947K, capacity 88449K, committed 88584K, reserved 593920K
  class space    used 11012K, capacity 12019K, committed 12032K, reserved 516096K
}
Event: 388.100 GC heap before
{Heap before GC invocations=33 (full 0):
 garbage-first heap   total 126976K, used 93873K [0x0000000080000000, 0x0000000100000000)
  region size 1024K, 23 young (23552K), 3 survivors (3072K)
 Metaspace       used 85993K, capacity 88545K, committed 88712K, reserved 593920K
  class space    used 11017K, capacity 12051K, committed 12160K, reserved 516096K
}
Event: 388.126 GC heap after
{Heap after GC invocations=34 (full 0):
 garbage-first heap   total 126976K, used 74719K [0x0000000080000000, 0x0000000100000000)
  region size 1024K, 2 young (2048K), 2 survivors (2048K)
 Metaspace       used 85993K, capacity 88545K, committed 88712K, reserved 593920K
  class space    used 11017K, capacity 12051K, committed 12160K, reserved 516096K
}
Event: 428.850 GC heap before
{Heap before GC invocations=35 (full 0):
 garbage-first heap   total 126976K, used 96223K [0x0000000080000000, 0x0000000100000000)
  region size 1024K, 23 young (23552K), 2 survivors (2048K)
 Metaspace       used 86271K, capacity 88798K, committed 88968K, reserved 593920K
  class space    used 11051K, capacity 12092K, committed 12160K, reserved 516096K
}
Event: 428.948 GC heap after
{Heap after GC invocations=36 (full 0):
 garbage-first heap   total 126976K, used 76464K [0x0000000080000000, 0x0000000100000000)
  region size 1024K, 3 young (3072K), 3 survivors (3072K)
 Metaspace       used 86271K, capacity 88798K, committed 88968K, reserved 593920K
  class space    used 11051K, capacity 12092K, committed 12160K, reserved 516096K
}
Event: 445.617 GC heap before
{Heap before GC invocations=36 (full 0):
 garbage-first heap   total 126976K, used 97968K [0x0000000080000000, 0x0000000100000000)
  region size 1024K, 24 young (24576K), 3 survivors (3072K)
 Metaspace       used 88460K, capacity 90943K, committed 91016K, reserved 595968K
  class space    used 11339K, capacity 12380K, committed 12416K, reserved 516096K
}
Event: 445.700 GC heap after
{Heap after GC invocations=37 (full 0):
 garbage-first heap   total 126976K, used 77604K [0x0000000080000000, 0x0000000100000000)
  region size 1024K, 2 young (2048K), 2 survivors (2048K)
 Metaspace       used 88460K, capacity 90943K, committed 91016K, reserved 595968K
  class space    used 11339K, capacity 12380K, committed 12416K, reserved 516096K
}
Event: 449.753 GC heap before
{Heap before GC invocations=38 (full 0):
 garbage-first heap   total 126976K, used 99108K [0x0000000080000000, 0x0000000100000000)
  region size 1024K, 23 young (23552K), 2 survivors (2048K)
 Metaspace       used 91373K, capacity 93934K, committed 94216K, reserved 598016K
  class space    used 11901K, capacity 12948K, committed 13056K, reserved 516096K
}
Event: 449.762 GC heap after
{Heap after GC invocations=39 (full 0):
 garbage-first heap   total 126976K, used 78666K [0x0000000080000000, 0x0000000100000000)
  region size 1024K, 3 young (3072K), 3 survivors (3072K)
 Metaspace       used 91373K, capacity 93934K, committed 94216K, reserved 598016K
  class space    used 11901K, capacity 12948K, committed 13056K, reserved 516096K
}
Event: 453.437 GC heap before
{Heap before GC invocations=39 (full 0):
 garbage-first heap   total 126976K, used 101194K [0x0000000080000000, 0x0000000100000000)
  region size 1024K, 25 young (25600K), 3 survivors (3072K)
 Metaspace       used 93119K, capacity 95835K, committed 96008K, reserved 600064K
  class space    used 12152K, capacity 13216K, committed 13312K, reserved 516096K
}
Event: 453.476 GC heap after
{Heap after GC invocations=40 (full 0):
 garbage-first heap   total 126976K, used 80468K [0x0000000080000000, 0x0000000100000000)
  region size 1024K, 3 young (3072K), 3 survivors (3072K)
 Metaspace       used 93119K, capacity 95835K, committed 96008K, reserved 600064K
  class space    used 12152K, capacity 13216K, committed 13312K, reserved 516096K
}

Deoptimization events (20 events):
Event: 449.386 Thread 0x0000028bcd34a800 DEOPT PACKING pc=0x0000028bb56e6ab5 sp=0x000000d159af8600
Event: 449.388 Thread 0x0000028bcd34a800 DEOPT UNPACKING pc=0x0000028bb3c69d0e sp=0x000000d159af7b70 mode 0
Event: 450.929 Thread 0x0000028bcd34a800 Uncommon trap: trap_request=0xffffffde fr.pc=0x0000028bbb9baac0 relative=0x0000000000000420
Event: 450.929 Thread 0x0000028bcd34a800 Uncommon trap: reason=class_check action=maybe_recompile pc=0x0000028bbb9baac0 method=org.gradle.internal.instantiation.generator.AbstractClassGenerator$InjectionAnnotationValidator.validateMethod(Ljava/lang/reflect/Method;Lorg/gradle/internal/reflect/Pro
Event: 450.932 Thread 0x0000028bcd34a800 DEOPT PACKING pc=0x0000028bbb9baac0 sp=0x000000d159af8590
Event: 450.933 Thread 0x0000028bcd34a800 DEOPT UNPACKING pc=0x0000028bb3c285af sp=0x000000d159af8528 mode 2
Event: 450.967 Thread 0x0000028bcd34a800 Uncommon trap: trap_request=0xffffffde fr.pc=0x0000028bbb9baac0 relative=0x0000000000000420
Event: 450.967 Thread 0x0000028bcd34a800 Uncommon trap: reason=class_check action=maybe_recompile pc=0x0000028bbb9baac0 method=org.gradle.internal.instantiation.generator.AbstractClassGenerator$InjectionAnnotationValidator.validateMethod(Ljava/lang/reflect/Method;Lorg/gradle/internal/reflect/Pro
Event: 450.967 Thread 0x0000028bcd34a800 DEOPT PACKING pc=0x0000028bbb9baac0 sp=0x000000d159af8500
Event: 450.968 Thread 0x0000028bcd34a800 DEOPT UNPACKING pc=0x0000028bb3c285af sp=0x000000d159af8498 mode 2
Event: 451.777 Thread 0x0000028bcd34a800 DEOPT PACKING pc=0x0000028bb5660e6c sp=0x000000d159af86e0
Event: 451.777 Thread 0x0000028bcd34a800 DEOPT UNPACKING pc=0x0000028bb3c69d0e sp=0x000000d159af7c80 mode 0
Event: 452.242 Thread 0x0000028bcd34a800 DEOPT PACKING pc=0x0000028bb46d7716 sp=0x000000d159af9660
Event: 452.242 Thread 0x0000028bcd34a800 DEOPT UNPACKING pc=0x0000028bb3c69d0e sp=0x000000d159af8b78 mode 0
Event: 452.527 Thread 0x0000028bcd34a800 DEOPT PACKING pc=0x0000028bb56e6ab5 sp=0x000000d159af8610
Event: 452.528 Thread 0x0000028bcd34a800 DEOPT UNPACKING pc=0x0000028bb3c69d0e sp=0x000000d159af7b68 mode 0
Event: 453.219 Thread 0x0000028bcd34a800 DEOPT PACKING pc=0x0000028bb56606fc sp=0x000000d159af95c0
Event: 453.219 Thread 0x0000028bcd34a800 DEOPT UNPACKING pc=0x0000028bb3c69d0e sp=0x000000d159af8b60 mode 0
Event: 454.088 Thread 0x0000028bcd34a800 DEOPT PACKING pc=0x0000028bb4b5ec71 sp=0x000000d159af8440
Event: 454.089 Thread 0x0000028bcd34a800 DEOPT UNPACKING pc=0x0000028bb3c69d0e sp=0x000000d159af7938 mode 0

Classes redefined (0 events):
No events

Internal exceptions (20 events):
Event: 429.671 Thread 0x0000028bcd34a800 Exception <a 'java/lang/ClassNotFoundException'{0x0000000087a71680}: com/google/common/collect/SingletonImmutableSetCustomizer> (0x0000000087a71680) thrown at [./src/hotspot/share/classfile/systemDictionary.cpp, line 231]
Event: 452.064 Thread 0x0000028bcd34a800 Exception <a 'java/lang/ClassNotFoundException'{0x0000000086ff7c80}: com/android/build/gradle/internal/api/ApkVariantOutputImpl_DecoratedBeanInfo> (0x0000000086ff7c80) thrown at [./src/hotspot/share/classfile/systemDictionary.cpp, line 231]
Event: 452.067 Thread 0x0000028bcd34a800 Exception <a 'java/lang/ClassNotFoundException'{0x0000000086e12ee0}: com/android/build/gradle/internal/api/ApkVariantOutputImplBeanInfo> (0x0000000086e12ee0) thrown at [./src/hotspot/share/classfile/systemDictionary.cpp, line 231]
Event: 452.069 Thread 0x0000028bcd34a800 Exception <a 'java/lang/ClassNotFoundException'{0x0000000086e2e700}: com/android/build/gradle/internal/api/BaseVariantOutputImplBeanInfo> (0x0000000086e2e700) thrown at [./src/hotspot/share/classfile/systemDictionary.cpp, line 231]
Event: 452.075 Thread 0x0000028bcd34a800 Exception <a 'java/lang/ClassNotFoundException'{0x0000000086e49fa8}: com/android/build/gradle/internal/api/BaseVariantOutputImplCustomizer> (0x0000000086e49fa8) thrown at [./src/hotspot/share/classfile/systemDictionary.cpp, line 231]
Event: 452.086 Thread 0x0000028bcd34a800 Exception <a 'java/lang/ClassNotFoundException'{0x0000000086e78148}: com/android/build/gradle/internal/api/ApkVariantOutputImplCustomizer> (0x0000000086e78148) thrown at [./src/hotspot/share/classfile/systemDictionary.cpp, line 231]
Event: 452.091 Thread 0x0000028bcd34a800 Exception <a 'java/lang/ClassNotFoundException'{0x0000000086ea1e38}: com/android/build/gradle/internal/api/ApkVariantOutputImpl_DecoratedCustomizer> (0x0000000086ea1e38) thrown at [./src/hotspot/share/classfile/systemDictionary.cpp, line 231]
Event: 452.125 Thread 0x0000028bcd34a800 Exception <a 'java/lang/NoClassDefFoundError'{0x0000000086d89f30}: org/jetbrains/kotlin/gradle/plugin/KotlinBasePluginWrapper> (0x0000000086d89f30) thrown at [./src/hotspot/share/classfile/systemDictionary.cpp, line 220]
Event: 453.261 Thread 0x0000028bcd34a800 Exception <a 'java/lang/ClassNotFoundException'{0x00000000868e5638}: build_2giqj13q9w6ebul2ixbupk8piBeanInfo> (0x00000000868e5638) thrown at [./src/hotspot/share/classfile/systemDictionary.cpp, line 231]
Event: 453.263 Thread 0x0000028bcd34a800 Exception <a 'java/lang/ClassNotFoundException'{0x00000000868f0d78}: build_2giqj13q9w6ebul2ixbupk8piCustomizer> (0x00000000868f0d78) thrown at [./src/hotspot/share/classfile/systemDictionary.cpp, line 231]
Event: 453.401 Thread 0x0000028bcd34a800 Exception <a 'java/lang/ClassNotFoundException'{0x000000008662f2a0}: org/gradle/api/internal/artifacts/repositories/DefaultMavenArtifactRepository_DecoratedBeanInfo> (0x000000008662f2a0) thrown at [./src/hotspot/share/classfile/systemDictionary.cpp, line 231]
Event: 453.415 Thread 0x0000028bcd34a800 Exception <a 'java/lang/ClassNotFoundException'{0x0000000086676f28}: org/gradle/api/internal/artifacts/repositories/DefaultMavenArtifactRepositoryBeanInfo> (0x0000000086676f28) thrown at [./src/hotspot/share/classfile/systemDictionary.cpp, line 231]
Event: 453.424 Thread 0x0000028bcd34a800 Exception <a 'java/lang/ClassNotFoundException'{0x00000000866bcec0}: org/gradle/api/internal/artifacts/repositories/AbstractAuthenticationSupportedRepositoryBeanInfo> (0x00000000866bcec0) thrown at [./src/hotspot/share/classfile/systemDictionary.cpp, line 231]
Event: 453.479 Thread 0x0000028bcd34a800 Exception <a 'java/lang/ClassNotFoundException'{0x0000000087b042f8}: org/gradle/api/internal/artifacts/repositories/AbstractResolutionAwareArtifactRepositoryBeanInfo> (0x0000000087b042f8) thrown at [./src/hotspot/share/classfile/systemDictionary.cpp, line 231]
Event: 453.482 Thread 0x0000028bcd34a800 Exception <a 'java/lang/ClassNotFoundException'{0x0000000087b44690}: org/gradle/api/internal/artifacts/repositories/AbstractArtifactRepositoryBeanInfo> (0x0000000087b44690) thrown at [./src/hotspot/share/classfile/systemDictionary.cpp, line 231]
Event: 453.484 Thread 0x0000028bcd34a800 Exception <a 'java/lang/ClassNotFoundException'{0x0000000087b871e0}: org/gradle/api/internal/artifacts/repositories/AbstractArtifactRepositoryCustomizer> (0x0000000087b871e0) thrown at [./src/hotspot/share/classfile/systemDictionary.cpp, line 231]
Event: 453.647 Thread 0x0000028bcd34a800 Exception <a 'java/lang/ClassNotFoundException'{0x0000000087bea3a0}: org/gradle/api/internal/artifacts/repositories/AbstractResolutionAwareArtifactRepositoryCustomizer> (0x0000000087bea3a0) thrown at [./src/hotspot/share/classfile/systemDictionary.cpp, line 231]
Event: 453.656 Thread 0x0000028bcd34a800 Exception <a 'java/lang/ClassNotFoundException'{0x0000000087a3a368}: org/gradle/api/internal/artifacts/repositories/AbstractAuthenticationSupportedRepositoryCustomizer> (0x0000000087a3a368) thrown at [./src/hotspot/share/classfile/systemDictionary.cpp, line 231]
Event: 453.669 Thread 0x0000028bcd34a800 Exception <a 'java/lang/ClassNotFoundException'{0x0000000087a8e4a8}: org/gradle/api/internal/artifacts/repositories/DefaultMavenArtifactRepositoryCustomizer> (0x0000000087a8e4a8) thrown at [./src/hotspot/share/classfile/systemDictionary.cpp, line 231]
Event: 453.675 Thread 0x0000028bcd34a800 Exception <a 'java/lang/ClassNotFoundException'{0x0000000087aeab90}: org/gradle/api/internal/artifacts/repositories/DefaultMavenArtifactRepository_DecoratedCustomizer> (0x0000000087aeab90) thrown at [./src/hotspot/share/classfile/systemDictionary.cpp, line 231]

Events (20 events):
Event: 453.668 loading class org/gradle/api/internal/artifacts/repositories/DefaultMavenArtifactRepositoryCustomizer
Event: 453.668 loading class org/gradle/api/internal/artifacts/repositories/DefaultMavenArtifactRepositoryCustomizer done
Event: 453.669 loading class org/gradle/api/internal/artifacts/repositories/DefaultMavenArtifactRepositoryCustomizer
Event: 453.669 loading class org/gradle/api/internal/artifacts/repositories/DefaultMavenArtifactRepositoryCustomizer done
Event: 453.671 loading class org/gradle/api/internal/artifacts/repositories/DefaultMavenArtifactRepository_DecoratedCustomizer
Event: 453.671 loading class org/gradle/api/internal/artifacts/repositories/DefaultMavenArtifactRepository_DecoratedCustomizer done
Event: 453.674 loading class org/gradle/api/internal/artifacts/repositories/DefaultMavenArtifactRepository_DecoratedCustomizer
Event: 453.674 loading class org/gradle/api/internal/artifacts/repositories/DefaultMavenArtifactRepository_DecoratedCustomizer done
Event: 453.674 loading class org/gradle/api/internal/artifacts/repositories/DefaultMavenArtifactRepository_DecoratedCustomizer
Event: 453.674 loading class org/gradle/api/internal/artifacts/repositories/DefaultMavenArtifactRepository_DecoratedCustomizer done
Event: 453.675 loading class org/gradle/api/internal/artifacts/repositories/DefaultMavenArtifactRepository_DecoratedCustomizer
Event: 453.675 loading class org/gradle/api/internal/artifacts/repositories/DefaultMavenArtifactRepository_DecoratedCustomizer done
Event: 453.680 loading class groovy/runtime/metaclass/build_2giqj13q9w6ebul2ixbupk8pi$_run_closure1$_closure3MetaClass
Event: 453.680 loading class groovy/runtime/metaclass/build_2giqj13q9w6ebul2ixbupk8pi$_run_closure1$_closure3MetaClass done
Event: 457.429 loading class org/gradle/internal/component/model/IvyArtifactName
Event: 457.429 loading class org/gradle/internal/component/model/IvyArtifactName done
Event: 457.429 loading class org/gradle/api/internal/artifacts/ivyservice/dependencysubstitution/DefaultDependencyArtifactSelector
Event: 457.429 loading class org/gradle/api/internal/artifacts/ivyservice/dependencysubstitution/DefaultDependencyArtifactSelector done
Event: 457.431 loading class org/gradle/internal/component/model/IvyArtifactName
Event: 457.431 loading class org/gradle/internal/component/model/IvyArtifactName done


Dynamic libraries:
0x00007ff710480000 - 0x00007ff71048d000 	C:\Users\ajaya\AppData\Local\Programs\Eclipse Adoptium\jdk-11.0.13.8-hotspot\bin\java.exe
0x00007ff937f90000 - 0x00007ff9381a4000 	C:\WINDOWS\SYSTEM32\ntdll.dll
0x00007ff937170000 - 0x00007ff937234000 	C:\WINDOWS\System32\KERNEL32.DLL
0x00007ff9354e0000 - 0x00007ff935884000 	C:\WINDOWS\System32\KERNELBASE.dll
0x00007ff935900000 - 0x00007ff935a11000 	C:\WINDOWS\System32\ucrtbase.dll
0x00007ff92bb80000 - 0x00007ff92bb97000 	C:\Users\ajaya\AppData\Local\Programs\Eclipse Adoptium\jdk-11.0.13.8-hotspot\bin\jli.dll
0x00007ff936c00000 - 0x00007ff936daa000 	C:\WINDOWS\System32\USER32.dll
0x00007ff935c00000 - 0x00007ff935c26000 	C:\WINDOWS\System32\win32u.dll
0x00007ff937140000 - 0x00007ff937169000 	C:\WINDOWS\System32\GDI32.dll
0x00007ff935c30000 - 0x00007ff935d49000 	C:\WINDOWS\System32\gdi32full.dll
0x00007ff935b60000 - 0x00007ff935bfa000 	C:\WINDOWS\System32\msvcp_win.dll
0x00007ff92afc0000 - 0x00007ff92afd5000 	C:\Users\ajaya\AppData\Local\Programs\Eclipse Adoptium\jdk-11.0.13.8-hotspot\bin\VCRUNTIME140.dll
0x00007ff9104b0000 - 0x00007ff91073f000 	C:\WINDOWS\WinSxS\amd64_microsoft.windows.common-controls_6595b64144ccf1df_6.0.22621.2070_none_2713e6537381f706\COMCTL32.dll
0x00007ff937e90000 - 0x00007ff937f37000 	C:\WINDOWS\System32\msvcrt.dll
0x00007ff937350000 - 0x00007ff937381000 	C:\WINDOWS\System32\IMM32.DLL
0x00007ff9186e0000 - 0x00007ff91877b000 	C:\Users\ajaya\AppData\Local\Programs\Eclipse Adoptium\jdk-11.0.13.8-hotspot\bin\msvcp140.dll
0x00007ff8bff90000 - 0x00007ff8c0b0e000 	C:\Users\ajaya\AppData\Local\Programs\Eclipse Adoptium\jdk-11.0.13.8-hotspot\bin\server\jvm.dll
0x00007ff937400000 - 0x00007ff9374b0000 	C:\WINDOWS\System32\ADVAPI32.dll
0x00007ff9374c0000 - 0x00007ff937566000 	C:\WINDOWS\System32\sechost.dll
0x00007ff937d70000 - 0x00007ff937e87000 	C:\WINDOWS\System32\RPCRT4.dll
0x00007ff936a50000 - 0x00007ff936a58000 	C:\WINDOWS\System32\PSAPI.DLL
0x00007ff8e97d0000 - 0x00007ff8e97d9000 	C:\WINDOWS\SYSTEM32\WSOCK32.dll
0x00007ff9372c0000 - 0x00007ff937331000 	C:\WINDOWS\System32\WS2_32.dll
0x00007ff92bb10000 - 0x00007ff92bb44000 	C:\WINDOWS\SYSTEM32\WINMM.dll
0x00007ff92b790000 - 0x00007ff92b79a000 	C:\WINDOWS\SYSTEM32\VERSION.dll
0x00007ff934340000 - 0x00007ff934358000 	C:\WINDOWS\SYSTEM32\kernel.appcore.dll
0x00007ff922310000 - 0x00007ff922320000 	C:\Users\ajaya\AppData\Local\Programs\Eclipse Adoptium\jdk-11.0.13.8-hotspot\bin\verify.dll
0x00007ff932d20000 - 0x00007ff932f4e000 	C:\WINDOWS\SYSTEM32\DBGHELP.DLL
0x00007ff936db0000 - 0x00007ff93713a000 	C:\WINDOWS\System32\combase.dll
0x00007ff936620000 - 0x00007ff9366f7000 	C:\WINDOWS\System32\OLEAUT32.dll
0x00007ff923a60000 - 0x00007ff923a92000 	C:\WINDOWS\SYSTEM32\dbgcore.DLL
0x00007ff935ae0000 - 0x00007ff935b5a000 	C:\WINDOWS\System32\bcryptPrimitives.dll
0x00007ff9186b0000 - 0x00007ff9186d8000 	C:\Users\ajaya\AppData\Local\Programs\Eclipse Adoptium\jdk-11.0.13.8-hotspot\bin\java.dll
0x00007ff91f190000 - 0x00007ff91f19a000 	C:\Users\ajaya\AppData\Local\Programs\Eclipse Adoptium\jdk-11.0.13.8-hotspot\bin\jimage.dll
0x00007ff918690000 - 0x00007ff9186a7000 	C:\Users\ajaya\AppData\Local\Programs\Eclipse Adoptium\jdk-11.0.13.8-hotspot\bin\zip.dll
0x00007ff935e00000 - 0x00007ff936616000 	C:\WINDOWS\System32\SHELL32.dll
0x00007ff9332f0000 - 0x00007ff933bda000 	C:\WINDOWS\SYSTEM32\windows.storage.dll
0x00007ff9331b0000 - 0x00007ff9332ee000 	C:\WINDOWS\SYSTEM32\wintypes.dll
0x00007ff937ae0000 - 0x00007ff937bd3000 	C:\WINDOWS\System32\SHCORE.dll
0x00007ff937d10000 - 0x00007ff937d6e000 	C:\WINDOWS\System32\shlwapi.dll
0x00007ff9352a0000 - 0x00007ff9352c6000 	C:\WINDOWS\SYSTEM32\profapi.dll
0x00007ff918670000 - 0x00007ff918689000 	C:\Users\ajaya\AppData\Local\Programs\Eclipse Adoptium\jdk-11.0.13.8-hotspot\bin\net.dll
0x00007ff92c8f0000 - 0x00007ff92ca27000 	C:\WINDOWS\SYSTEM32\WINHTTP.dll
0x00007ff934830000 - 0x00007ff934899000 	C:\WINDOWS\system32\mswsock.dll
0x00007ff90ed70000 - 0x00007ff90ed82000 	C:\Users\ajaya\AppData\Local\Programs\Eclipse Adoptium\jdk-11.0.13.8-hotspot\bin\nio.dll
0x00007ff90ed90000 - 0x00007ff90edb7000 	C:\Users\ajaya\.gradle\native\68d5fa5c4cc2d200863cafc0d521ce42e7d3e7ee720ec0a83991735586a16f82\windows-amd64\native-platform.dll
0x00007ff8e3090000 - 0x00007ff8e31d4000 	C:\Users\ajaya\.gradle\native\e376f236ea51e6404a007f0833ffe2c6e607c4080706a723a18a27aeea778392\windows-amd64\native-platform-file-events.dll
0x00007ff918660000 - 0x00007ff918669000 	C:\Users\ajaya\AppData\Local\Programs\Eclipse Adoptium\jdk-11.0.13.8-hotspot\bin\management.dll
0x00007ff916700000 - 0x00007ff91670b000 	C:\Users\ajaya\AppData\Local\Programs\Eclipse Adoptium\jdk-11.0.13.8-hotspot\bin\management_ext.dll
0x00007ff934b00000 - 0x00007ff934b1b000 	C:\WINDOWS\SYSTEM32\CRYPTSP.dll
0x00007ff934300000 - 0x00007ff934335000 	C:\WINDOWS\system32\rsaenh.dll
0x00007ff934990000 - 0x00007ff9349bc000 	C:\WINDOWS\SYSTEM32\USERENV.dll
0x00007ff934d30000 - 0x00007ff934d58000 	C:\WINDOWS\SYSTEM32\bcrypt.dll
0x00007ff934af0000 - 0x00007ff934afc000 	C:\WINDOWS\SYSTEM32\CRYPTBASE.dll
0x00007ff933e80000 - 0x00007ff933ead000 	C:\WINDOWS\SYSTEM32\IPHLPAPI.DLL
0x00007ff937340000 - 0x00007ff937349000 	C:\WINDOWS\System32\NSI.dll
0x00007ff92b6e0000 - 0x00007ff92b6f9000 	C:\WINDOWS\SYSTEM32\dhcpcsvc6.DLL
0x00007ff92b250000 - 0x00007ff92b26f000 	C:\WINDOWS\SYSTEM32\dhcpcsvc.DLL
0x00007ff933eb0000 - 0x00007ff933fa3000 	C:\WINDOWS\SYSTEM32\DNSAPI.dll

dbghelp: loaded successfully - version: 4.0.5 - missing functions: none
symbol engine: initialized successfully - sym options: 0x614 - pdb path: .;C:\Users\ajaya\AppData\Local\Programs\Eclipse Adoptium\jdk-11.0.13.8-hotspot\bin;C:\WINDOWS\SYSTEM32;C:\WINDOWS\WinSxS\amd64_microsoft.windows.common-controls_6595b64144ccf1df_6.0.22621.2070_none_2713e6537381f706;C:\Users\ajaya\AppData\Local\Programs\Eclipse Adoptium\jdk-11.0.13.8-hotspot\bin\server;C:\Users\ajaya\.gradle\native\68d5fa5c4cc2d200863cafc0d521ce42e7d3e7ee720ec0a83991735586a16f82\windows-amd64;C:\Users\ajaya\.gradle\native\e376f236ea51e6404a007f0833ffe2c6e607c4080706a723a18a27aeea778392\windows-amd64

VM Arguments:
jvm_args: -XX:MaxMetaspaceSize=512m --add-opens=java.base/java.util=ALL-UNNAMED --add-opens=java.base/java.lang=ALL-UNNAMED --add-opens=java.base/java.lang.invoke=ALL-UNNAMED --add-opens=java.prefs/java.util.prefs=ALL-UNNAMED --add-opens=java.base/java.nio.charset=ALL-UNNAMED --add-opens=java.base/java.net=ALL-UNNAMED --add-opens=java.base/java.util.concurrent.atomic=ALL-UNNAMED -Xmx2048m -Dfile.encoding=windows-1252 -Duser.country=GB -Duser.language=en -Duser.variant 
java_command: org.gradle.launcher.daemon.bootstrap.GradleDaemon 8.0.1
java_class_path (initial): C:\Users\ajaya\.gradle\wrapper\dists\gradle-8.0.1-all\aro4hu1c3oeioove7l0i4i14o\gradle-8.0.1\lib\gradle-launcher-8.0.1.jar
Launcher Type: SUN_STANDARD

[Global flags]
     intx CICompilerCount                          = 4                                         {product} {ergonomic}
   size_t CompressedClassSpaceSize                 = 528482304                                 {product} {ergonomic}
     uint ConcGCThreads                            = 2                                         {product} {ergonomic}
     uint G1ConcRefinementThreads                  = 8                                         {product} {ergonomic}
   size_t G1HeapRegionSize                         = 1048576                                   {product} {ergonomic}
    uintx GCDrainStackTargetSize                   = 64                                        {product} {ergonomic}
   size_t InitialHeapSize                          = 130023424                                 {product} {ergonomic}
   size_t MarkStackSize                            = 4194304                                   {product} {ergonomic}
   size_t MaxHeapSize                              = 2147483648                                {product} {command line}
   size_t MaxMetaspaceSize                         = 536870912                                 {product} {command line}
   size_t MaxNewSize                               = 1287651328                                {product} {ergonomic}
   size_t MinHeapDeltaBytes                        = 1048576                                   {product} {ergonomic}
    uintx NonNMethodCodeHeapSize                   = 5836300                                {pd product} {ergonomic}
    uintx NonProfiledCodeHeapSize                  = 122910970                              {pd product} {ergonomic}
    uintx ProfiledCodeHeapSize                     = 122910970                              {pd product} {ergonomic}
    uintx ReservedCodeCacheSize                    = 251658240                              {pd product} {ergonomic}
     bool SegmentedCodeCache                       = true                                      {product} {ergonomic}
     bool UseCompressedClassPointers               = true                                 {lp64_product} {ergonomic}
     bool UseCompressedOops                        = true                                 {lp64_product} {ergonomic}
     bool UseG1GC                                  = true                                      {product} {ergonomic}
     bool UseLargePagesIndividualAllocation        = false                                  {pd product} {ergonomic}

Logging:
Log output configuration:
 #0: stdout all=warning uptime,level,tags
 #1: stderr all=off uptime,level,tags

Environment Variables:
JAVA_HOME=C:\Users\ajaya\AppData\Local\Programs\Eclipse Adoptium\jdk-11.0.13.8-hotspot\
CLASSPATH=C:\Users\ajaya\Desktop\AwesomeProject\android\\gradle\wrapper\gradle-wrapper.jar
PATH=C:\Users\ajaya\Desktop\AwesomeProject\node_modules\.bin;C:\Users\ajaya\Desktop\AwesomeProject\node_modules\.bin;C:\Users\ajaya\Desktop\node_modules\.bin;C:\Users\ajaya\node_modules\.bin;C:\Users\node_modules\.bin;C:\node_modules\.bin;C:\Program Files\nodejs\node_modules\npm\node_modules\@npmcli\run-script\lib\node-gyp-bin;C:\Users\ajaya\Desktop\AwesomeProject\node_modules\.bin;C:\Users\ajaya\Desktop\AwesomeProject\node_modules\.bin;C:\Users\ajaya\Desktop\node_modules\.bin;C:\Users\ajaya\node_modules\.bin;C:\Users\node_modules\.bin;C:\node_modules\.bin;C:\Program Files\nodejs\node_modules\npm\node_modules\@npmcli\run-script\lib\node-gyp-bin;C:\Program Files\Eclipse Adoptium\jdk-17.0.7.7-hotspot\bin;C:\Program Files\Microsoft\jdk-11.0.18.10-hotspot\bin;C:\Program Files\Common Files\Oracle\Java\javapath;C:\WINDOWS\system32;C:\WINDOWS;C:\WINDOWS\System32\Wbem;C:\WINDOWS\System32\WindowsPowerShell\v1.0\;C:\WINDOWS\System32\OpenSSH\;C:\Program Files\Git\cmd;C:\Users\ajaya\AppData\Local\Programs\Eclipse Adoptium\jdk-11.0.13.8-hotspot\bin;C:\Users\ajaya\AppData\Local\Programs\Python\Python39\Scripts\;C:\Users\ajaya\AppData\Local\Programs\Python\Python39\;C:\Users\ajaya\AppData\Local\Microsoft\WindowsApps;C:\Users\ajaya\AppData\Local\Programs\Microsoft VS Code\bin;C:\Users\ajaya\AppData\Local\Programs\Python\Python39;C:\IntelliJ IDEA Community Edition 2021.3\bin;C:\Users\ajaya\AppData\Roaming\npm;C:\Program Files\heroku\bin;C:\OSGeo4W64\bin;C:\OSGeo4W\bin;C:\WINDOWS\system32;C:\WINDOWS;C:\WINDOWS\System32\Wbem;C:\WINDOWS\System32\WindowsPowerShell\v1.0\;C:\WINDOWS\System32\OpenSSH\;C:\ProgramData\chocolatey\bin;C:\Program Files\nodejs\;C:\Users\ajaya\AppData\Local\Android\Sdk\platform-tools;C:\Users\ajaya\AppData\Local\Programs\Eclipse Adoptium\jdk-11.0.13.8-hotspot\bin;C:\Users\ajaya\AppData\Local\Programs\Python\Python39\Scripts\;C:\Users\ajaya\AppData\Local\Programs\Python\Python39\;C:\Users\ajaya\AppData\Local\Microsoft\WindowsApps;C:\Users\ajaya\AppData\Local\Programs
USERNAME=ajaya
LANG=en_US.UTF-8
OS=Windows_NT
PROCESSOR_IDENTIFIER=Intel64 Family 6 Model 140 Stepping 1, GenuineIntel



---------------  S Y S T E M  ---------------

OS: Windows 10 , 64 bit Build 22621 (10.0.22621.2070)
OS uptime: 0 days 19:52 hours
Hyper-V role detected

CPU:total 8 (initial active 8) (4 cores per cpu, 2 threads per core) family 6 model 140 stepping 1 microcode 0xa4, cmov, cx8, fxsr, mmx, sse, sse2, sse3, ssse3, sse4.1, sse4.2, popcnt, avx, avx2, aes, clmul, erms, 3dnowpref, lzcnt, ht, tsc, tscinvbit, bmi1, bmi2, adx, evex, sha, fma

Memory: 4k page, system-wide physical 7831M (15M free)
TotalPageFile size 31383M (AvailPageFile size 2M)
current process WorkingSet (physical memory assigned to process): 21M, peak: 278M
current process commit charge ("private bytes"): 395M, peak: 409M

vm_info: OpenJDK 64-Bit Server VM (11.0.13+8) for windows-amd64 JRE (11.0.13+8), built on Oct 19 2021 17:05:59 by "" with unknown MS VC++:1916

END.
