#
# There is insufficient memory for the Java Runtime Environment to continue.
# Native memory allocation (malloc) failed to allocate 680816 bytes for Chunk::new
# Possible reasons:
#   The system is out of physical RAM or swap space
#   The process is running with CompressedOops enabled, and the Java Heap may be blocking the growth of the native heap
# Possible solutions:
#   Reduce memory load on the system
#   Increase physical memory or swap space
#   Check if swap backing store is full
#   Decrease Java heap size (-Xmx/-Xms)
#   Decrease number of Java threads
#   Decrease Java thread stack sizes (-Xss)
#   Set larger code cache with -XX:ReservedCodeCacheSize=
#   JVM is running with Unscaled Compressed Oops mode in which the Java heap is
#     placed in the first 4GB address space. The Java Heap base address is the
#     maximum limit for the native heap growth. Please use -XX:HeapBaseMinAddress
#     to set the Java Heap base and to place the Java Heap above 4GB virtual address.
# This output file may be truncated or incomplete.
#
#  Out of Memory Error (./src/hotspot/share/memory/arena.cpp:197), pid=16948, tid=37028
#
# JRE version: OpenJDK Runtime Environment Temurin-11.0.13+8 (11.0.13+8) (build 11.0.13+8)
# Java VM: OpenJDK 64-Bit Server VM Temurin-11.0.13+8 (11.0.13+8, mixed mode, tiered, compressed oops, g1 gc, windows-amd64)
# No core dump will be written. Minidumps are not enabled by default on client versions of Windows
#

---------------  S U M M A R Y ------------

Command Line: -XX:MaxMetaspaceSize=512m --add-opens=java.base/java.util=ALL-UNNAMED --add-opens=java.base/java.lang=ALL-UNNAMED --add-opens=java.base/java.lang.invoke=ALL-UNNAMED --add-opens=java.prefs/java.util.prefs=ALL-UNNAMED --add-opens=java.base/java.nio.charset=ALL-UNNAMED --add-opens=java.base/java.net=ALL-UNNAMED --add-opens=java.base/java.util.concurrent.atomic=ALL-UNNAMED -Xmx2048m -Dfile.encoding=windows-1252 -Duser.country=GB -Duser.language=en -Duser.variant org.gradle.launcher.daemon.bootstrap.GradleDaemon 8.0.1

Host: 11th Gen Intel(R) Core(TM) i7-1165G7 @ 2.80GHz, 8 cores, 7G,  Windows 10 , 64 bit Build 22621 (10.0.22621.2070)
Time: Fri Jul 28 19:49:45 2023 India Standard Time elapsed time: 86.618071 seconds (0d 0h 1m 26s)

---------------  T H R E A D  ---------------

Current thread (0x00000208433b7800):  JavaThread "C2 CompilerThread0" daemon [_thread_in_native, id=37028, stack(0x000000b45ef00000,0x000000b45f000000)]


Current CompileTask:
C2:  86618 4198       4       java.net.URLClassLoader$1::run (5 bytes)

Stack: [0x000000b45ef00000,0x000000b45f000000]
Native frames: (J=compiled Java code, j=interpreted, Vv=VM code, C=native code)
V  [jvm.dll+0x61cc7a]
V  [jvm.dll+0x7a8fd9]
V  [jvm.dll+0x7aa69f]
V  [jvm.dll+0x7aad73]
V  [jvm.dll+0x24f808]
V  [jvm.dll+0xc260c]
V  [jvm.dll+0xc2bcc]
V  [jvm.dll+0x2c1644]
V  [jvm.dll+0x52beb9]
V  [jvm.dll+0x20a0ae]
V  [jvm.dll+0x207a5b]
V  [jvm.dll+0x18a011]
V  [jvm.dll+0x217599]
V  [jvm.dll+0x21578b]
V  [jvm.dll+0x76ba50]
V  [jvm.dll+0x7649d4]
V  [jvm.dll+0x61bb16]
C  [ucrtbase.dll+0x29363]
C  [KERNEL32.DLL+0x126ad]
C  [ntdll.dll+0x5aa68]


---------------  P R O C E S S  ---------------

Threads class SMR info:
_java_thread_list=0x00000208475cf870, length=36, elements={
0x0000020824312800, 0x00000208433a6800, 0x00000208433a7800, 0x0000020843d23000,
0x00000208433b5800, 0x00000208433b6800, 0x00000208433b7800, 0x00000208433bc000,
0x00000208433bd000, 0x0000020843e6c000, 0x0000020846862800, 0x0000020846ff8800,
0x0000020845219800, 0x0000020844abd000, 0x0000020845f75800, 0x00000208463f0800,
0x00000208462ab000, 0x000002084409f800, 0x000002084620c000, 0x000002084620b000,
0x000002084620a000, 0x000002084620c800, 0x000002084620d800, 0x0000020846207800,
0x0000020846208800, 0x000002084620e000, 0x0000020846209800, 0x0000020847276000,
0x0000020847275000, 0x0000020847272000, 0x0000020847277000, 0x0000020847277800,
0x0000020847272800, 0x0000020847279800, 0x0000020847273800, 0x000002084727a000
}

Java Threads: ( => current thread )
  0x0000020824312800 JavaThread "main" [_thread_blocked, id=38672, stack(0x000000b45e300000,0x000000b45e400000)]
  0x00000208433a6800 JavaThread "Reference Handler" daemon [_thread_blocked, id=27448, stack(0x000000b45ea00000,0x000000b45eb00000)]
  0x00000208433a7800 JavaThread "Finalizer" daemon [_thread_blocked, id=38908, stack(0x000000b45eb00000,0x000000b45ec00000)]
  0x0000020843d23000 JavaThread "Signal Dispatcher" daemon [_thread_blocked, id=34228, stack(0x000000b45ec00000,0x000000b45ed00000)]
  0x00000208433b5800 JavaThread "Attach Listener" daemon [_thread_blocked, id=32508, stack(0x000000b45ed00000,0x000000b45ee00000)]
  0x00000208433b6800 JavaThread "Service Thread" daemon [_thread_blocked, id=34472, stack(0x000000b45ee00000,0x000000b45ef00000)]
=>0x00000208433b7800 JavaThread "C2 CompilerThread0" daemon [_thread_in_native, id=37028, stack(0x000000b45ef00000,0x000000b45f000000)]
  0x00000208433bc000 JavaThread "C1 CompilerThread0" daemon [_thread_blocked, id=38020, stack(0x000000b45f000000,0x000000b45f100000)]
  0x00000208433bd000 JavaThread "Sweeper thread" daemon [_thread_blocked, id=38968, stack(0x000000b45f100000,0x000000b45f200000)]
  0x0000020843e6c000 JavaThread "Common-Cleaner" daemon [_thread_blocked, id=34416, stack(0x000000b45f200000,0x000000b45f300000)]
  0x0000020846862800 JavaThread "Daemon health stats" [_thread_blocked, id=39104, stack(0x000000b45f500000,0x000000b45f600000)]
  0x0000020846ff8800 JavaThread "Incoming local TCP Connector on port 58009" [_thread_in_native, id=37284, stack(0x000000b45f600000,0x000000b45f700000)]
  0x0000020845219800 JavaThread "Daemon periodic checks" [_thread_blocked, id=37564, stack(0x000000b45f700000,0x000000b45f800000)]
  0x0000020844abd000 JavaThread "Daemon" [_thread_blocked, id=34688, stack(0x000000b45f800000,0x000000b45f900000)]
  0x0000020845f75800 JavaThread "Handler for socket connection from /127.0.0.1:58009 to /127.0.0.1:58011" [_thread_in_native, id=29508, stack(0x000000b45f900000,0x000000b45fa00000)]
  0x00000208463f0800 JavaThread "Cancel handler" [_thread_blocked, id=36172, stack(0x000000b45fa00000,0x000000b45fb00000)]
  0x00000208462ab000 JavaThread "Daemon worker" [_thread_in_vm, id=13628, stack(0x000000b45fb00000,0x000000b45fc00000)]
  0x000002084409f800 JavaThread "Asynchronous log dispatcher for DefaultDaemonConnection: socket connection from /127.0.0.1:58009 to /127.0.0.1:58011" [_thread_blocked, id=39012, stack(0x000000b45fc00000,0x000000b45fd00000)]
  0x000002084620c000 JavaThread "Daemon client event forwarder" [_thread_blocked, id=35796, stack(0x000000b45fe00000,0x000000b45ff00000)]
  0x000002084620b000 JavaThread "Cache worker for journal cache (C:\Users\ajaya\.gradle\caches\journal-1)" [_thread_blocked, id=39360, stack(0x000000b460500000,0x000000b460600000)]
  0x000002084620a000 JavaThread "File lock request listener" [_thread_in_native, id=9796, stack(0x000000b460600000,0x000000b460700000)]
  0x000002084620c800 JavaThread "File lock release action executor" [_thread_blocked, id=26772, stack(0x000000b460800000,0x000000b460900000)]
  0x000002084620d800 JavaThread "Cache worker for file hash cache (C:\Users\ajaya\.gradle\caches\8.0.1\fileHashes)" [_thread_blocked, id=38612, stack(0x000000b460900000,0x000000b460a00000)]
  0x0000020846207800 JavaThread "File watcher server" daemon [_thread_in_native, id=12672, stack(0x000000b460a00000,0x000000b460b00000)]
  0x0000020846208800 JavaThread "File watcher consumer" daemon [_thread_blocked, id=16052, stack(0x000000b460b00000,0x000000b460c00000)]
  0x000002084620e000 JavaThread "Cache worker for checksums cache (C:\Users\ajaya\Desktop\AwesomeProject\android\.gradle\8.0.1\checksums)" [_thread_blocked, id=39336, stack(0x000000b460d00000,0x000000b460e00000)]
  0x0000020846209800 JavaThread "Cache worker for cache directory md-rule (C:\Users\ajaya\.gradle\caches\8.0.1\md-rule)" [_thread_blocked, id=39400, stack(0x000000b460e00000,0x000000b460f00000)]
  0x0000020847276000 JavaThread "Cache worker for file content cache (C:\Users\ajaya\.gradle\caches\8.0.1\fileContent)" [_thread_blocked, id=37504, stack(0x000000b460c00000,0x000000b460d00000)]
  0x0000020847275000 JavaThread "Cache worker for file hash cache (C:\Users\ajaya\Desktop\AwesomeProject\android\.gradle\8.0.1\fileHashes)" [_thread_blocked, id=21916, stack(0x000000b460f00000,0x000000b461000000)]
  0x0000020847272000 JavaThread "Cache worker for cache directory md-supplier (C:\Users\ajaya\.gradle\caches\8.0.1\md-supplier)" [_thread_blocked, id=39516, stack(0x000000b461000000,0x000000b461100000)]
  0x0000020847277000 JavaThread "Cache worker for execution history cache (C:\Users\ajaya\.gradle\caches\8.0.1\executionHistory)" [_thread_blocked, id=30196, stack(0x000000b461100000,0x000000b461200000)]
  0x0000020847277800 JavaThread "jar transforms" [_thread_blocked, id=25712, stack(0x000000b461200000,0x000000b461300000)]
  0x0000020847272800 JavaThread "jar transforms Thread 2" [_thread_blocked, id=35992, stack(0x000000b461300000,0x000000b461400000)]
  0x0000020847279800 JavaThread "jar transforms Thread 3" [_thread_blocked, id=39036, stack(0x000000b461400000,0x000000b461500000)]
  0x0000020847273800 JavaThread "jar transforms Thread 4" [_thread_blocked, id=38976, stack(0x000000b461500000,0x000000b461600000)]
  0x000002084727a000 JavaThread "Cache worker for kotlin-dsl (C:\Users\ajaya\.gradle\caches\8.0.1\kotlin-dsl)" [_thread_blocked, id=40368, stack(0x000000b45e000000,0x000000b45e100000)]

Other Threads:
  0x0000020843394000 VMThread "VM Thread" [stack: 0x000000b45e900000,0x000000b45ea00000] [id=14184]
  0x0000020843e9f800 WatcherThread [stack: 0x000000b45f300000,0x000000b45f400000] [id=36496]
  0x000002082432a800 GCTaskThread "GC Thread#0" [stack: 0x000000b45e400000,0x000000b45e500000] [id=39500]
  0x0000020844865800 GCTaskThread "GC Thread#1" [stack: 0x000000b45f400000,0x000000b45f500000] [id=36832]
  0x0000020844063000 GCTaskThread "GC Thread#2" [stack: 0x000000b45ff00000,0x000000b460000000] [id=27616]
  0x0000020844064000 GCTaskThread "GC Thread#3" [stack: 0x000000b460000000,0x000000b460100000] [id=23588]
  0x00000208451cf800 GCTaskThread "GC Thread#4" [stack: 0x000000b460100000,0x000000b460200000] [id=35652]
  0x00000208451d0000 GCTaskThread "GC Thread#5" [stack: 0x000000b460200000,0x000000b460300000] [id=35276]
  0x0000020844f40000 GCTaskThread "GC Thread#6" [stack: 0x000000b460300000,0x000000b460400000] [id=15588]
  0x0000020844f41000 GCTaskThread "GC Thread#7" [stack: 0x000000b460400000,0x000000b460500000] [id=37540]
  0x000002082435b800 ConcurrentGCThread "G1 Main Marker" [stack: 0x000000b45e500000,0x000000b45e600000] [id=32004]
  0x000002082435e000 ConcurrentGCThread "G1 Conc#0" [stack: 0x000000b45e600000,0x000000b45e700000] [id=39556]
  0x0000020846859000 ConcurrentGCThread "G1 Conc#1" [stack: 0x000000b460700000,0x000000b460800000] [id=39344]
  0x0000020843202800 ConcurrentGCThread "G1 Refine#0" [stack: 0x000000b45e700000,0x000000b45e800000] [id=37572]
  0x0000020843205800 ConcurrentGCThread "G1 Young RemSet Sampling" [stack: 0x000000b45e800000,0x000000b45e900000] [id=39696]

Threads with active compile tasks:
C2 CompilerThread0  86661 4198       4       java.net.URLClassLoader$1::run (5 bytes)

VM state:not at safepoint (normal execution)

VM Mutex/Monitor currently owned by a thread: None

Heap address: 0x0000000080000000, size: 2048 MB, Compressed Oops mode: 32-bit
Narrow klass base: 0x0000000000000000, Narrow klass shift: 3
Compressed class space size: 528482304 Address: 0x0000000100000000

Heap:
 garbage-first heap   total 126976K, used 39130K [0x0000000080000000, 0x0000000100000000)
  region size 1024K, 9 young (9216K), 1 survivors (1024K)
 Metaspace       used 43144K, capacity 44321K, committed 44496K, reserved 555008K
  class space    used 5444K, capacity 5921K, committed 6016K, reserved 516096K
Heap Regions: E=young(eden), S=young(survivor), O=old, HS=humongous(starts), HC=humongous(continues), CS=collection set, F=free, A=archive, TAMS=top-at-mark-start (previous, next)
|   0|0x0000000080000000, 0x0000000080100000, 0x0000000080100000|100%|HS|  |TAMS 0x0000000080100000, 0x0000000080000000| Complete 
|   1|0x0000000080100000, 0x0000000080200000, 0x0000000080200000|100%|HC|  |TAMS 0x0000000080200000, 0x0000000080100000| Complete 
|   2|0x0000000080200000, 0x0000000080300000, 0x0000000080300000|100%|HC|  |TAMS 0x0000000080300000, 0x0000000080200000| Complete 
|   3|0x0000000080300000, 0x0000000080400000, 0x0000000080400000|100%|HC|  |TAMS 0x0000000080400000, 0x0000000080300000| Complete 
|   4|0x0000000080400000, 0x0000000080500000, 0x0000000080500000|100%| O|  |TAMS 0x0000000080500000, 0x0000000080400000| Untracked 
|   5|0x0000000080500000, 0x0000000080600000, 0x0000000080600000|100%| O|  |TAMS 0x0000000080600000, 0x0000000080500000| Untracked 
|   6|0x0000000080600000, 0x0000000080700000, 0x0000000080700000|100%| O|  |TAMS 0x0000000080700000, 0x0000000080600000| Untracked 
|   7|0x0000000080700000, 0x0000000080800000, 0x0000000080800000|100%| O|  |TAMS 0x0000000080800000, 0x0000000080700000| Untracked 
|   8|0x0000000080800000, 0x0000000080900000, 0x0000000080900000|100%| O|  |TAMS 0x0000000080900000, 0x0000000080800000| Untracked 
|   9|0x0000000080900000, 0x0000000080a00000, 0x0000000080a00000|100%| O|  |TAMS 0x0000000080a00000, 0x0000000080900000| Untracked 
|  10|0x0000000080a00000, 0x0000000080b00000, 0x0000000080b00000|100%| O|  |TAMS 0x0000000080b00000, 0x0000000080a00000| Untracked 
|  11|0x0000000080b00000, 0x0000000080c00000, 0x0000000080c00000|100%| O|  |TAMS 0x0000000080c00000, 0x0000000080b00000| Untracked 
|  12|0x0000000080c00000, 0x0000000080d00000, 0x0000000080d00000|100%| O|  |TAMS 0x0000000080d00000, 0x0000000080c00000| Untracked 
|  13|0x0000000080d00000, 0x0000000080e00000, 0x0000000080e00000|100%| O|  |TAMS 0x0000000080e00000, 0x0000000080d00000| Untracked 
|  14|0x0000000080e00000, 0x0000000080f00000, 0x0000000080f00000|100%| O|  |TAMS 0x0000000080f00000, 0x0000000080e00000| Untracked 
|  15|0x0000000080f00000, 0x0000000081000000, 0x0000000081000000|100%| O|  |TAMS 0x0000000081000000, 0x0000000080f00000| Untracked 
|  16|0x0000000081000000, 0x0000000081100000, 0x0000000081100000|100%| O|  |TAMS 0x00000000810d4a00, 0x0000000081000000| Untracked 
|  17|0x0000000081100000, 0x0000000081200000, 0x0000000081200000|100%| O|  |TAMS 0x0000000081100000, 0x0000000081100000| Untracked 
|  18|0x0000000081200000, 0x0000000081300000, 0x0000000081300000|100%| O|  |TAMS 0x0000000081200000, 0x0000000081200000| Untracked 
|  19|0x0000000081300000, 0x0000000081400000, 0x0000000081400000|100%| O|  |TAMS 0x0000000081300000, 0x0000000081300000| Untracked 
|  20|0x0000000081400000, 0x0000000081500000, 0x0000000081500000|100%| O|  |TAMS 0x0000000081400000, 0x0000000081400000| Untracked 
|  21|0x0000000081500000, 0x0000000081600000, 0x0000000081600000|100%| O|  |TAMS 0x0000000081500000, 0x0000000081500000| Untracked 
|  22|0x0000000081600000, 0x0000000081700000, 0x0000000081700000|100%| O|  |TAMS 0x0000000081600000, 0x0000000081600000| Untracked 
|  23|0x0000000081700000, 0x0000000081800000, 0x0000000081800000|100%| O|  |TAMS 0x0000000081700000, 0x0000000081700000| Untracked 
|  24|0x0000000081800000, 0x0000000081900000, 0x0000000081900000|100%| O|  |TAMS 0x0000000081800000, 0x0000000081800000| Untracked 
|  25|0x0000000081900000, 0x0000000081a00000, 0x0000000081a00000|100%| O|  |TAMS 0x0000000081900000, 0x0000000081900000| Untracked 
|  26|0x0000000081a00000, 0x0000000081b00000, 0x0000000081b00000|100%| O|  |TAMS 0x0000000081a00000, 0x0000000081a00000| Untracked 
|  27|0x0000000081b00000, 0x0000000081c00000, 0x0000000081c00000|100%| O|  |TAMS 0x0000000081b00000, 0x0000000081b00000| Untracked 
|  28|0x0000000081c00000, 0x0000000081d00000, 0x0000000081d00000|100%| O|  |TAMS 0x0000000081c00000, 0x0000000081c00000| Untracked 
|  29|0x0000000081d00000, 0x0000000081e00000, 0x0000000081e00000|100%| O|  |TAMS 0x0000000081d00000, 0x0000000081d00000| Untracked 
|  30|0x0000000081e00000, 0x0000000081e36a00, 0x0000000081f00000| 21%| O|  |TAMS 0x0000000081e00000, 0x0000000081e00000| Untracked 
|  31|0x0000000081f00000, 0x0000000081f00000, 0x0000000082000000|  0%| F|  |TAMS 0x0000000081f00000, 0x0000000081f00000| Untracked 
|  32|0x0000000082000000, 0x0000000082000000, 0x0000000082100000|  0%| F|  |TAMS 0x0000000082000000, 0x0000000082000000| Untracked 
|  33|0x0000000082100000, 0x0000000082100000, 0x0000000082200000|  0%| F|  |TAMS 0x0000000082100000, 0x0000000082100000| Untracked 
|  34|0x0000000082200000, 0x0000000082200000, 0x0000000082300000|  0%| F|  |TAMS 0x0000000082200000, 0x0000000082200000| Untracked 
|  35|0x0000000082300000, 0x0000000082300000, 0x0000000082400000|  0%| F|  |TAMS 0x0000000082300000, 0x0000000082300000| Untracked 
|  36|0x0000000082400000, 0x0000000082400000, 0x0000000082500000|  0%| F|  |TAMS 0x0000000082400000, 0x0000000082400000| Untracked 
|  37|0x0000000082500000, 0x0000000082500000, 0x0000000082600000|  0%| F|  |TAMS 0x0000000082500000, 0x0000000082500000| Untracked 
|  38|0x0000000082600000, 0x0000000082600000, 0x0000000082700000|  0%| F|  |TAMS 0x0000000082600000, 0x0000000082600000| Untracked 
|  39|0x0000000082700000, 0x0000000082700000, 0x0000000082800000|  0%| F|  |TAMS 0x0000000082700000, 0x0000000082700000| Untracked 
|  40|0x0000000082800000, 0x0000000082800000, 0x0000000082900000|  0%| F|  |TAMS 0x0000000082800000, 0x0000000082800000| Untracked 
|  41|0x0000000082900000, 0x0000000082900000, 0x0000000082a00000|  0%| F|  |TAMS 0x0000000082900000, 0x0000000082900000| Untracked 
|  42|0x0000000082a00000, 0x0000000082a00000, 0x0000000082b00000|  0%| F|  |TAMS 0x0000000082a00000, 0x0000000082a00000| Untracked 
|  43|0x0000000082b00000, 0x0000000082b00000, 0x0000000082c00000|  0%| F|  |TAMS 0x0000000082b00000, 0x0000000082b00000| Untracked 
|  44|0x0000000082c00000, 0x0000000082c00000, 0x0000000082d00000|  0%| F|  |TAMS 0x0000000082c00000, 0x0000000082c00000| Untracked 
|  45|0x0000000082d00000, 0x0000000082d00000, 0x0000000082e00000|  0%| F|  |TAMS 0x0000000082d00000, 0x0000000082d00000| Untracked 
|  46|0x0000000082e00000, 0x0000000082e00000, 0x0000000082f00000|  0%| F|  |TAMS 0x0000000082e00000, 0x0000000082e00000| Untracked 
|  47|0x0000000082f00000, 0x0000000082f00000, 0x0000000083000000|  0%| F|  |TAMS 0x0000000082f00000, 0x0000000082f00000| Untracked 
|  48|0x0000000083000000, 0x0000000083000000, 0x0000000083100000|  0%| F|  |TAMS 0x0000000083000000, 0x0000000083000000| Untracked 
|  49|0x0000000083100000, 0x0000000083100000, 0x0000000083200000|  0%| F|  |TAMS 0x0000000083100000, 0x0000000083100000| Untracked 
|  50|0x0000000083200000, 0x0000000083200000, 0x0000000083300000|  0%| F|  |TAMS 0x0000000083200000, 0x0000000083200000| Untracked 
|  51|0x0000000083300000, 0x0000000083300000, 0x0000000083400000|  0%| F|  |TAMS 0x0000000083300000, 0x0000000083300000| Untracked 
|  52|0x0000000083400000, 0x0000000083400000, 0x0000000083500000|  0%| F|  |TAMS 0x0000000083400000, 0x0000000083400000| Untracked 
|  53|0x0000000083500000, 0x0000000083500000, 0x0000000083600000|  0%| F|  |TAMS 0x0000000083500000, 0x0000000083500000| Untracked 
|  54|0x0000000083600000, 0x0000000083600000, 0x0000000083700000|  0%| F|  |TAMS 0x0000000083600000, 0x0000000083600000| Untracked 
|  55|0x0000000083700000, 0x0000000083700000, 0x0000000083800000|  0%| F|  |TAMS 0x0000000083700000, 0x0000000083700000| Untracked 
|  56|0x0000000083800000, 0x0000000083800000, 0x0000000083900000|  0%| F|  |TAMS 0x0000000083800000, 0x0000000083800000| Untracked 
|  57|0x0000000083900000, 0x0000000083900000, 0x0000000083a00000|  0%| F|  |TAMS 0x0000000083900000, 0x0000000083900000| Untracked 
|  58|0x0000000083a00000, 0x0000000083a00000, 0x0000000083b00000|  0%| F|  |TAMS 0x0000000083a00000, 0x0000000083a00000| Untracked 
|  59|0x0000000083b00000, 0x0000000083b00000, 0x0000000083c00000|  0%| F|  |TAMS 0x0000000083b00000, 0x0000000083b00000| Untracked 
|  60|0x0000000083c00000, 0x0000000083c00000, 0x0000000083d00000|  0%| F|  |TAMS 0x0000000083c00000, 0x0000000083c00000| Untracked 
|  61|0x0000000083d00000, 0x0000000083d00000, 0x0000000083e00000|  0%| F|  |TAMS 0x0000000083d00000, 0x0000000083d00000| Untracked 
|  62|0x0000000083e00000, 0x0000000083e00000, 0x0000000083f00000|  0%| F|  |TAMS 0x0000000083e00000, 0x0000000083e00000| Untracked 
|  63|0x0000000083f00000, 0x0000000083f00000, 0x0000000084000000|  0%| F|  |TAMS 0x0000000083f00000, 0x0000000083f00000| Untracked 
|  64|0x0000000084000000, 0x0000000084000000, 0x0000000084100000|  0%| F|  |TAMS 0x0000000084000000, 0x0000000084000000| Untracked 
|  65|0x0000000084100000, 0x0000000084100000, 0x0000000084200000|  0%| F|  |TAMS 0x0000000084100000, 0x0000000084100000| Untracked 
|  66|0x0000000084200000, 0x0000000084200000, 0x0000000084300000|  0%| F|  |TAMS 0x0000000084200000, 0x0000000084200000| Untracked 
|  67|0x0000000084300000, 0x0000000084300000, 0x0000000084400000|  0%| F|  |TAMS 0x0000000084300000, 0x0000000084300000| Untracked 
|  68|0x0000000084400000, 0x0000000084400000, 0x0000000084500000|  0%| F|  |TAMS 0x0000000084400000, 0x0000000084400000| Untracked 
|  69|0x0000000084500000, 0x0000000084500000, 0x0000000084600000|  0%| F|  |TAMS 0x0000000084500000, 0x0000000084500000| Untracked 
|  70|0x0000000084600000, 0x0000000084600000, 0x0000000084700000|  0%| F|  |TAMS 0x0000000084600000, 0x0000000084600000| Untracked 
|  71|0x0000000084700000, 0x0000000084700000, 0x0000000084800000|  0%| F|  |TAMS 0x0000000084700000, 0x0000000084700000| Untracked 
|  72|0x0000000084800000, 0x0000000084800000, 0x0000000084900000|  0%| F|  |TAMS 0x0000000084800000, 0x0000000084800000| Untracked 
|  73|0x0000000084900000, 0x0000000084900000, 0x0000000084a00000|  0%| F|  |TAMS 0x0000000084900000, 0x0000000084900000| Untracked 
|  74|0x0000000084a00000, 0x0000000084a00000, 0x0000000084b00000|  0%| F|  |TAMS 0x0000000084a00000, 0x0000000084a00000| Untracked 
|  75|0x0000000084b00000, 0x0000000084b00000, 0x0000000084c00000|  0%| F|  |TAMS 0x0000000084b00000, 0x0000000084b00000| Untracked 
|  76|0x0000000084c00000, 0x0000000084c00000, 0x0000000084d00000|  0%| F|  |TAMS 0x0000000084c00000, 0x0000000084c00000| Untracked 
|  77|0x0000000084d00000, 0x0000000084d00000, 0x0000000084e00000|  0%| F|  |TAMS 0x0000000084d00000, 0x0000000084d00000| Untracked 
|  78|0x0000000084e00000, 0x0000000084e00000, 0x0000000084f00000|  0%| F|  |TAMS 0x0000000084e00000, 0x0000000084e00000| Untracked 
|  79|0x0000000084f00000, 0x0000000084f00000, 0x0000000085000000|  0%| F|  |TAMS 0x0000000084f00000, 0x0000000084f00000| Untracked 
|  80|0x0000000085000000, 0x0000000085000000, 0x0000000085100000|  0%| F|  |TAMS 0x0000000085000000, 0x0000000085000000| Untracked 
|  81|0x0000000085100000, 0x0000000085100000, 0x0000000085200000|  0%| F|  |TAMS 0x0000000085100000, 0x0000000085100000| Untracked 
|  82|0x0000000085200000, 0x0000000085200000, 0x0000000085300000|  0%| F|  |TAMS 0x0000000085200000, 0x0000000085200000| Untracked 
|  83|0x0000000085300000, 0x0000000085300000, 0x0000000085400000|  0%| F|  |TAMS 0x0000000085300000, 0x0000000085300000| Untracked 
|  84|0x0000000085400000, 0x0000000085400000, 0x0000000085500000|  0%| F|  |TAMS 0x0000000085400000, 0x0000000085400000| Untracked 
|  85|0x0000000085500000, 0x0000000085500000, 0x0000000085600000|  0%| F|  |TAMS 0x0000000085500000, 0x0000000085500000| Untracked 
|  86|0x0000000085600000, 0x0000000085600000, 0x0000000085700000|  0%| F|  |TAMS 0x0000000085600000, 0x0000000085600000| Untracked 
|  87|0x0000000085700000, 0x0000000085700000, 0x0000000085800000|  0%| F|  |TAMS 0x0000000085700000, 0x0000000085700000| Untracked 
|  88|0x0000000085800000, 0x0000000085800000, 0x0000000085900000|  0%| F|  |TAMS 0x0000000085800000, 0x0000000085800000| Untracked 
|  89|0x0000000085900000, 0x0000000085900000, 0x0000000085a00000|  0%| F|  |TAMS 0x0000000085900000, 0x0000000085900000| Untracked 
|  90|0x0000000085a00000, 0x0000000085a00000, 0x0000000085b00000|  0%| F|  |TAMS 0x0000000085a00000, 0x0000000085a00000| Untracked 
|  91|0x0000000085b00000, 0x0000000085b00000, 0x0000000085c00000|  0%| F|  |TAMS 0x0000000085b00000, 0x0000000085b00000| Untracked 
|  92|0x0000000085c00000, 0x0000000085c00000, 0x0000000085d00000|  0%| F|  |TAMS 0x0000000085c00000, 0x0000000085c00000| Untracked 
|  93|0x0000000085d00000, 0x0000000085d00000, 0x0000000085e00000|  0%| F|  |TAMS 0x0000000085d00000, 0x0000000085d00000| Untracked 
|  94|0x0000000085e00000, 0x0000000085e00000, 0x0000000085f00000|  0%| F|  |TAMS 0x0000000085e00000, 0x0000000085e00000| Untracked 
|  95|0x0000000085f00000, 0x0000000085f00000, 0x0000000086000000|  0%| F|  |TAMS 0x0000000085f00000, 0x0000000085f00000| Untracked 
|  96|0x0000000086000000, 0x0000000086000000, 0x0000000086100000|  0%| F|  |TAMS 0x0000000086000000, 0x0000000086000000| Untracked 
|  97|0x0000000086100000, 0x0000000086100000, 0x0000000086200000|  0%| F|  |TAMS 0x0000000086100000, 0x0000000086100000| Untracked 
|  98|0x0000000086200000, 0x0000000086200000, 0x0000000086300000|  0%| F|  |TAMS 0x0000000086200000, 0x0000000086200000| Untracked 
|  99|0x0000000086300000, 0x0000000086300000, 0x0000000086400000|  0%| F|  |TAMS 0x0000000086300000, 0x0000000086300000| Untracked 
| 100|0x0000000086400000, 0x0000000086400000, 0x0000000086500000|  0%| F|  |TAMS 0x0000000086400000, 0x0000000086400000| Untracked 
| 101|0x0000000086500000, 0x0000000086500000, 0x0000000086600000|  0%| F|  |TAMS 0x0000000086500000, 0x0000000086500000| Untracked 
| 102|0x0000000086600000, 0x0000000086600000, 0x0000000086700000|  0%| F|  |TAMS 0x0000000086600000, 0x0000000086600000| Untracked 
| 103|0x0000000086700000, 0x0000000086700000, 0x0000000086800000|  0%| F|  |TAMS 0x0000000086700000, 0x0000000086700000| Untracked 
| 104|0x0000000086800000, 0x0000000086800000, 0x0000000086900000|  0%| F|  |TAMS 0x0000000086800000, 0x0000000086800000| Untracked 
| 105|0x0000000086900000, 0x0000000086900000, 0x0000000086a00000|  0%| F|  |TAMS 0x0000000086900000, 0x0000000086900000| Untracked 
| 106|0x0000000086a00000, 0x0000000086a00000, 0x0000000086b00000|  0%| F|  |TAMS 0x0000000086a00000, 0x0000000086a00000| Untracked 
| 107|0x0000000086b00000, 0x0000000086b00000, 0x0000000086c00000|  0%| F|  |TAMS 0x0000000086b00000, 0x0000000086b00000| Untracked 
| 108|0x0000000086c00000, 0x0000000086c00000, 0x0000000086d00000|  0%| F|  |TAMS 0x0000000086c00000, 0x0000000086c00000| Untracked 
| 109|0x0000000086d00000, 0x0000000086d00000, 0x0000000086e00000|  0%| F|  |TAMS 0x0000000086d00000, 0x0000000086d00000| Untracked 
| 110|0x0000000086e00000, 0x0000000086e00000, 0x0000000086f00000|  0%| F|  |TAMS 0x0000000086e00000, 0x0000000086e00000| Untracked 
| 111|0x0000000086f00000, 0x0000000086f00000, 0x0000000087000000|  0%| F|  |TAMS 0x0000000086f00000, 0x0000000086f00000| Untracked 
| 112|0x0000000087000000, 0x0000000087000000, 0x0000000087100000|  0%| F|  |TAMS 0x0000000087000000, 0x0000000087000000| Untracked 
| 113|0x0000000087100000, 0x0000000087100000, 0x0000000087200000|  0%| F|  |TAMS 0x0000000087100000, 0x0000000087100000| Untracked 
| 114|0x0000000087200000, 0x0000000087200000, 0x0000000087300000|  0%| F|  |TAMS 0x0000000087200000, 0x0000000087200000| Untracked 
| 115|0x0000000087300000, 0x000000008738ad38, 0x0000000087400000| 54%| E|  |TAMS 0x0000000087300000, 0x0000000087300000| Complete 
| 116|0x0000000087400000, 0x0000000087500000, 0x0000000087500000|100%| E|CS|TAMS 0x0000000087400000, 0x0000000087400000| Complete 
| 117|0x0000000087500000, 0x0000000087600000, 0x0000000087600000|100%| E|CS|TAMS 0x0000000087500000, 0x0000000087500000| Complete 
| 118|0x0000000087600000, 0x0000000087700000, 0x0000000087700000|100%| E|CS|TAMS 0x0000000087600000, 0x0000000087600000| Complete 
| 119|0x0000000087700000, 0x0000000087800000, 0x0000000087800000|100%| E|CS|TAMS 0x0000000087700000, 0x0000000087700000| Complete 
| 120|0x0000000087800000, 0x0000000087900000, 0x0000000087900000|100%| E|CS|TAMS 0x0000000087800000, 0x0000000087800000| Complete 
| 121|0x0000000087900000, 0x0000000087a00000, 0x0000000087a00000|100%| E|CS|TAMS 0x0000000087900000, 0x0000000087900000| Complete 
| 122|0x0000000087a00000, 0x0000000087b00000, 0x0000000087b00000|100%| S|CS|TAMS 0x0000000087a00000, 0x0000000087a00000| Complete 
| 123|0x0000000087b00000, 0x0000000087c00000, 0x0000000087c00000|100%| E|CS|TAMS 0x0000000087b00000, 0x0000000087b00000| Complete 

Card table byte_map: [0x000002083c160000,0x000002083c560000] _byte_map_base: 0x000002083bd60000

Marking Bits (Prev, Next): (CMBitMap*) 0x0000020824352da8, (CMBitMap*) 0x0000020824352de0
 Prev Bits: [0x000002083c960000, 0x000002083e960000)
 Next Bits: [0x000002083e960000, 0x0000020840960000)

Polling page: 0x0000020822270000

Metaspace:

Usage:
  Non-class:     37.50 MB capacity,    36.82 MB ( 98%) used,   580.37 KB (  2%) free+waste,   118.88 KB ( <1%) overhead. 
      Class:      5.78 MB capacity,     5.32 MB ( 92%) used,   418.34 KB (  7%) free+waste,    58.63 KB ( <1%) overhead. 
       Both:     43.28 MB capacity,    42.13 MB ( 97%) used,   998.70 KB (  2%) free+waste,   177.50 KB ( <1%) overhead. 

Virtual space:
  Non-class space:       38.00 MB reserved,      37.58 MB ( 99%) committed 
      Class space:      504.00 MB reserved,       5.88 MB (  1%) committed 
             Both:      542.00 MB reserved,      43.45 MB (  8%) committed 

Chunk freelists:
   Non-Class:  16.00 KB
       Class:  0 bytes
        Both:  16.00 KB

MaxMetaspaceSize: 512.00 MB
CompressedClassSpaceSize: 504.00 MB
Initial GC threshold: 20.80 MB
Current GC threshold: 58.88 MB
CDS: off

CodeHeap 'non-profiled nmethods': size=120000Kb used=2560Kb max_used=2560Kb free=117439Kb
 bounds [0x0000020834500000, 0x0000020834790000, 0x000002083ba30000]
CodeHeap 'profiled nmethods': size=120000Kb used=8784Kb max_used=8784Kb free=111215Kb
 bounds [0x000002082cfd0000, 0x000002082d870000, 0x0000020834500000]
CodeHeap 'non-nmethods': size=5760Kb used=2290Kb max_used=2329Kb free=3469Kb
 bounds [0x000002082ca30000, 0x000002082cca0000, 0x000002082cfd0000]
 total_blobs=4944 nmethods=4169 adapters=686
 compilation: enabled
              stopped_count=0, restarted_count=0
 full_count=0

Compilation events (20 events):
Event: 83.181 Thread 0x00000208433bc000 nmethod 4188 0x000002082d859c90 code [0x000002082d859e40, 0x000002082d85a018]
Event: 83.207 Thread 0x00000208433bc000 4189       3       java.io.ByteArrayInputStream::<init> (26 bytes)
Event: 83.207 Thread 0x00000208433bc000 nmethod 4189 0x000002082d85a110 code [0x000002082d85a2e0, 0x000002082d85a518]
Event: 83.562 Thread 0x00000208433bc000 4190       3       java.lang.ThreadLocal$ThreadLocalMap::cleanSomeSlots (60 bytes)
Event: 84.107 Thread 0x00000208433bc000 nmethod 4190 0x000002082d85a610 code [0x000002082d85a7e0, 0x000002082d85ac08]
Event: 84.215 Thread 0x00000208433bc000 4191       3       java.util.concurrent.ScheduledThreadPoolExecutor::canRunInCurrentRunState (61 bytes)
Event: 84.239 Thread 0x00000208433bc000 nmethod 4191 0x000002082d85ad90 code [0x000002082d85afc0, 0x000002082d85b7e8]
Event: 84.786 Thread 0x00000208433bc000 4192       3       kotlin.text.StringsKt__StringsJVMKt::startsWith$default (15 bytes)
Event: 84.787 Thread 0x00000208433bc000 nmethod 4192 0x000002082d85ba10 code [0x000002082d85bbc0, 0x000002082d85bd08]
Event: 84.787 Thread 0x00000208433bc000 4193       3       kotlin.text.StringsKt__StringsJVMKt::startsWith (36 bytes)
Event: 84.853 Thread 0x00000208433bc000 nmethod 4193 0x000002082d85be10 code [0x000002082d85c0c0, 0x000002082d85cb38]
Event: 84.853 Thread 0x00000208433bc000 4194       3       kotlin.jvm.internal.Intrinsics::checkNotNullExpressionValue (38 bytes)
Event: 84.854 Thread 0x00000208433bc000 nmethod 4194 0x000002082d85cf90 code [0x000002082d85d1c0, 0x000002082d85d688]
Event: 85.167 Thread 0x00000208433bc000 4195       3       java.net.URI::decode (380 bytes)
Event: 85.181 Thread 0x00000208433bc000 nmethod 4195 0x000002082d85d890 code [0x000002082d85df60, 0x000002082d861df8]
Event: 85.201 Thread 0x00000208433bc000 4196       3       kotlin.jvm.internal.Intrinsics::areEqual (22 bytes)
Event: 85.202 Thread 0x00000208433bc000 nmethod 4196 0x000002082d863890 code [0x000002082d863a60, 0x000002082d863ca8]
Event: 85.202 Thread 0x00000208433bc000 4197       3       org.gradle.kotlin.dsl.provider.ClassLoaderClassPathCache::access$fileFrom (6 bytes)
Event: 85.202 Thread 0x00000208433bc000 nmethod 4197 0x000002082d863d90 code [0x000002082d863f60, 0x000002082d8641d8]
Event: 86.431 Thread 0x00000208433b7800 4198       4       java.net.URLClassLoader$1::run (5 bytes)

GC Heap History (20 events):
Event: 2.930 GC heap before
{Heap before GC invocations=0 (full 0):
 garbage-first heap   total 126976K, used 27648K [0x0000000080000000, 0x0000000100000000)
  region size 1024K, 24 young (24576K), 0 survivors (0K)
 Metaspace       used 10082K, capacity 10338K, committed 10624K, reserved 526336K
  class space    used 1030K, capacity 1107K, committed 1152K, reserved 516096K
}
Event: 2.948 GC heap after
{Heap after GC invocations=1 (full 0):
 garbage-first heap   total 126976K, used 10560K [0x0000000080000000, 0x0000000100000000)
  region size 1024K, 3 young (3072K), 3 survivors (3072K)
 Metaspace       used 10082K, capacity 10338K, committed 10624K, reserved 526336K
  class space    used 1030K, capacity 1107K, committed 1152K, reserved 516096K
}
Event: 4.322 GC heap before
{Heap before GC invocations=1 (full 0):
 garbage-first heap   total 126976K, used 33088K [0x0000000080000000, 0x0000000100000000)
  region size 1024K, 25 young (25600K), 3 survivors (3072K)
 Metaspace       used 11219K, capacity 11453K, committed 11520K, reserved 526336K
  class space    used 1148K, capacity 1244K, committed 1280K, reserved 516096K
}
Event: 4.329 GC heap after
{Heap after GC invocations=2 (full 0):
 garbage-first heap   total 126976K, used 11328K [0x0000000080000000, 0x0000000100000000)
  region size 1024K, 1 young (1024K), 1 survivors (1024K)
 Metaspace       used 11219K, capacity 11453K, committed 11520K, reserved 526336K
  class space    used 1148K, capacity 1244K, committed 1280K, reserved 516096K
}
Event: 9.101 GC heap before
{Heap before GC invocations=2 (full 0):
 garbage-first heap   total 126976K, used 63552K [0x0000000080000000, 0x0000000100000000)
  region size 1024K, 52 young (53248K), 1 survivors (1024K)
 Metaspace       used 17214K, capacity 17584K, committed 17792K, reserved 532480K
  class space    used 1958K, capacity 2074K, committed 2176K, reserved 516096K
}
Event: 9.154 GC heap after
{Heap after GC invocations=3 (full 0):
 garbage-first heap   total 126976K, used 17260K [0x0000000080000000, 0x0000000100000000)
  region size 1024K, 7 young (7168K), 7 survivors (7168K)
 Metaspace       used 17214K, capacity 17584K, committed 17792K, reserved 532480K
  class space    used 1958K, capacity 2074K, committed 2176K, reserved 516096K
}
Event: 11.005 GC heap before
{Heap before GC invocations=3 (full 0):
 garbage-first heap   total 126976K, used 42860K [0x0000000080000000, 0x0000000100000000)
  region size 1024K, 33 young (33792K), 7 survivors (7168K)
 Metaspace       used 20813K, capacity 21207K, committed 21296K, reserved 536576K
  class space    used 2484K, capacity 2653K, committed 2688K, reserved 516096K
}
Event: 11.024 GC heap after
{Heap after GC invocations=4 (full 0):
 garbage-first heap   total 126976K, used 18599K [0x0000000080000000, 0x0000000100000000)
  region size 1024K, 2 young (2048K), 2 survivors (2048K)
 Metaspace       used 20813K, capacity 21207K, committed 21296K, reserved 536576K
  class space    used 2484K, capacity 2653K, committed 2688K, reserved 516096K
}
Event: 18.991 GC heap before
{Heap before GC invocations=5 (full 0):
 garbage-first heap   total 126976K, used 73895K [0x0000000080000000, 0x0000000100000000)
  region size 1024K, 56 young (57344K), 2 survivors (2048K)
 Metaspace       used 25787K, capacity 26383K, committed 26544K, reserved 540672K
  class space    used 3285K, capacity 3487K, committed 3584K, reserved 516096K
}
Event: 18.998 GC heap after
{Heap after GC invocations=6 (full 0):
 garbage-first heap   total 126976K, used 20414K [0x0000000080000000, 0x0000000100000000)
  region size 1024K, 4 young (4096K), 4 survivors (4096K)
 Metaspace       used 25787K, capacity 26383K, committed 26544K, reserved 540672K
  class space    used 3285K, capacity 3487K, committed 3584K, reserved 516096K
}
Event: 22.890 GC heap before
{Heap before GC invocations=6 (full 0):
 garbage-first heap   total 126976K, used 82878K [0x0000000080000000, 0x0000000100000000)
  region size 1024K, 65 young (66560K), 4 survivors (4096K)
 Metaspace       used 32228K, capacity 32983K, committed 33200K, reserved 544768K
  class space    used 4239K, capacity 4544K, committed 4608K, reserved 516096K
}
Event: 22.899 GC heap after
{Heap after GC invocations=7 (full 0):
 garbage-first heap   total 126976K, used 22334K [0x0000000080000000, 0x0000000100000000)
  region size 1024K, 5 young (5120K), 5 survivors (5120K)
 Metaspace       used 32228K, capacity 32983K, committed 33200K, reserved 544768K
  class space    used 4239K, capacity 4544K, committed 4608K, reserved 516096K
}
Event: 24.044 GC heap before
{Heap before GC invocations=7 (full 0):
 garbage-first heap   total 126976K, used 31550K [0x0000000080000000, 0x0000000100000000)
  region size 1024K, 15 young (15360K), 5 survivors (5120K)
 Metaspace       used 34963K, capacity 35830K, committed 35920K, reserved 548864K
  class space    used 4458K, capacity 4813K, committed 4864K, reserved 516096K
}
Event: 24.063 GC heap after
{Heap after GC invocations=8 (full 0):
 garbage-first heap   total 126976K, used 23999K [0x0000000080000000, 0x0000000100000000)
  region size 1024K, 7 young (7168K), 7 survivors (7168K)
 Metaspace       used 34963K, capacity 35830K, committed 35920K, reserved 548864K
  class space    used 4458K, capacity 4813K, committed 4864K, reserved 516096K
}
Event: 27.453 GC heap before
{Heap before GC invocations=9 (full 0):
 garbage-first heap   total 126976K, used 75199K [0x0000000080000000, 0x0000000100000000)
  region size 1024K, 54 young (55296K), 7 survivors (7168K)
 Metaspace       used 40689K, capacity 41725K, committed 41936K, reserved 552960K
  class space    used 5101K, capacity 5495K, committed 5504K, reserved 516096K
}
Event: 27.468 GC heap after
{Heap after GC invocations=10 (full 0):
 garbage-first heap   total 126976K, used 28120K [0x0000000080000000, 0x0000000100000000)
  region size 1024K, 7 young (7168K), 7 survivors (7168K)
 Metaspace       used 40689K, capacity 41725K, committed 41936K, reserved 552960K
  class space    used 5101K, capacity 5495K, committed 5504K, reserved 516096K
}
Event: 78.030 GC heap before
{Heap before GC invocations=10 (full 0):
 garbage-first heap   total 126976K, used 78296K [0x0000000080000000, 0x0000000100000000)
  region size 1024K, 56 young (57344K), 7 survivors (7168K)
 Metaspace       used 42935K, capacity 44123K, committed 44240K, reserved 555008K
  class space    used 5432K, capacity 5919K, committed 6016K, reserved 516096K
}
Event: 79.926 GC heap after
{Heap after GC invocations=11 (full 0):
 garbage-first heap   total 126976K, used 31241K [0x0000000080000000, 0x0000000100000000)
  region size 1024K, 7 young (7168K), 7 survivors (7168K)
 Metaspace       used 42935K, capacity 44123K, committed 44240K, reserved 555008K
  class space    used 5432K, capacity 5919K, committed 6016K, reserved 516096K
}
Event: 80.169 GC heap before
{Heap before GC invocations=11 (full 0):
 garbage-first heap   total 126976K, used 32265K [0x0000000080000000, 0x0000000100000000)
  region size 1024K, 8 young (8192K), 7 survivors (7168K)
 Metaspace       used 42938K, capacity 44123K, committed 44240K, reserved 555008K
  class space    used 5432K, capacity 5919K, committed 6016K, reserved 516096K
}
Event: 80.237 GC heap after
{Heap after GC invocations=12 (full 0):
 garbage-first heap   total 126976K, used 31962K [0x0000000080000000, 0x0000000100000000)
  region size 1024K, 1 young (1024K), 1 survivors (1024K)
 Metaspace       used 42938K, capacity 44123K, committed 44240K, reserved 555008K
  class space    used 5432K, capacity 5919K, committed 6016K, reserved 516096K
}

Deoptimization events (20 events):
Event: 66.943 Thread 0x00000208462ab000 DEOPT PACKING pc=0x000002083469adb4 sp=0x000000b45fbf5fa0
Event: 66.944 Thread 0x00000208462ab000 DEOPT UNPACKING pc=0x000002082ca385af sp=0x000000b45fbf5f18 mode 2
Event: 80.052 Thread 0x0000020843e6c000 Uncommon trap: trap_request=0xffffffde fr.pc=0x000002083466356c relative=0x000000000000052c
Event: 80.062 Thread 0x0000020843e6c000 Uncommon trap: reason=class_check action=maybe_recompile pc=0x000002083466356c method=jdk.internal.ref.PhantomCleanable.clean()V @ 12 c2
Event: 80.063 Thread 0x0000020843e6c000 DEOPT PACKING pc=0x000002083466356c sp=0x000000b45f2fedb0
Event: 80.067 Thread 0x0000020843e6c000 DEOPT UNPACKING pc=0x000002082ca385af sp=0x000000b45f2fed90 mode 2
Event: 80.119 Thread 0x0000020843e6c000 Uncommon trap: trap_request=0xffffffde fr.pc=0x000002083466356c relative=0x000000000000052c
Event: 80.119 Thread 0x0000020843e6c000 Uncommon trap: reason=class_check action=maybe_recompile pc=0x000002083466356c method=jdk.internal.ref.PhantomCleanable.clean()V @ 12 c2
Event: 80.119 Thread 0x0000020843e6c000 DEOPT PACKING pc=0x000002083466356c sp=0x000000b45f2fedb0
Event: 80.131 Thread 0x0000020843e6c000 DEOPT UNPACKING pc=0x000002082ca385af sp=0x000000b45f2fed90 mode 2
Event: 80.131 Thread 0x0000020843e6c000 Uncommon trap: trap_request=0xffffffde fr.pc=0x000002083466356c relative=0x000000000000052c
Event: 80.131 Thread 0x0000020843e6c000 Uncommon trap: reason=class_check action=maybe_recompile pc=0x000002083466356c method=jdk.internal.ref.PhantomCleanable.clean()V @ 12 c2
Event: 80.131 Thread 0x0000020843e6c000 DEOPT PACKING pc=0x000002083466356c sp=0x000000b45f2fedb0
Event: 80.138 Thread 0x0000020843e6c000 DEOPT UNPACKING pc=0x000002082ca385af sp=0x000000b45f2fed90 mode 2
Event: 80.237 Thread 0x0000020843e6c000 Uncommon trap: trap_request=0xffffffde fr.pc=0x000002083466356c relative=0x000000000000052c
Event: 80.237 Thread 0x0000020843e6c000 Uncommon trap: reason=class_check action=maybe_recompile pc=0x000002083466356c method=jdk.internal.ref.PhantomCleanable.clean()V @ 12 c2
Event: 80.237 Thread 0x0000020843e6c000 DEOPT PACKING pc=0x000002083466356c sp=0x000000b45f2fedb0
Event: 80.242 Thread 0x0000020843e6c000 DEOPT UNPACKING pc=0x000002082ca385af sp=0x000000b45f2fed90 mode 2
Event: 80.498 Thread 0x00000208462ab000 DEOPT PACKING pc=0x000002082d065027 sp=0x000000b45fbf8280
Event: 80.547 Thread 0x00000208462ab000 DEOPT UNPACKING pc=0x000002082ca79d0e sp=0x000000b45fbf7758 mode 0

Classes redefined (0 events):
No events

Internal exceptions (20 events):
Event: 62.629 Thread 0x00000208462ab000 Exception <a 'java/lang/ClassNotFoundException'{0x000000008602f5c8}: groovy/lang/Closure$1Customizer> (0x000000008602f5c8) thrown at [./src/hotspot/share/classfile/systemDictionary.cpp, line 231]
Event: 63.372 Thread 0x00000208462ab000 Exception <a 'java/lang/NoSuchMethodError'{0x00000000860bd558}: 'java.lang.Object java.lang.invoke.DirectMethodHandle$Holder.invokeStatic(java.lang.Object, java.lang.Object, java.lang.Object, java.lang.Object, int)'> (0x00000000860bd558) thrown at [./src/hotspot/share/interpreter/linkResolver.cpp, line 773]
Event: 64.228 Thread 0x00000208462ab000 Exception <a 'java/lang/ClassNotFoundException'{0x0000000085f4b2a8}: org/gradle/internal/logging/slf4j/OutputEventListenerBackedLoggerBeanInfo> (0x0000000085f4b2a8) thrown at [./src/hotspot/share/classfile/systemDictionary.cpp, line 231]
Event: 64.246 Thread 0x00000208462ab000 Exception <a 'java/lang/ClassNotFoundException'{0x0000000085f78838}: org/gradle/internal/logging/slf4j/BuildOperationAwareLoggerBeanInfo> (0x0000000085f78838) thrown at [./src/hotspot/share/classfile/systemDictionary.cpp, line 231]
Event: 64.256 Thread 0x00000208462ab000 Exception <a 'java/lang/ClassNotFoundException'{0x0000000085fa6128}: org/gradle/internal/logging/slf4j/BuildOperationAwareLoggerCustomizer> (0x0000000085fa6128) thrown at [./src/hotspot/share/classfile/systemDictionary.cpp, line 231]
Event: 64.451 Thread 0x00000208462ab000 Exception <a 'java/lang/ClassNotFoundException'{0x0000000085e06b78}: org/gradle/internal/logging/slf4j/OutputEventListenerBackedLoggerCustomizer> (0x0000000085e06b78) thrown at [./src/hotspot/share/classfile/systemDictionary.cpp, line 231]
Event: 66.120 Thread 0x00000208462ab000 Exception <a 'java/lang/ClassNotFoundException'{0x0000000085b682c8}: org/codehaus/groovy/runtime/NullObjectBeanInfo> (0x0000000085b682c8) thrown at [./src/hotspot/share/classfile/systemDictionary.cpp, line 231]
Event: 66.147 Thread 0x00000208462ab000 Exception <a 'java/lang/ClassNotFoundException'{0x000000008581da10}: org/codehaus/groovy/runtime/NullObjectCustomizer> (0x000000008581da10) thrown at [./src/hotspot/share/classfile/systemDictionary.cpp, line 231]
Event: 66.943 Thread 0x00000208462ab000 Implicit null exception at 0x000002083469acef to 0x000002083469ad98
Event: 66.958 Thread 0x00000208462ab000 Exception <a 'java/lang/ClassNotFoundException'{0x0000000085762c10}: java/io/FileBeanInfo> (0x0000000085762c10) thrown at [./src/hotspot/share/classfile/systemDictionary.cpp, line 231]
Event: 66.959 Thread 0x00000208462ab000 Exception <a 'java/lang/ClassNotFoundException'{0x0000000085768538}: java/io/FileCustomizer> (0x0000000085768538) thrown at [./src/hotspot/share/classfile/systemDictionary.cpp, line 231]
Event: 67.743 Thread 0x00000208462ab000 Exception <a 'java/lang/NoSuchMethodError'{0x00000000857b39d0}: 'void java.lang.invoke.DirectMethodHandle$Holder.invokeInterface(java.lang.Object, java.lang.Object)'> (0x00000000857b39d0) thrown at [./src/hotspot/share/interpreter/linkResolver.cpp, line 773]
Event: 71.672 Thread 0x00000208462ab000 Exception <a 'java/lang/NoSuchMethodError'{0x0000000085232c28}: 'java.lang.Object java.lang.invoke.DirectMethodHandle$Holder.invokeSpecial(java.lang.Object, java.lang.Object, java.lang.Object, java.lang.Object, java.lang.Object, java.lang.Object, java.lang.Object, java.lang.Object, java.lang.Object, java.lang.Object)'> (0x0000000085232c28) thrown at [./src/hotspot/share/interpreter/linkResolver.cpp, line 773]
Event: 71.680 Thread 0x00000208462ab000 Exception <a 'java/lang/NoSuchMethodError'{0x000000008523b358}: 'java.lang.Object java.lang.invoke.Invokers$Holder.invoker(java.lang.Object, java.lang.Object, java.lang.Object, java.lang.Object, java.lang.Object, java.lang.Object, java.lang.Object, java.lang.Object, java.lang.Object)'> (0x000000008523b358) thrown at [./src/hotspot/share/interpreter/linkResolver.cpp, line 773]
Event: 73.563 Thread 0x00000208462ab000 Exception <a 'java/lang/NoSuchMethodError'{0x000000008500f248}: 'java.lang.Object java.lang.invoke.DelegatingMethodHandle$Holder.reinvoke_L(java.lang.Object, java.lang.Object, java.lang.Object, java.lang.Object, java.lang.Object, java.lang.Object, java.lang.Object, java.lang.Object, java.lang.Object, java.lang.Object, java.lang.Object, java.lang.Object, java.lang.Object, java.lang.Object, java.lang.Object, java.lang.Object, java.lang.Object, java.lang.Object, java.lang.Object, java.lang.Object, java.lang.O
Event: 73.579 Thread 0x00000208462ab000 Exception <a 'java/lang/NoSuchMethodError'{0x000000008501acb0}: 'java.lang.Object java.lang.invoke.Invokers$Holder.invoker(java.lang.Object, java.lang.Object, java.lang.Object, java.lang.Object, java.lang.Object, java.lang.Object, java.lang.Object, java.lang.Object, java.lang.Object, java.lang.Object, java.lang.Object, java.lang.Object, java.lang.Object, java.lang.Object, java.lang.Object, java.lang.Object, java.lang.Object, java.lang.Object, java.lang.Object, java.lang.Object, java.lang.Object)'> (0x00000
Event: 73.586 Thread 0x00000208462ab000 Exception <a 'java/lang/NoSuchMethodError'{0x0000000085021cd8}: 'java.lang.Object java.lang.invoke.DelegatingMethodHandle$Holder.delegate(java.lang.Object, java.lang.Object, java.lang.Object, java.lang.Object, java.lang.Object, java.lang.Object, java.lang.Object, java.lang.Object, java.lang.Object, java.lang.Object, java.lang.Object, java.lang.Object, java.lang.Object, java.lang.Object, java.lang.Object, java.lang.Object, java.lang.Object, java.lang.Object, java.lang.Object, java.lang.Object, java.lang.Obj
Event: 73.891 Thread 0x00000208462ab000 Exception <a 'java/lang/NoSuchMethodError'{0x0000000085065980}: 'java.lang.Object java.lang.invoke.DirectMethodHandle$Holder.invokeStatic(java.lang.Object, java.lang.Object, java.lang.Object, java.lang.Object, java.lang.Object, java.lang.Object, java.lang.Object, java.lang.Object, java.lang.Object, java.lang.Object, java.lang.Object, java.lang.Object, java.lang.Object, java.lang.Object, java.lang.Object)'> (0x0000000085065980) thrown at [./src/hotspot/share/interpreter/linkResolver.cpp, line 773]
Event: 73.908 Thread 0x00000208462ab000 Exception <a 'java/lang/NoSuchMethodError'{0x0000000085075d10}: 'java.lang.Object java.lang.invoke.DirectMethodHandle$Holder.invokeStatic(java.lang.Object, java.lang.Object, java.lang.Object, java.lang.Object, java.lang.Object, java.lang.Object, java.lang.Object, java.lang.Object, java.lang.Object, java.lang.Object, java.lang.Object, java.lang.Object, java.lang.Object, java.lang.Object, java.lang.Object, java.lang.Object)'> (0x0000000085075d10) thrown at [./src/hotspot/share/interpreter/linkResolver.cpp, l
Event: 73.914 Thread 0x00000208462ab000 Exception <a 'java/lang/NoSuchMethodError'{0x0000000085086220}: 'java.lang.Object java.lang.invoke.DelegatingMethodHandle$Holder.reinvoke_L(java.lang.Object, java.lang.Object, java.lang.Object, java.lang.Object, java.lang.Object, java.lang.Object, java.lang.Object, java.lang.Object, java.lang.Object, java.lang.Object, java.lang.Object, java.lang.Object, java.lang.Object, java.lang.Object, java.lang.Object, java.lang.Object, java.lang.Object, java.lang.Object, java.lang.Object, java.lang.Object)'> (0x000000

Events (20 events):
Event: 85.324 loading class kotlin/collections/CollectionsKt___CollectionsKt
Event: 85.324 loading class kotlin/collections/CollectionsKt___CollectionsKt done
Event: 86.047 loading class kotlin/collections/CollectionsKt___CollectionsJvmKt
Event: 86.047 loading class kotlin/collections/CollectionsKt___CollectionsJvmKt done
Event: 86.317 loading class kotlin/collections/CollectionsKt__ReversedViewsKt
Event: 86.317 loading class kotlin/collections/CollectionsKt__ReversedViewsKt done
Event: 86.328 loading class kotlin/collections/CollectionsKt__MutableCollectionsKt
Event: 86.328 loading class kotlin/collections/CollectionsKt__MutableCollectionsKt done
Event: 86.399 loading class kotlin/collections/CollectionsKt__MutableCollectionsJVMKt
Event: 86.399 loading class kotlin/collections/CollectionsKt__MutableCollectionsJVMKt done
Event: 86.418 loading class kotlin/collections/CollectionsKt__IteratorsKt
Event: 86.418 loading class kotlin/collections/CollectionsKt__IteratorsKt done
Event: 86.427 loading class kotlin/collections/CollectionsKt__IteratorsJVMKt
Event: 86.427 loading class kotlin/collections/CollectionsKt__IteratorsJVMKt done
Event: 86.430 loading class kotlin/collections/CollectionsKt__IterablesKt
Event: 86.430 loading class kotlin/collections/CollectionsKt__IterablesKt done
Event: 86.447 loading class kotlin/collections/CollectionsKt__CollectionsKt
Event: 86.447 loading class kotlin/collections/CollectionsKt__CollectionsKt done
Event: 86.461 loading class kotlin/collections/CollectionsKt__CollectionsJVMKt
Event: 86.461 loading class kotlin/collections/CollectionsKt__CollectionsJVMKt done


Dynamic libraries:
0x00007ff710480000 - 0x00007ff71048d000 	C:\Users\ajaya\AppData\Local\Programs\Eclipse Adoptium\jdk-11.0.13.8-hotspot\bin\java.exe
0x00007ff937f90000 - 0x00007ff9381a4000 	C:\WINDOWS\SYSTEM32\ntdll.dll
0x00007ff937170000 - 0x00007ff937234000 	C:\WINDOWS\System32\KERNEL32.DLL
0x00007ff9354e0000 - 0x00007ff935884000 	C:\WINDOWS\System32\KERNELBASE.dll
0x00007ff935900000 - 0x00007ff935a11000 	C:\WINDOWS\System32\ucrtbase.dll
0x00007ff92bb80000 - 0x00007ff92bb97000 	C:\Users\ajaya\AppData\Local\Programs\Eclipse Adoptium\jdk-11.0.13.8-hotspot\bin\jli.dll
0x00007ff92afc0000 - 0x00007ff92afd5000 	C:\Users\ajaya\AppData\Local\Programs\Eclipse Adoptium\jdk-11.0.13.8-hotspot\bin\VCRUNTIME140.dll
0x00007ff936c00000 - 0x00007ff936daa000 	C:\WINDOWS\System32\USER32.dll
0x00007ff935c00000 - 0x00007ff935c26000 	C:\WINDOWS\System32\win32u.dll
0x00007ff9104b0000 - 0x00007ff91073f000 	C:\WINDOWS\WinSxS\amd64_microsoft.windows.common-controls_6595b64144ccf1df_6.0.22621.2070_none_2713e6537381f706\COMCTL32.dll
0x00007ff937e90000 - 0x00007ff937f37000 	C:\WINDOWS\System32\msvcrt.dll
0x00007ff937140000 - 0x00007ff937169000 	C:\WINDOWS\System32\GDI32.dll
0x00007ff935c30000 - 0x00007ff935d49000 	C:\WINDOWS\System32\gdi32full.dll
0x00007ff935b60000 - 0x00007ff935bfa000 	C:\WINDOWS\System32\msvcp_win.dll
0x00007ff937350000 - 0x00007ff937381000 	C:\WINDOWS\System32\IMM32.DLL
0x00007ff9186e0000 - 0x00007ff91877b000 	C:\Users\ajaya\AppData\Local\Programs\Eclipse Adoptium\jdk-11.0.13.8-hotspot\bin\msvcp140.dll
0x00007ff8bff90000 - 0x00007ff8c0b0e000 	C:\Users\ajaya\AppData\Local\Programs\Eclipse Adoptium\jdk-11.0.13.8-hotspot\bin\server\jvm.dll
0x00007ff937400000 - 0x00007ff9374b0000 	C:\WINDOWS\System32\ADVAPI32.dll
0x00007ff9374c0000 - 0x00007ff937566000 	C:\WINDOWS\System32\sechost.dll
0x00007ff937d70000 - 0x00007ff937e87000 	C:\WINDOWS\System32\RPCRT4.dll
0x00007ff936a50000 - 0x00007ff936a58000 	C:\WINDOWS\System32\PSAPI.DLL
0x00007ff8e97d0000 - 0x00007ff8e97d9000 	C:\WINDOWS\SYSTEM32\WSOCK32.dll
0x00007ff92b790000 - 0x00007ff92b79a000 	C:\WINDOWS\SYSTEM32\VERSION.dll
0x00007ff9372c0000 - 0x00007ff937331000 	C:\WINDOWS\System32\WS2_32.dll
0x00007ff92bb10000 - 0x00007ff92bb44000 	C:\WINDOWS\SYSTEM32\WINMM.dll
0x00007ff934340000 - 0x00007ff934358000 	C:\WINDOWS\SYSTEM32\kernel.appcore.dll
0x00007ff922310000 - 0x00007ff922320000 	C:\Users\ajaya\AppData\Local\Programs\Eclipse Adoptium\jdk-11.0.13.8-hotspot\bin\verify.dll
0x00007ff932d20000 - 0x00007ff932f4e000 	C:\WINDOWS\SYSTEM32\DBGHELP.DLL
0x00007ff936db0000 - 0x00007ff93713a000 	C:\WINDOWS\System32\combase.dll
0x00007ff936620000 - 0x00007ff9366f7000 	C:\WINDOWS\System32\OLEAUT32.dll
0x00007ff923a60000 - 0x00007ff923a92000 	C:\WINDOWS\SYSTEM32\dbgcore.DLL
0x00007ff935ae0000 - 0x00007ff935b5a000 	C:\WINDOWS\System32\bcryptPrimitives.dll
0x00007ff9186b0000 - 0x00007ff9186d8000 	C:\Users\ajaya\AppData\Local\Programs\Eclipse Adoptium\jdk-11.0.13.8-hotspot\bin\java.dll
0x00007ff91f190000 - 0x00007ff91f19a000 	C:\Users\ajaya\AppData\Local\Programs\Eclipse Adoptium\jdk-11.0.13.8-hotspot\bin\jimage.dll
0x00007ff918690000 - 0x00007ff9186a7000 	C:\Users\ajaya\AppData\Local\Programs\Eclipse Adoptium\jdk-11.0.13.8-hotspot\bin\zip.dll
0x00007ff935e00000 - 0x00007ff936616000 	C:\WINDOWS\System32\SHELL32.dll
0x00007ff9332f0000 - 0x00007ff933bda000 	C:\WINDOWS\SYSTEM32\windows.storage.dll
0x00007ff9331b0000 - 0x00007ff9332ee000 	C:\WINDOWS\SYSTEM32\wintypes.dll
0x00007ff937ae0000 - 0x00007ff937bd3000 	C:\WINDOWS\System32\SHCORE.dll
0x00007ff937d10000 - 0x00007ff937d6e000 	C:\WINDOWS\System32\shlwapi.dll
0x00007ff9352a0000 - 0x00007ff9352c6000 	C:\WINDOWS\SYSTEM32\profapi.dll
0x00007ff918670000 - 0x00007ff918689000 	C:\Users\ajaya\AppData\Local\Programs\Eclipse Adoptium\jdk-11.0.13.8-hotspot\bin\net.dll
0x00007ff92c8f0000 - 0x00007ff92ca27000 	C:\WINDOWS\SYSTEM32\WINHTTP.dll
0x00007ff934830000 - 0x00007ff934899000 	C:\WINDOWS\system32\mswsock.dll
0x00007ff90ed70000 - 0x00007ff90ed82000 	C:\Users\ajaya\AppData\Local\Programs\Eclipse Adoptium\jdk-11.0.13.8-hotspot\bin\nio.dll
0x00007ff90ed90000 - 0x00007ff90edb7000 	C:\Users\ajaya\.gradle\native\68d5fa5c4cc2d200863cafc0d521ce42e7d3e7ee720ec0a83991735586a16f82\windows-amd64\native-platform.dll
0x00007ff8e3090000 - 0x00007ff8e31d4000 	C:\Users\ajaya\.gradle\native\e376f236ea51e6404a007f0833ffe2c6e607c4080706a723a18a27aeea778392\windows-amd64\native-platform-file-events.dll
0x00007ff918660000 - 0x00007ff918669000 	C:\Users\ajaya\AppData\Local\Programs\Eclipse Adoptium\jdk-11.0.13.8-hotspot\bin\management.dll
0x00007ff916700000 - 0x00007ff91670b000 	C:\Users\ajaya\AppData\Local\Programs\Eclipse Adoptium\jdk-11.0.13.8-hotspot\bin\management_ext.dll
0x00007ff934b00000 - 0x00007ff934b1b000 	C:\WINDOWS\SYSTEM32\CRYPTSP.dll
0x00007ff934300000 - 0x00007ff934335000 	C:\WINDOWS\system32\rsaenh.dll
0x00007ff934990000 - 0x00007ff9349bc000 	C:\WINDOWS\SYSTEM32\USERENV.dll
0x00007ff934d30000 - 0x00007ff934d58000 	C:\WINDOWS\SYSTEM32\bcrypt.dll
0x00007ff934af0000 - 0x00007ff934afc000 	C:\WINDOWS\SYSTEM32\CRYPTBASE.dll
0x00007ff933e80000 - 0x00007ff933ead000 	C:\WINDOWS\SYSTEM32\IPHLPAPI.DLL
0x00007ff937340000 - 0x00007ff937349000 	C:\WINDOWS\System32\NSI.dll
0x00007ff92b6e0000 - 0x00007ff92b6f9000 	C:\WINDOWS\SYSTEM32\dhcpcsvc6.DLL
0x00007ff92b250000 - 0x00007ff92b26f000 	C:\WINDOWS\SYSTEM32\dhcpcsvc.DLL
0x00007ff933eb0000 - 0x00007ff933fa3000 	C:\WINDOWS\SYSTEM32\DNSAPI.dll

dbghelp: loaded successfully - version: 4.0.5 - missing functions: none
symbol engine: initialized successfully - sym options: 0x614 - pdb path: .;C:\Users\ajaya\AppData\Local\Programs\Eclipse Adoptium\jdk-11.0.13.8-hotspot\bin;C:\WINDOWS\SYSTEM32;C:\WINDOWS\WinSxS\amd64_microsoft.windows.common-controls_6595b64144ccf1df_6.0.22621.2070_none_2713e6537381f706;C:\Users\ajaya\AppData\Local\Programs\Eclipse Adoptium\jdk-11.0.13.8-hotspot\bin\server;C:\Users\ajaya\.gradle\native\68d5fa5c4cc2d200863cafc0d521ce42e7d3e7ee720ec0a83991735586a16f82\windows-amd64;C:\Users\ajaya\.gradle\native\e376f236ea51e6404a007f0833ffe2c6e607c4080706a723a18a27aeea778392\windows-amd64

VM Arguments:
jvm_args: -XX:MaxMetaspaceSize=512m --add-opens=java.base/java.util=ALL-UNNAMED --add-opens=java.base/java.lang=ALL-UNNAMED --add-opens=java.base/java.lang.invoke=ALL-UNNAMED --add-opens=java.prefs/java.util.prefs=ALL-UNNAMED --add-opens=java.base/java.nio.charset=ALL-UNNAMED --add-opens=java.base/java.net=ALL-UNNAMED --add-opens=java.base/java.util.concurrent.atomic=ALL-UNNAMED -Xmx2048m -Dfile.encoding=windows-1252 -Duser.country=GB -Duser.language=en -Duser.variant 
java_command: org.gradle.launcher.daemon.bootstrap.GradleDaemon 8.0.1
java_class_path (initial): C:\Users\ajaya\.gradle\wrapper\dists\gradle-8.0.1-all\aro4hu1c3oeioove7l0i4i14o\gradle-8.0.1\lib\gradle-launcher-8.0.1.jar
Launcher Type: SUN_STANDARD

[Global flags]
     intx CICompilerCount                          = 4                                         {product} {ergonomic}
   size_t CompressedClassSpaceSize                 = 528482304                                 {product} {ergonomic}
     uint ConcGCThreads                            = 2                                         {product} {ergonomic}
     uint G1ConcRefinementThreads                  = 8                                         {product} {ergonomic}
   size_t G1HeapRegionSize                         = 1048576                                   {product} {ergonomic}
    uintx GCDrainStackTargetSize                   = 64                                        {product} {ergonomic}
   size_t InitialHeapSize                          = 130023424                                 {product} {ergonomic}
   size_t MarkStackSize                            = 4194304                                   {product} {ergonomic}
   size_t MaxHeapSize                              = 2147483648                                {product} {command line}
   size_t MaxMetaspaceSize                         = 536870912                                 {product} {command line}
   size_t MaxNewSize                               = 1287651328                                {product} {ergonomic}
   size_t MinHeapDeltaBytes                        = 1048576                                   {product} {ergonomic}
    uintx NonNMethodCodeHeapSize                   = 5836300                                {pd product} {ergonomic}
    uintx NonProfiledCodeHeapSize                  = 122910970                              {pd product} {ergonomic}
    uintx ProfiledCodeHeapSize                     = 122910970                              {pd product} {ergonomic}
    uintx ReservedCodeCacheSize                    = 251658240                              {pd product} {ergonomic}
     bool SegmentedCodeCache                       = true                                      {product} {ergonomic}
     bool UseCompressedClassPointers               = true                                 {lp64_product} {ergonomic}
     bool UseCompressedOops                        = true                                 {lp64_product} {ergonomic}
     bool UseG1GC                                  = true                                      {product} {ergonomic}
     bool UseLargePagesIndividualAllocation        = false                                  {pd product} {ergonomic}

Logging:
Log output configuration:
 #0: stdout all=warning uptime,level,tags
 #1: stderr all=off uptime,level,tags

Environment Variables:
JAVA_HOME=C:\Users\ajaya\AppData\Local\Programs\Eclipse Adoptium\jdk-11.0.13.8-hotspot\
CLASSPATH=C:\Users\ajaya\Desktop\AwesomeProject\android\\gradle\wrapper\gradle-wrapper.jar
PATH=C:\Users\ajaya\Desktop\AwesomeProject\node_modules\.bin;C:\Users\ajaya\Desktop\AwesomeProject\node_modules\.bin;C:\Users\ajaya\Desktop\node_modules\.bin;C:\Users\ajaya\node_modules\.bin;C:\Users\node_modules\.bin;C:\node_modules\.bin;C:\Program Files\nodejs\node_modules\npm\node_modules\@npmcli\run-script\lib\node-gyp-bin;C:\Users\ajaya\Desktop\AwesomeProject\node_modules\.bin;C:\Users\ajaya\Desktop\AwesomeProject\node_modules\.bin;C:\Users\ajaya\Desktop\node_modules\.bin;C:\Users\ajaya\node_modules\.bin;C:\Users\node_modules\.bin;C:\node_modules\.bin;C:\Program Files\nodejs\node_modules\npm\node_modules\@npmcli\run-script\lib\node-gyp-bin;C:\Program Files\Eclipse Adoptium\jdk-17.0.7.7-hotspot\bin;C:\Program Files\Microsoft\jdk-11.0.18.10-hotspot\bin;C:\Program Files\Common Files\Oracle\Java\javapath;C:\WINDOWS\system32;C:\WINDOWS;C:\WINDOWS\System32\Wbem;C:\WINDOWS\System32\WindowsPowerShell\v1.0\;C:\WINDOWS\System32\OpenSSH\;C:\Program Files\Git\cmd;C:\Users\ajaya\AppData\Local\Programs\Eclipse Adoptium\jdk-11.0.13.8-hotspot\bin;C:\Users\ajaya\AppData\Local\Programs\Python\Python39\Scripts\;C:\Users\ajaya\AppData\Local\Programs\Python\Python39\;C:\Users\ajaya\AppData\Local\Microsoft\WindowsApps;C:\Users\ajaya\AppData\Local\Programs\Microsoft VS Code\bin;C:\Users\ajaya\AppData\Local\Programs\Python\Python39;C:\IntelliJ IDEA Community Edition 2021.3\bin;C:\Users\ajaya\AppData\Roaming\npm;C:\Program Files\heroku\bin;C:\OSGeo4W64\bin;C:\OSGeo4W\bin;C:\WINDOWS\system32;C:\WINDOWS;C:\WINDOWS\System32\Wbem;C:\WINDOWS\System32\WindowsPowerShell\v1.0\;C:\WINDOWS\System32\OpenSSH\;C:\ProgramData\chocolatey\bin;C:\Program Files\nodejs\;C:\Users\ajaya\AppData\Local\Android\Sdk\platform-tools;C:\Users\ajaya\AppData\Local\Programs\Eclipse Adoptium\jdk-11.0.13.8-hotspot\bin;C:\Users\ajaya\AppData\Local\Programs\Python\Python39\Scripts\;C:\Users\ajaya\AppData\Local\Programs\Python\Python39\;C:\Users\ajaya\AppData\Local\Microsoft\WindowsApps;C:\Users\ajaya\AppData\Local\Programs
USERNAME=ajaya
LANG=en_US.UTF-8
OS=Windows_NT
PROCESSOR_IDENTIFIER=Intel64 Family 6 Model 140 Stepping 1, GenuineIntel



---------------  S Y S T E M  ---------------

OS: Windows 10 , 64 bit Build 22621 (10.0.22621.2070)
OS uptime: 0 days 19:52 hours
Hyper-V role detected

CPU:total 8 (initial active 8) (4 cores per cpu, 2 threads per core) family 6 model 140 stepping 1 microcode 0xa4, cmov, cx8, fxsr, mmx, sse, sse2, sse3, ssse3, sse4.1, sse4.2, popcnt, avx, avx2, aes, clmul, erms, 3dnowpref, lzcnt, ht, tsc, tscinvbit, bmi1, bmi2, adx, evex, sha, fma

Memory: 4k page, system-wide physical 7831M (96M free)
TotalPageFile size 31383M (AvailPageFile size 57M)
current process WorkingSet (physical memory assigned to process): 24M, peak: 196M
current process commit charge ("private bytes"): 295M, peak: 305M

vm_info: OpenJDK 64-Bit Server VM (11.0.13+8) for windows-amd64 JRE (11.0.13+8), built on Oct 19 2021 17:05:59 by "" with unknown MS VC++:1916

END.
