#
# There is insufficient memory for the Java Runtime Environment to continue.
# Native memory allocation (malloc) failed to allocate 383776 bytes for Chunk::new
# Possible reasons:
#   The system is out of physical RAM or swap space
#   The process is running with CompressedOops enabled, and the Java Heap may be blocking the growth of the native heap
# Possible solutions:
#   Reduce memory load on the system
#   Increase physical memory or swap space
#   Check if swap backing store is full
#   Decrease Java heap size (-Xmx/-Xms)
#   Decrease number of Java threads
#   Decrease Java thread stack sizes (-Xss)
#   Set larger code cache with -XX:ReservedCodeCacheSize=
#   JVM is running with Unscaled Compressed Oops mode in which the Java heap is
#     placed in the first 4GB address space. The Java Heap base address is the
#     maximum limit for the native heap growth. Please use -XX:HeapBaseMinAddress
#     to set the Java Heap base and to place the Java Heap above 4GB virtual address.
# This output file may be truncated or incomplete.
#
#  Out of Memory Error (./src/hotspot/share/memory/arena.cpp:197), pid=32684, tid=33092
#
# JRE version: OpenJDK Runtime Environment Temurin-11.0.13+8 (11.0.13+8) (build 11.0.13+8)
# Java VM: OpenJDK 64-Bit Server VM Temurin-11.0.13+8 (11.0.13+8, mixed mode, tiered, compressed oops, g1 gc, windows-amd64)
# No core dump will be written. Minidumps are not enabled by default on client versions of Windows
#

---------------  S U M M A R Y ------------

Command Line: -XX:MaxMetaspaceSize=512m --add-opens=java.base/java.util=ALL-UNNAMED --add-opens=java.base/java.lang=ALL-UNNAMED --add-opens=java.base/java.lang.invoke=ALL-UNNAMED --add-opens=java.prefs/java.util.prefs=ALL-UNNAMED --add-opens=java.base/java.nio.charset=ALL-UNNAMED --add-opens=java.base/java.net=ALL-UNNAMED --add-opens=java.base/java.util.concurrent.atomic=ALL-UNNAMED -Xmx2048m -Dfile.encoding=windows-1252 -Duser.country=GB -Duser.language=en -Duser.variant org.gradle.launcher.daemon.bootstrap.GradleDaemon 8.0.1

Host: 11th Gen Intel(R) Core(TM) i7-1165G7 @ 2.80GHz, 8 cores, 7G,  Windows 10 , 64 bit Build 22621 (10.0.22621.2070)
Time: Fri Jul 28 19:49:45 2023 India Standard Time elapsed time: 455.562464 seconds (0d 0h 7m 35s)

---------------  T H R E A D  ---------------

Current thread (0x000002c4ff835800):  JavaThread "C2 CompilerThread0" daemon [_thread_in_native, id=33092, stack(0x000000f51d200000,0x000000f51d300000)]


Current CompileTask:
C2: 455562 9961   !   4       java.io.BufferedReader::readLine (304 bytes)

Stack: [0x000000f51d200000,0x000000f51d300000]
Native frames: (J=compiled Java code, j=interpreted, Vv=VM code, C=native code)
V  [jvm.dll+0x61cc7a]
V  [jvm.dll+0x7a8fd9]
V  [jvm.dll+0x7aa69f]
V  [jvm.dll+0x7aad73]
V  [jvm.dll+0x24f808]
V  [jvm.dll+0xc260c]
V  [jvm.dll+0xc2bcc]
V  [jvm.dll+0x2c1644]
V  [jvm.dll+0x52beb9]
V  [jvm.dll+0x210dcd]
V  [jvm.dll+0x20aab4]
V  [jvm.dll+0x207a5b]
V  [jvm.dll+0x18a011]
V  [jvm.dll+0x217599]
V  [jvm.dll+0x21578b]
V  [jvm.dll+0x76ba50]
V  [jvm.dll+0x7649d4]
V  [jvm.dll+0x61bb16]
C  [ucrtbase.dll+0x29363]
C  [KERNEL32.DLL+0x126ad]
C  [ntdll.dll+0x5aa68]


---------------  P R O C E S S  ---------------

Threads class SMR info:
_java_thread_list=0x000002c49d7d4ad0, length=132, elements={
0x000002c4f7de2800, 0x000002c4ff814000, 0x000002c4ff818000, 0x000002c4ff832800,
0x000002c4ff833800, 0x000002c4ff834800, 0x000002c4ff835800, 0x000002c4ff83c000,
0x000002c4ff83d000, 0x000002c4ffa83000, 0x000002c49b12a000, 0x000002c49b01f000,
0x000002c49abc8000, 0x000002c4fface800, 0x000002c49b39e800, 0x000002c49b167000,
0x000002c49bd60000, 0x000002c49a797800, 0x000002c49b9c6000, 0x000002c49a658800,
0x000002c49a656000, 0x000002c49a659000, 0x000002c49a654800, 0x000002c49a657000,
0x000002c49a657800, 0x000002c49a65b000, 0x000002c49a655000, 0x000002c49c410800,
0x000002c49c40d800, 0x000002c49c410000, 0x000002c49c40c800, 0x000002c49c40e000,
0x000002c49c40b000, 0x000002c49c411800, 0x000002c49c40b800, 0x000002c49c418000,
0x000002c49c417000, 0x000002c49c412800, 0x000002c49c413000, 0x000002c49c419000,
0x000002c49c415800, 0x000002c49c416800, 0x000002c49c419800, 0x000002c49c414000,
0x000002c49c750800, 0x000002c49c74f000, 0x000002c49c74e000, 0x000002c49c750000,
0x000002c49c751800, 0x000002c49c752800, 0x000002c49c753000, 0x000002c49c74d800,
0x000002c49c756800, 0x000002c49c755800, 0x000002c49c757000, 0x000002c49c758000,
0x000002c49c759000, 0x000002c49c755000, 0x000002c49c759800, 0x000002c49c754000,
0x000002c49c75a800, 0x000002c49c75b800, 0x000002c49c75c000, 0x000002c49c241800,
0x000002c49c240800, 0x000002c49c242800, 0x000002c49c244000, 0x000002c49c240000,
0x000002c49c243000, 0x000002c49c24a800, 0x000002c49c245000, 0x000002c49c249000,
0x000002c49c249800, 0x000002c49c24b800, 0x000002c49c24c000, 0x000002c49c246800,
0x000002c49c24d000, 0x000002c49c248000, 0x000002c49c247800, 0x000002c49c24e000,
0x000002c49c24e800, 0x000002c49c414800, 0x000002c49d71c800, 0x000002c49d71e800,
0x000002c49d719800, 0x000002c49d71d800, 0x000002c49d71c000, 0x000002c49d71f000,
0x000002c49d720000, 0x000002c49d71a800, 0x000002c49d721000, 0x000002c49d71b000,
0x000002c49d721800, 0x000002c49d725000, 0x000002c49d727800, 0x000002c49d725800,
0x000002c49d724000, 0x000002c49d728000, 0x000002c49d722800, 0x000002c49d726800,
0x000002c49d723800, 0x000002c49f93a800, 0x000002c49f93b800, 0x000002c49f942000,
0x000002c49f93e000, 0x000002c49f93c000, 0x000002c49f942800, 0x000002c49f93e800,
0x000002c49f940800, 0x000002c49f941000, 0x000002c49f93d000, 0x000002c49f945000,
0x000002c49f944800, 0x000002c49f943800, 0x000002c49f93f800, 0x000002c49f947000,
0x000002c49f947800, 0x000002c49f946000, 0x000002c49f948800, 0x000002c49f949800,
0x000002c49e42f000, 0x000002c49e42b800, 0x000002c49e42c800, 0x000002c49e42a000,
0x000002c49e429800, 0x000002c49e430000, 0x000002c49e42d800, 0x000002c49e430800,
0x000002c49e42e000, 0x000002c49e42b000, 0x000002c49e434800, 0x000002c49e435800
}

Java Threads: ( => current thread )
  0x000002c4f7de2800 JavaThread "main" [_thread_blocked, id=32844, stack(0x000000f51c600000,0x000000f51c700000)]
  0x000002c4ff814000 JavaThread "Reference Handler" daemon [_thread_blocked, id=33008, stack(0x000000f51cd00000,0x000000f51ce00000)]
  0x000002c4ff818000 JavaThread "Finalizer" daemon [_thread_blocked, id=33012, stack(0x000000f51ce00000,0x000000f51cf00000)]
  0x000002c4ff832800 JavaThread "Signal Dispatcher" daemon [_thread_blocked, id=33080, stack(0x000000f51cf00000,0x000000f51d000000)]
  0x000002c4ff833800 JavaThread "Attach Listener" daemon [_thread_blocked, id=33084, stack(0x000000f51d000000,0x000000f51d100000)]
  0x000002c4ff834800 JavaThread "Service Thread" daemon [_thread_blocked, id=33088, stack(0x000000f51d100000,0x000000f51d200000)]
=>0x000002c4ff835800 JavaThread "C2 CompilerThread0" daemon [_thread_in_native, id=33092, stack(0x000000f51d200000,0x000000f51d300000)]
  0x000002c4ff83c000 JavaThread "C1 CompilerThread0" daemon [_thread_blocked, id=33096, stack(0x000000f51d300000,0x000000f51d400000)]
  0x000002c4ff83d000 JavaThread "Sweeper thread" daemon [_thread_blocked, id=33100, stack(0x000000f51d400000,0x000000f51d500000)]
  0x000002c4ffa83000 JavaThread "Common-Cleaner" daemon [_thread_blocked, id=33148, stack(0x000000f51d500000,0x000000f51d600000)]
  0x000002c49b12a000 JavaThread "Daemon health stats" [_thread_blocked, id=33300, stack(0x000000f51d800000,0x000000f51d900000)]
  0x000002c49b01f000 JavaThread "Incoming local TCP Connector on port 57669" [_thread_in_native, id=32636, stack(0x000000f51d900000,0x000000f51da00000)]
  0x000002c49abc8000 JavaThread "Daemon periodic checks" [_thread_blocked, id=23424, stack(0x000000f51da00000,0x000000f51db00000)]
  0x000002c4fface800 JavaThread "Daemon" [_thread_blocked, id=19756, stack(0x000000f51db00000,0x000000f51dc00000)]
  0x000002c49b39e800 JavaThread "Handler for socket connection from /127.0.0.1:57669 to /127.0.0.1:57683" [_thread_in_native, id=29784, stack(0x000000f51dc00000,0x000000f51dd00000)]
  0x000002c49b167000 JavaThread "Cancel handler" [_thread_blocked, id=30168, stack(0x000000f51dd00000,0x000000f51de00000)]
  0x000002c49bd60000 JavaThread "Daemon worker" [_thread_in_native, id=17092, stack(0x000000f51de00000,0x000000f51df00000)]
  0x000002c49a797800 JavaThread "Asynchronous log dispatcher for DefaultDaemonConnection: socket connection from /127.0.0.1:57669 to /127.0.0.1:57683" [_thread_blocked, id=32312, stack(0x000000f51e500000,0x000000f51e600000)]
  0x000002c49b9c6000 JavaThread "Daemon client event forwarder" [_thread_blocked, id=33176, stack(0x000000f51e700000,0x000000f51e800000)]
  0x000002c49a658800 JavaThread "Cache worker for journal cache (C:\Users\ajaya\.gradle\caches\journal-1)" [_thread_blocked, id=11068, stack(0x000000f51e800000,0x000000f51e900000)]
  0x000002c49a656000 JavaThread "File lock request listener" [_thread_in_native, id=30068, stack(0x000000f51ea00000,0x000000f51eb00000)]
  0x000002c49a659000 JavaThread "Cache worker for file hash cache (C:\Users\ajaya\.gradle\caches\8.0.1\fileHashes)" [_thread_blocked, id=31036, stack(0x000000f51eb00000,0x000000f51ec00000)]
  0x000002c49a654800 JavaThread "File watcher server" daemon [_thread_in_native, id=32748, stack(0x000000f51ef00000,0x000000f51f000000)]
  0x000002c49a657000 JavaThread "File watcher consumer" daemon [_thread_blocked, id=29888, stack(0x000000f51f000000,0x000000f51f100000)]
  0x000002c49a657800 JavaThread "Cache worker for checksums cache (C:\Users\ajaya\Desktop\AwesomeProject\android\.gradle\8.0.1\checksums)" [_thread_blocked, id=11708, stack(0x000000f51f100000,0x000000f51f200000)]
  0x000002c49a65b000 JavaThread "Cache worker for cache directory md-rule (C:\Users\ajaya\.gradle\caches\8.0.1\md-rule)" [_thread_blocked, id=31672, stack(0x000000f51f200000,0x000000f51f300000)]
  0x000002c49a655000 JavaThread "Cache worker for file content cache (C:\Users\ajaya\.gradle\caches\8.0.1\fileContent)" [_thread_blocked, id=30680, stack(0x000000f51f300000,0x000000f51f400000)]
  0x000002c49c410800 JavaThread "Cache worker for file hash cache (C:\Users\ajaya\Desktop\AwesomeProject\android\.gradle\8.0.1\fileHashes)" [_thread_blocked, id=28624, stack(0x000000f51f400000,0x000000f51f500000)]
  0x000002c49c40d800 JavaThread "Cache worker for cache directory md-supplier (C:\Users\ajaya\.gradle\caches\8.0.1\md-supplier)" [_thread_blocked, id=31152, stack(0x000000f51f500000,0x000000f51f600000)]
  0x000002c49c410000 JavaThread "Cache worker for execution history cache (C:\Users\ajaya\.gradle\caches\8.0.1\executionHistory)" [_thread_blocked, id=31380, stack(0x000000f51f600000,0x000000f51f700000)]
  0x000002c49c40c800 JavaThread "jar transforms" [_thread_blocked, id=34012, stack(0x000000f51f700000,0x000000f51f800000)]
  0x000002c49c40e000 JavaThread "jar transforms Thread 2" [_thread_blocked, id=34024, stack(0x000000f51f800000,0x000000f51f900000)]
  0x000002c49c40b000 JavaThread "jar transforms Thread 3" [_thread_blocked, id=34072, stack(0x000000f51f900000,0x000000f51fa00000)]
  0x000002c49c411800 JavaThread "jar transforms Thread 4" [_thread_blocked, id=34076, stack(0x000000f51fa00000,0x000000f51fb00000)]
  0x000002c49c40b800 JavaThread "Cache worker for kotlin-dsl (C:\Users\ajaya\.gradle\caches\8.0.1\kotlin-dsl)" [_thread_blocked, id=34468, stack(0x000000f51c400000,0x000000f51c500000)]
  0x000002c49c418000 JavaThread "jar transforms Thread 5" [_thread_blocked, id=23696, stack(0x000000f51c500000,0x000000f51c600000)]
  0x000002c49c417000 JavaThread "jar transforms Thread 6" [_thread_blocked, id=33152, stack(0x000000f51ed00000,0x000000f51ee00000)]
  0x000002c49c412800 JavaThread "Cache worker for dependencies-accessors (C:\Users\ajaya\Desktop\AwesomeProject\android\.gradle\8.0.1\dependencies-accessors)" [_thread_blocked, id=34460, stack(0x000000f51fb00000,0x000000f51fc00000)]
  0x000002c49c413000 JavaThread "Cache worker for Build Output Cleanup Cache (C:\Users\ajaya\Desktop\AwesomeProject\node_modules\@react-native\gradle-plugin\.gradle\buildOutputCleanup)" [_thread_blocked, id=34820, stack(0x000000f51fc00000,0x000000f51fd00000)]
  0x000002c49c419000 JavaThread "jar transforms Thread 7" [_thread_blocked, id=31256, stack(0x000000f51fd00000,0x000000f51fe00000)]
  0x000002c49c415800 JavaThread "Unconstrained build operations" [_thread_blocked, id=36200, stack(0x000000f51fe00000,0x000000f51ff00000)]
  0x000002c49c416800 JavaThread "Unconstrained build operations Thread 2" [_thread_blocked, id=36204, stack(0x000000f51ff00000,0x000000f520000000)]
  0x000002c49c419800 JavaThread "Unconstrained build operations Thread 3" [_thread_blocked, id=36208, stack(0x000000f520000000,0x000000f520100000)]
  0x000002c49c414000 JavaThread "Unconstrained build operations Thread 4" [_thread_blocked, id=36212, stack(0x000000f520100000,0x000000f520200000)]
  0x000002c49c750800 JavaThread "Unconstrained build operations Thread 5" [_thread_blocked, id=36216, stack(0x000000f520200000,0x000000f520300000)]
  0x000002c49c74f000 JavaThread "Unconstrained build operations Thread 6" [_thread_blocked, id=36220, stack(0x000000f520300000,0x000000f520400000)]
  0x000002c49c74e000 JavaThread "Unconstrained build operations Thread 7" [_thread_blocked, id=36224, stack(0x000000f520400000,0x000000f520500000)]
  0x000002c49c750000 JavaThread "Unconstrained build operations Thread 8" [_thread_blocked, id=36228, stack(0x000000f520500000,0x000000f520600000)]
  0x000002c49c751800 JavaThread "Unconstrained build operations Thread 9" [_thread_blocked, id=36232, stack(0x000000f520600000,0x000000f520700000)]
  0x000002c49c752800 JavaThread "Unconstrained build operations Thread 10" [_thread_blocked, id=36236, stack(0x000000f520700000,0x000000f520800000)]
  0x000002c49c753000 JavaThread "Unconstrained build operations Thread 11" [_thread_blocked, id=36240, stack(0x000000f520800000,0x000000f520900000)]
  0x000002c49c74d800 JavaThread "Unconstrained build operations Thread 12" [_thread_blocked, id=36244, stack(0x000000f520900000,0x000000f520a00000)]
  0x000002c49c756800 JavaThread "Unconstrained build operations Thread 13" [_thread_blocked, id=36248, stack(0x000000f520a00000,0x000000f520b00000)]
  0x000002c49c755800 JavaThread "Unconstrained build operations Thread 14" [_thread_blocked, id=36252, stack(0x000000f520b00000,0x000000f520c00000)]
  0x000002c49c757000 JavaThread "Unconstrained build operations Thread 15" [_thread_blocked, id=36256, stack(0x000000f520c00000,0x000000f520d00000)]
  0x000002c49c758000 JavaThread "Unconstrained build operations Thread 16" [_thread_blocked, id=36260, stack(0x000000f520d00000,0x000000f520e00000)]
  0x000002c49c759000 JavaThread "Unconstrained build operations Thread 17" [_thread_blocked, id=36264, stack(0x000000f520e00000,0x000000f520f00000)]
  0x000002c49c755000 JavaThread "Unconstrained build operations Thread 18" [_thread_blocked, id=36268, stack(0x000000f520f00000,0x000000f521000000)]
  0x000002c49c759800 JavaThread "Unconstrained build operations Thread 19" [_thread_blocked, id=36272, stack(0x000000f521000000,0x000000f521100000)]
  0x000002c49c754000 JavaThread "Unconstrained build operations Thread 20" [_thread_blocked, id=36276, stack(0x000000f521100000,0x000000f521200000)]
  0x000002c49c75a800 JavaThread "Unconstrained build operations Thread 21" [_thread_blocked, id=36280, stack(0x000000f521200000,0x000000f521300000)]
  0x000002c49c75b800 JavaThread "Unconstrained build operations Thread 22" [_thread_blocked, id=36284, stack(0x000000f521300000,0x000000f521400000)]
  0x000002c49c75c000 JavaThread "Unconstrained build operations Thread 23" [_thread_blocked, id=36288, stack(0x000000f521400000,0x000000f521500000)]
  0x000002c49c241800 JavaThread "Unconstrained build operations Thread 24" [_thread_blocked, id=36292, stack(0x000000f521500000,0x000000f521600000)]
  0x000002c49c240800 JavaThread "Unconstrained build operations Thread 25" [_thread_blocked, id=36296, stack(0x000000f521600000,0x000000f521700000)]
  0x000002c49c242800 JavaThread "Unconstrained build operations Thread 26" [_thread_blocked, id=36300, stack(0x000000f521700000,0x000000f521800000)]
  0x000002c49c244000 JavaThread "jar transforms Thread 8" [_thread_blocked, id=36352, stack(0x000000f521800000,0x000000f521900000)]
  0x000002c49c240000 JavaThread "Memory manager" [_thread_blocked, id=36060, stack(0x000000f51e600000,0x000000f51e700000)]
  0x000002c49c243000 JavaThread "Cache worker for Build Output Cleanup Cache (C:\Users\ajaya\Desktop\AwesomeProject\android\.gradle\buildOutputCleanup)" [_thread_blocked, id=34604, stack(0x000000f51ee00000,0x000000f51ef00000)]
  0x000002c49c24a800 JavaThread "Execution worker" [_thread_blocked, id=33160, stack(0x000000f521b00000,0x000000f521c00000)]
  0x000002c49c245000 JavaThread "Execution worker Thread 2" [_thread_blocked, id=37964, stack(0x000000f521c00000,0x000000f521d00000)]
  0x000002c49c249000 JavaThread "Execution worker Thread 3" [_thread_blocked, id=32836, stack(0x000000f521d00000,0x000000f521e00000)]
  0x000002c49c249800 JavaThread "Execution worker Thread 4" [_thread_blocked, id=32776, stack(0x000000f521e00000,0x000000f521f00000)]
  0x000002c49c24b800 JavaThread "Execution worker Thread 5" [_thread_blocked, id=36528, stack(0x000000f521f00000,0x000000f522000000)]
  0x000002c49c24c000 JavaThread "Execution worker Thread 6" [_thread_blocked, id=30328, stack(0x000000f522000000,0x000000f522100000)]
  0x000002c49c246800 JavaThread "Execution worker Thread 7" [_thread_blocked, id=37640, stack(0x000000f522100000,0x000000f522200000)]
  0x000002c49c24d000 JavaThread "Cache worker for execution history cache (C:\Users\ajaya\Desktop\AwesomeProject\node_modules\@react-native\gradle-plugin\.gradle\8.0.1\executionHistory)" [_thread_blocked, id=38032, stack(0x000000f522200000,0x000000f522300000)]
  0x000002c49c248000 JavaThread "Unconstrained build operations Thread 27" [_thread_blocked, id=13088, stack(0x000000f522300000,0x000000f522400000)]
  0x000002c49c247800 JavaThread "Unconstrained build operations Thread 28" [_thread_blocked, id=12104, stack(0x000000f522400000,0x000000f522500000)]
  0x000002c49c24e000 JavaThread "Unconstrained build operations Thread 29" [_thread_blocked, id=9800, stack(0x000000f522500000,0x000000f522600000)]
  0x000002c49c24e800 JavaThread "Unconstrained build operations Thread 30" [_thread_blocked, id=29192, stack(0x000000f522600000,0x000000f522700000)]
  0x000002c49c414800 JavaThread "Unconstrained build operations Thread 31" [_thread_blocked, id=35132, stack(0x000000f522700000,0x000000f522800000)]
  0x000002c49d71c800 JavaThread "Unconstrained build operations Thread 32" [_thread_blocked, id=38360, stack(0x000000f522800000,0x000000f522900000)]
  0x000002c49d71e800 JavaThread "Unconstrained build operations Thread 33" [_thread_blocked, id=23120, stack(0x000000f522900000,0x000000f522a00000)]
  0x000002c49d719800 JavaThread "Unconstrained build operations Thread 34" [_thread_blocked, id=36992, stack(0x000000f522a00000,0x000000f522b00000)]
  0x000002c49d71d800 JavaThread "Unconstrained build operations Thread 35" [_thread_blocked, id=38604, stack(0x000000f522b00000,0x000000f522c00000)]
  0x000002c49d71c000 JavaThread "Unconstrained build operations Thread 36" [_thread_blocked, id=36872, stack(0x000000f522c00000,0x000000f522d00000)]
  0x000002c49d71f000 JavaThread "Unconstrained build operations Thread 37" [_thread_blocked, id=38600, stack(0x000000f522d00000,0x000000f522e00000)]
  0x000002c49d720000 JavaThread "Unconstrained build operations Thread 38" [_thread_blocked, id=37328, stack(0x000000f522e00000,0x000000f522f00000)]
  0x000002c49d71a800 JavaThread "Unconstrained build operations Thread 39" [_thread_blocked, id=38072, stack(0x000000f522f00000,0x000000f523000000)]
  0x000002c49d721000 JavaThread "Unconstrained build operations Thread 40" [_thread_blocked, id=38076, stack(0x000000f523000000,0x000000f523100000)]
  0x000002c49d71b000 JavaThread "Unconstrained build operations Thread 41" [_thread_blocked, id=12860, stack(0x000000f523100000,0x000000f523200000)]
  0x000002c49d721800 JavaThread "Unconstrained build operations Thread 42" [_thread_blocked, id=33480, stack(0x000000f523200000,0x000000f523300000)]
  0x000002c49d725000 JavaThread "Unconstrained build operations Thread 43" [_thread_blocked, id=38648, stack(0x000000f523300000,0x000000f523400000)]
  0x000002c49d727800 JavaThread "Unconstrained build operations Thread 44" [_thread_blocked, id=38644, stack(0x000000f523400000,0x000000f523500000)]
  0x000002c49d725800 JavaThread "Unconstrained build operations Thread 45" [_thread_blocked, id=38640, stack(0x000000f523500000,0x000000f523600000)]
  0x000002c49d724000 JavaThread "Unconstrained build operations Thread 46" [_thread_blocked, id=38668, stack(0x000000f523600000,0x000000f523700000)]
  0x000002c49d728000 JavaThread "Unconstrained build operations Thread 47" [_thread_blocked, id=38524, stack(0x000000f523700000,0x000000f523800000)]
  0x000002c49d722800 JavaThread "Unconstrained build operations Thread 48" [_thread_blocked, id=38520, stack(0x000000f523800000,0x000000f523900000)]
  0x000002c49d726800 JavaThread "Unconstrained build operations Thread 49" [_thread_blocked, id=38632, stack(0x000000f523900000,0x000000f523a00000)]
  0x000002c49d723800 JavaThread "Unconstrained build operations Thread 50" [_thread_blocked, id=38636, stack(0x000000f523a00000,0x000000f523b00000)]
  0x000002c49f93a800 JavaThread "Unconstrained build operations Thread 51" [_thread_blocked, id=38624, stack(0x000000f523b00000,0x000000f523c00000)]
  0x000002c49f93b800 JavaThread "Unconstrained build operations Thread 52" [_thread_blocked, id=37376, stack(0x000000f523c00000,0x000000f523d00000)]
  0x000002c49f942000 JavaThread "Unconstrained build operations Thread 53" [_thread_blocked, id=37396, stack(0x000000f523d00000,0x000000f523e00000)]
  0x000002c49f93e000 JavaThread "Unconstrained build operations Thread 54" [_thread_blocked, id=33852, stack(0x000000f523e00000,0x000000f523f00000)]
  0x000002c49f93c000 JavaThread "Unconstrained build operations Thread 55" [_thread_blocked, id=27884, stack(0x000000f523f00000,0x000000f524000000)]
  0x000002c49f942800 JavaThread "Unconstrained build operations Thread 56" [_thread_blocked, id=37092, stack(0x000000f524000000,0x000000f524100000)]
  0x000002c49f93e800 JavaThread "Unconstrained build operations Thread 57" [_thread_blocked, id=32012, stack(0x000000f524100000,0x000000f524200000)]
  0x000002c49f940800 JavaThread "Unconstrained build operations Thread 58" [_thread_blocked, id=11992, stack(0x000000f524200000,0x000000f524300000)]
  0x000002c49f941000 JavaThread "Unconstrained build operations Thread 59" [_thread_blocked, id=3600, stack(0x000000f524300000,0x000000f524400000)]
  0x000002c49f93d000 JavaThread "Unconstrained build operations Thread 60" [_thread_blocked, id=13164, stack(0x000000f524400000,0x000000f524500000)]
  0x000002c49f945000 JavaThread "Unconstrained build operations Thread 61" [_thread_blocked, id=38252, stack(0x000000f524500000,0x000000f524600000)]
  0x000002c49f944800 JavaThread "Unconstrained build operations Thread 62" [_thread_blocked, id=38248, stack(0x000000f524600000,0x000000f524700000)]
  0x000002c49f943800 JavaThread "Unconstrained build operations Thread 63" [_thread_blocked, id=38332, stack(0x000000f524700000,0x000000f524800000)]
  0x000002c49f93f800 JavaThread "Unconstrained build operations Thread 64" [_thread_blocked, id=38328, stack(0x000000f524800000,0x000000f524900000)]
  0x000002c49f947000 JavaThread "Unconstrained build operations Thread 65" [_thread_blocked, id=38292, stack(0x000000f524900000,0x000000f524a00000)]
  0x000002c49f947800 JavaThread "Unconstrained build operations Thread 66" [_thread_blocked, id=36940, stack(0x000000f524a00000,0x000000f524b00000)]
  0x000002c49f946000 JavaThread "Unconstrained build operations Thread 67" [_thread_blocked, id=17672, stack(0x000000f524b00000,0x000000f524c00000)]
  0x000002c49f948800 JavaThread "Unconstrained build operations Thread 68" [_thread_blocked, id=37316, stack(0x000000f524c00000,0x000000f524d00000)]
  0x000002c49f949800 JavaThread "Unconstrained build operations Thread 69" [_thread_blocked, id=37312, stack(0x000000f524d00000,0x000000f524e00000)]
  0x000002c49e42f000 JavaThread "Unconstrained build operations Thread 70" [_thread_blocked, id=37308, stack(0x000000f524e00000,0x000000f524f00000)]
  0x000002c49e42b800 JavaThread "Unconstrained build operations Thread 71" [_thread_blocked, id=6472, stack(0x000000f524f00000,0x000000f525000000)]
  0x000002c49e42c800 JavaThread "Unconstrained build operations Thread 72" [_thread_blocked, id=32376, stack(0x000000f525000000,0x000000f525100000)]
  0x000002c49e42a000 JavaThread "Unconstrained build operations Thread 73" [_thread_blocked, id=33944, stack(0x000000f525100000,0x000000f525200000)]
  0x000002c49e429800 JavaThread "Unconstrained build operations Thread 74" [_thread_blocked, id=15380, stack(0x000000f525200000,0x000000f525300000)]
  0x000002c49e430000 JavaThread "Unconstrained build operations Thread 75" [_thread_blocked, id=31528, stack(0x000000f525300000,0x000000f525400000)]
  0x000002c49e42d800 JavaThread "Unconstrained build operations Thread 76" [_thread_blocked, id=20540, stack(0x000000f525400000,0x000000f525500000)]
  0x000002c49e430800 JavaThread "Unconstrained build operations Thread 77" [_thread_blocked, id=18508, stack(0x000000f525500000,0x000000f525600000)]
  0x000002c49e42e000 JavaThread "Unconstrained build operations Thread 78" [_thread_blocked, id=16688, stack(0x000000f525600000,0x000000f525700000)]
  0x000002c49e42b000 JavaThread "Unconstrained build operations Thread 79" [_thread_blocked, id=16904, stack(0x000000f525700000,0x000000f525800000)]
  0x000002c49e434800 JavaThread "Unconstrained build operations Thread 80" [_thread_blocked, id=17844, stack(0x000000f525800000,0x000000f525900000)]
  0x000002c49e435800 JavaThread "File lock release action executor Thread 3" [_thread_blocked, id=16988, stack(0x000000f525900000,0x000000f525a00000)]

Other Threads:
  0x000002c4ff812000 VMThread "VM Thread" [stack: 0x000000f51cc00000,0x000000f51cd00000] [id=32992]
  0x000002c4ffb0c800 WatcherThread [stack: 0x000000f51d600000,0x000000f51d700000] [id=33156]
  0x000002c4f7dfa800 GCTaskThread "GC Thread#0" [stack: 0x000000f51c700000,0x000000f51c800000] [id=32904]
  0x000002c49a7a0000 GCTaskThread "GC Thread#1" [stack: 0x000000f51d700000,0x000000f51d800000] [id=33472]
  0x000002c49b3e6800 GCTaskThread "GC Thread#2" [stack: 0x000000f51df00000,0x000000f51e000000] [id=14652]
  0x000002c49b3e7800 GCTaskThread "GC Thread#3" [stack: 0x000000f51e000000,0x000000f51e100000] [id=7500]
  0x000002c49a9ed800 GCTaskThread "GC Thread#4" [stack: 0x000000f51e100000,0x000000f51e200000] [id=30248]
  0x000002c49a9ee000 GCTaskThread "GC Thread#5" [stack: 0x000000f51e200000,0x000000f51e300000] [id=30268]
  0x000002c49a674800 GCTaskThread "GC Thread#6" [stack: 0x000000f51e300000,0x000000f51e400000] [id=5724]
  0x000002c49a675000 GCTaskThread "GC Thread#7" [stack: 0x000000f51e400000,0x000000f51e500000] [id=30272]
  0x000002c4f7e2a000 ConcurrentGCThread "G1 Main Marker" [stack: 0x000000f51c800000,0x000000f51c900000] [id=32908]
  0x000002c4f7e2c000 ConcurrentGCThread "G1 Conc#0" [stack: 0x000000f51c900000,0x000000f51ca00000] [id=32912]
  0x000002c499f84800 ConcurrentGCThread "G1 Conc#1" [stack: 0x000000f51e900000,0x000000f51ea00000] [id=29952]
  0x000002c4f7ead000 ConcurrentGCThread "G1 Refine#0" [stack: 0x000000f51ca00000,0x000000f51cb00000] [id=32916]
  0x000002c4ff682800 ConcurrentGCThread "G1 Young RemSet Sampling" [stack: 0x000000f51cb00000,0x000000f51cc00000] [id=32920]

Threads with active compile tasks:
C2 CompilerThread0 455842 9961   !   4       java.io.BufferedReader::readLine (304 bytes)

VM state:not at safepoint (normal execution)

VM Mutex/Monitor currently owned by a thread: None

Heap address: 0x0000000080000000, size: 2048 MB, Compressed Oops mode: 32-bit
Narrow klass base: 0x0000000000000000, Narrow klass shift: 3
Compressed class space size: 528482304 Address: 0x0000000100000000

Heap:
 garbage-first heap   total 159744K, used 100016K [0x0000000080000000, 0x0000000100000000)
  region size 1024K, 30 young (30720K), 4 survivors (4096K)
 Metaspace       used 86093K, capacity 88538K, committed 88712K, reserved 593920K
  class space    used 11028K, capacity 12052K, committed 12160K, reserved 516096K
Heap Regions: E=young(eden), S=young(survivor), O=old, HS=humongous(starts), HC=humongous(continues), CS=collection set, F=free, A=archive, TAMS=top-at-mark-start (previous, next)
|   0|0x0000000080000000, 0x0000000080100000, 0x0000000080100000|100%|HS|  |TAMS 0x0000000080100000, 0x0000000080000000| Complete 
|   1|0x0000000080100000, 0x0000000080200000, 0x0000000080200000|100%|HC|  |TAMS 0x0000000080200000, 0x0000000080100000| Complete 
|   2|0x0000000080200000, 0x0000000080300000, 0x0000000080300000|100%|HC|  |TAMS 0x0000000080300000, 0x0000000080200000| Complete 
|   3|0x0000000080300000, 0x0000000080400000, 0x0000000080400000|100%|HC|  |TAMS 0x0000000080400000, 0x0000000080300000| Complete 
|   4|0x0000000080400000, 0x0000000080500000, 0x0000000080500000|100%| O|  |TAMS 0x0000000080500000, 0x0000000080400000| Untracked 
|   5|0x0000000080500000, 0x0000000080600000, 0x0000000080600000|100%| O|  |TAMS 0x0000000080600000, 0x0000000080500000| Untracked 
|   6|0x0000000080600000, 0x0000000080700000, 0x0000000080700000|100%| O|  |TAMS 0x0000000080700000, 0x0000000080600000| Untracked 
|   7|0x0000000080700000, 0x0000000080800000, 0x0000000080800000|100%| O|  |TAMS 0x0000000080800000, 0x0000000080700000| Untracked 
|   8|0x0000000080800000, 0x0000000080900000, 0x0000000080900000|100%| O|  |TAMS 0x0000000080900000, 0x0000000080800000| Untracked 
|   9|0x0000000080900000, 0x0000000080a00000, 0x0000000080a00000|100%| O|  |TAMS 0x0000000080a00000, 0x0000000080900000| Untracked 
|  10|0x0000000080a00000, 0x0000000080b00000, 0x0000000080b00000|100%| O|  |TAMS 0x0000000080b00000, 0x0000000080a00000| Untracked 
|  11|0x0000000080b00000, 0x0000000080c00000, 0x0000000080c00000|100%| O|  |TAMS 0x0000000080c00000, 0x0000000080b00000| Untracked 
|  12|0x0000000080c00000, 0x0000000080d00000, 0x0000000080d00000|100%| O|  |TAMS 0x0000000080d00000, 0x0000000080c00000| Untracked 
|  13|0x0000000080d00000, 0x0000000080e00000, 0x0000000080e00000|100%| O|  |TAMS 0x0000000080e00000, 0x0000000080d00000| Untracked 
|  14|0x0000000080e00000, 0x0000000080f00000, 0x0000000080f00000|100%| O|  |TAMS 0x0000000080f00000, 0x0000000080e00000| Untracked 
|  15|0x0000000080f00000, 0x0000000081000000, 0x0000000081000000|100%| O|  |TAMS 0x0000000081000000, 0x0000000080f00000| Untracked 
|  16|0x0000000081000000, 0x0000000081100000, 0x0000000081100000|100%| O|  |TAMS 0x0000000081100000, 0x0000000081000000| Untracked 
|  17|0x0000000081100000, 0x0000000081200000, 0x0000000081200000|100%| O|  |TAMS 0x0000000081200000, 0x0000000081100000| Untracked 
|  18|0x0000000081200000, 0x0000000081300000, 0x0000000081300000|100%| O|  |TAMS 0x0000000081300000, 0x0000000081200000| Untracked 
|  19|0x0000000081300000, 0x0000000081400000, 0x0000000081400000|100%| O|  |TAMS 0x0000000081400000, 0x0000000081300000| Untracked 
|  20|0x0000000081400000, 0x0000000081500000, 0x0000000081500000|100%| O|  |TAMS 0x0000000081500000, 0x0000000081400000| Untracked 
|  21|0x0000000081500000, 0x0000000081600000, 0x0000000081600000|100%| O|  |TAMS 0x0000000081600000, 0x0000000081500000| Untracked 
|  22|0x0000000081600000, 0x0000000081700000, 0x0000000081700000|100%| O|  |TAMS 0x0000000081700000, 0x0000000081600000| Untracked 
|  23|0x0000000081700000, 0x0000000081800000, 0x0000000081800000|100%| O|  |TAMS 0x0000000081800000, 0x0000000081700000| Untracked 
|  24|0x0000000081800000, 0x0000000081900000, 0x0000000081900000|100%| O|  |TAMS 0x0000000081900000, 0x0000000081800000| Untracked 
|  25|0x0000000081900000, 0x0000000081a00000, 0x0000000081a00000|100%| O|  |TAMS 0x0000000081a00000, 0x0000000081900000| Untracked 
|  26|0x0000000081a00000, 0x0000000081b00000, 0x0000000081b00000|100%| O|  |TAMS 0x0000000081b00000, 0x0000000081a00000| Untracked 
|  27|0x0000000081b00000, 0x0000000081c00000, 0x0000000081c00000|100%| O|  |TAMS 0x0000000081c00000, 0x0000000081b00000| Untracked 
|  28|0x0000000081c00000, 0x0000000081d00000, 0x0000000081d00000|100%| O|  |TAMS 0x0000000081d00000, 0x0000000081c00000| Untracked 
|  29|0x0000000081d00000, 0x0000000081e00000, 0x0000000081e00000|100%| O|  |TAMS 0x0000000081e00000, 0x0000000081d00000| Untracked 
|  30|0x0000000081e00000, 0x0000000081f00000, 0x0000000081f00000|100%| O|  |TAMS 0x0000000081f00000, 0x0000000081e00000| Untracked 
|  31|0x0000000081f00000, 0x0000000082000000, 0x0000000082000000|100%|HS|  |TAMS 0x0000000082000000, 0x0000000081f00000| Complete 
|  32|0x0000000082000000, 0x0000000082100000, 0x0000000082100000|100%|HC|  |TAMS 0x0000000082100000, 0x0000000082000000| Complete 
|  33|0x0000000082100000, 0x0000000082200000, 0x0000000082200000|100%|HS|  |TAMS 0x0000000082200000, 0x0000000082100000| Complete 
|  34|0x0000000082200000, 0x0000000082300000, 0x0000000082300000|100%|HC|  |TAMS 0x0000000082300000, 0x0000000082200000| Complete 
|  35|0x0000000082300000, 0x0000000082400000, 0x0000000082400000|100%|HC|  |TAMS 0x0000000082400000, 0x0000000082300000| Complete 
|  36|0x0000000082400000, 0x0000000082500000, 0x0000000082500000|100%|HC|  |TAMS 0x0000000082500000, 0x0000000082400000| Complete 
|  37|0x0000000082500000, 0x0000000082600000, 0x0000000082600000|100%| O|  |TAMS 0x0000000082600000, 0x0000000082500000| Untracked 
|  38|0x0000000082600000, 0x0000000082700000, 0x0000000082700000|100%| O|  |TAMS 0x0000000082700000, 0x0000000082600000| Untracked 
|  39|0x0000000082700000, 0x0000000082800000, 0x0000000082800000|100%| O|  |TAMS 0x0000000082800000, 0x0000000082700000| Untracked 
|  40|0x0000000082800000, 0x0000000082900000, 0x0000000082900000|100%| O|  |TAMS 0x0000000082900000, 0x0000000082800000| Untracked 
|  41|0x0000000082900000, 0x0000000082a00000, 0x0000000082a00000|100%| O|  |TAMS 0x0000000082a00000, 0x0000000082900000| Untracked 
|  42|0x0000000082a00000, 0x0000000082b00000, 0x0000000082b00000|100%| O|  |TAMS 0x0000000082aee800, 0x0000000082a00000| Untracked 
|  43|0x0000000082b00000, 0x0000000082c00000, 0x0000000082c00000|100%| O|  |TAMS 0x0000000082b00000, 0x0000000082b00000| Untracked 
|  44|0x0000000082c00000, 0x0000000082d00000, 0x0000000082d00000|100%| O|  |TAMS 0x0000000082c00000, 0x0000000082c00000| Untracked 
|  45|0x0000000082d00000, 0x0000000082e00000, 0x0000000082e00000|100%| O|  |TAMS 0x0000000082d00000, 0x0000000082d00000| Untracked 
|  46|0x0000000082e00000, 0x0000000082f00000, 0x0000000082f00000|100%| O|  |TAMS 0x0000000082e00000, 0x0000000082e00000| Untracked 
|  47|0x0000000082f00000, 0x0000000083000000, 0x0000000083000000|100%| O|  |TAMS 0x0000000082f00000, 0x0000000082f00000| Untracked 
|  48|0x0000000083000000, 0x0000000083100000, 0x0000000083100000|100%| O|  |TAMS 0x0000000083000000, 0x0000000083000000| Untracked 
|  49|0x0000000083100000, 0x0000000083200000, 0x0000000083200000|100%|HS|  |TAMS 0x0000000083100000, 0x0000000083100000| Complete 
|  50|0x0000000083200000, 0x0000000083300000, 0x0000000083300000|100%|HS|  |TAMS 0x0000000083200000, 0x0000000083200000| Complete 
|  51|0x0000000083300000, 0x0000000083300000, 0x0000000083400000|  0%| F|  |TAMS 0x0000000083300000, 0x0000000083300000| Untracked 
|  52|0x0000000083400000, 0x0000000083500000, 0x0000000083500000|100%| O|  |TAMS 0x0000000083400000, 0x0000000083400000| Untracked 
|  53|0x0000000083500000, 0x0000000083600000, 0x0000000083600000|100%| O|  |TAMS 0x0000000083500000, 0x0000000083500000| Untracked 
|  54|0x0000000083600000, 0x0000000083700000, 0x0000000083700000|100%| O|  |TAMS 0x0000000083600000, 0x0000000083600000| Untracked 
|  55|0x0000000083700000, 0x0000000083800000, 0x0000000083800000|100%| O|  |TAMS 0x0000000083700000, 0x0000000083700000| Untracked 
|  56|0x0000000083800000, 0x0000000083900000, 0x0000000083900000|100%| O|  |TAMS 0x0000000083800000, 0x0000000083800000| Untracked 
|  57|0x0000000083900000, 0x0000000083a00000, 0x0000000083a00000|100%| O|  |TAMS 0x0000000083900000, 0x0000000083900000| Untracked 
|  58|0x0000000083a00000, 0x0000000083b00000, 0x0000000083b00000|100%| O|  |TAMS 0x0000000083a00000, 0x0000000083a00000| Untracked 
|  59|0x0000000083b00000, 0x0000000083c00000, 0x0000000083c00000|100%| O|  |TAMS 0x0000000083b00000, 0x0000000083b00000| Untracked 
|  60|0x0000000083c00000, 0x0000000083d00000, 0x0000000083d00000|100%| O|  |TAMS 0x0000000083c00000, 0x0000000083c00000| Untracked 
|  61|0x0000000083d00000, 0x0000000083e00000, 0x0000000083e00000|100%| O|  |TAMS 0x0000000083d00000, 0x0000000083d00000| Untracked 
|  62|0x0000000083e00000, 0x0000000083e00000, 0x0000000083f00000|  0%| F|  |TAMS 0x0000000083e00000, 0x0000000083e00000| Untracked 
|  63|0x0000000083f00000, 0x0000000084000000, 0x0000000084000000|100%| O|  |TAMS 0x0000000083f00000, 0x0000000083f00000| Untracked 
|  64|0x0000000084000000, 0x0000000084100000, 0x0000000084100000|100%| O|  |TAMS 0x0000000084000000, 0x0000000084000000| Untracked 
|  65|0x0000000084100000, 0x0000000084200000, 0x0000000084200000|100%| O|  |TAMS 0x0000000084100000, 0x0000000084100000| Untracked 
|  66|0x0000000084200000, 0x0000000084300000, 0x0000000084300000|100%| O|  |TAMS 0x0000000084200000, 0x0000000084200000| Untracked 
|  67|0x0000000084300000, 0x0000000084400000, 0x0000000084400000|100%| O|  |TAMS 0x0000000084300000, 0x0000000084300000| Untracked 
|  68|0x0000000084400000, 0x0000000084500000, 0x0000000084500000|100%| O|  |TAMS 0x0000000084400000, 0x0000000084400000| Untracked 
|  69|0x0000000084500000, 0x0000000084600000, 0x0000000084600000|100%| O|  |TAMS 0x0000000084500000, 0x0000000084500000| Untracked 
|  70|0x0000000084600000, 0x0000000084700000, 0x0000000084700000|100%| O|  |TAMS 0x0000000084600000, 0x0000000084600000| Untracked 
|  71|0x0000000084700000, 0x0000000084700000, 0x0000000084800000|  0%| F|  |TAMS 0x0000000084700000, 0x0000000084700000| Untracked 
|  72|0x0000000084800000, 0x0000000084800000, 0x0000000084900000|  0%| F|  |TAMS 0x0000000084800000, 0x0000000084800000| Untracked 
|  73|0x0000000084900000, 0x0000000084900000, 0x0000000084a00000|  0%| F|  |TAMS 0x0000000084900000, 0x0000000084900000| Untracked 
|  74|0x0000000084a00000, 0x0000000084a00000, 0x0000000084b00000|  0%| F|  |TAMS 0x0000000084a00000, 0x0000000084a00000| Untracked 
|  75|0x0000000084b00000, 0x0000000084b00000, 0x0000000084c00000|  0%| F|  |TAMS 0x0000000084b00000, 0x0000000084b00000| Untracked 
|  76|0x0000000084c00000, 0x0000000084c00000, 0x0000000084d00000|  0%| F|  |TAMS 0x0000000084c00000, 0x0000000084c00000| Untracked 
|  77|0x0000000084d00000, 0x0000000084d00000, 0x0000000084e00000|  0%| F|  |TAMS 0x0000000084d00000, 0x0000000084d00000| Untracked 
|  78|0x0000000084e00000, 0x0000000084e00000, 0x0000000084f00000|  0%| F|  |TAMS 0x0000000084e00000, 0x0000000084e00000| Untracked 
|  79|0x0000000084f00000, 0x0000000084f00000, 0x0000000085000000|  0%| F|  |TAMS 0x0000000084f00000, 0x0000000084f00000| Untracked 
|  80|0x0000000085000000, 0x0000000085000000, 0x0000000085100000|  0%| F|  |TAMS 0x0000000085000000, 0x0000000085000000| Untracked 
|  81|0x0000000085100000, 0x0000000085100000, 0x0000000085200000|  0%| F|  |TAMS 0x0000000085100000, 0x0000000085100000| Untracked 
|  82|0x0000000085200000, 0x0000000085200000, 0x0000000085300000|  0%| F|  |TAMS 0x0000000085200000, 0x0000000085200000| Untracked 
|  83|0x0000000085300000, 0x0000000085300000, 0x0000000085400000|  0%| F|  |TAMS 0x0000000085300000, 0x0000000085300000| Untracked 
|  84|0x0000000085400000, 0x0000000085400000, 0x0000000085500000|  0%| F|  |TAMS 0x0000000085400000, 0x0000000085400000| Untracked 
|  85|0x0000000085500000, 0x0000000085500000, 0x0000000085600000|  0%| F|  |TAMS 0x0000000085500000, 0x0000000085500000| Untracked 
|  86|0x0000000085600000, 0x0000000085600000, 0x0000000085700000|  0%| F|  |TAMS 0x0000000085600000, 0x0000000085600000| Untracked 
|  87|0x0000000085700000, 0x0000000085700000, 0x0000000085800000|  0%| F|  |TAMS 0x0000000085700000, 0x0000000085700000| Untracked 
|  88|0x0000000085800000, 0x0000000085800000, 0x0000000085900000|  0%| F|  |TAMS 0x0000000085800000, 0x0000000085800000| Untracked 
|  89|0x0000000085900000, 0x0000000085900000, 0x0000000085a00000|  0%| F|  |TAMS 0x0000000085900000, 0x0000000085900000| Untracked 
|  90|0x0000000085a00000, 0x0000000085a00000, 0x0000000085b00000|  0%| F|  |TAMS 0x0000000085a00000, 0x0000000085a00000| Untracked 
|  91|0x0000000085b00000, 0x0000000085b00000, 0x0000000085c00000|  0%| F|  |TAMS 0x0000000085b00000, 0x0000000085b00000| Untracked 
|  92|0x0000000085c00000, 0x0000000085c00000, 0x0000000085d00000|  0%| F|  |TAMS 0x0000000085c00000, 0x0000000085c00000| Untracked 
|  93|0x0000000085d00000, 0x0000000085d00000, 0x0000000085e00000|  0%| F|  |TAMS 0x0000000085d00000, 0x0000000085d00000| Untracked 
|  94|0x0000000085e00000, 0x0000000085e00000, 0x0000000085f00000|  0%| F|  |TAMS 0x0000000085e00000, 0x0000000085e00000| Untracked 
|  95|0x0000000085f00000, 0x0000000085f00000, 0x0000000086000000|  0%| F|  |TAMS 0x0000000085f00000, 0x0000000085f00000| Untracked 
|  96|0x0000000086000000, 0x0000000086000000, 0x0000000086100000|  0%| F|  |TAMS 0x0000000086000000, 0x0000000086000000| Untracked 
|  97|0x0000000086100000, 0x0000000086100000, 0x0000000086200000|  0%| F|  |TAMS 0x0000000086100000, 0x0000000086100000| Untracked 
|  98|0x0000000086200000, 0x0000000086200000, 0x0000000086300000|  0%| F|  |TAMS 0x0000000086200000, 0x0000000086200000| Untracked 
|  99|0x0000000086300000, 0x0000000086300000, 0x0000000086400000|  0%| F|  |TAMS 0x0000000086300000, 0x0000000086300000| Untracked 
| 100|0x0000000086400000, 0x00000000864ac058, 0x0000000086500000| 67%| S|CS|TAMS 0x0000000086400000, 0x0000000086400000| Complete 
| 101|0x0000000086500000, 0x0000000086600000, 0x0000000086600000|100%| S|CS|TAMS 0x0000000086500000, 0x0000000086500000| Complete 
| 102|0x0000000086600000, 0x0000000086700000, 0x0000000086700000|100%| S|CS|TAMS 0x0000000086600000, 0x0000000086600000| Complete 
| 103|0x0000000086700000, 0x0000000086800000, 0x0000000086800000|100%| S|CS|TAMS 0x0000000086700000, 0x0000000086700000| Complete 
| 104|0x0000000086800000, 0x0000000086800000, 0x0000000086900000|  0%| F|  |TAMS 0x0000000086800000, 0x0000000086800000| Untracked 
| 105|0x0000000086900000, 0x0000000086900000, 0x0000000086a00000|  0%| F|  |TAMS 0x0000000086900000, 0x0000000086900000| Untracked 
| 106|0x0000000086a00000, 0x0000000086a00000, 0x0000000086b00000|  0%| F|  |TAMS 0x0000000086a00000, 0x0000000086a00000| Untracked 
| 107|0x0000000086b00000, 0x0000000086b00000, 0x0000000086c00000|  0%| F|  |TAMS 0x0000000086b00000, 0x0000000086b00000| Untracked 
| 108|0x0000000086c00000, 0x0000000086c00000, 0x0000000086d00000|  0%| F|  |TAMS 0x0000000086c00000, 0x0000000086c00000| Untracked 
| 109|0x0000000086d00000, 0x0000000086d00000, 0x0000000086e00000|  0%| F|  |TAMS 0x0000000086d00000, 0x0000000086d00000| Untracked 
| 110|0x0000000086e00000, 0x0000000086e00000, 0x0000000086f00000|  0%| F|  |TAMS 0x0000000086e00000, 0x0000000086e00000| Untracked 
| 111|0x0000000086f00000, 0x0000000086f00000, 0x0000000087000000|  0%| F|  |TAMS 0x0000000086f00000, 0x0000000086f00000| Untracked 
| 112|0x0000000087000000, 0x0000000087000000, 0x0000000087100000|  0%| F|  |TAMS 0x0000000087000000, 0x0000000087000000| Untracked 
| 113|0x0000000087100000, 0x0000000087100000, 0x0000000087200000|  0%| F|  |TAMS 0x0000000087100000, 0x0000000087100000| Untracked 
| 114|0x0000000087200000, 0x0000000087200000, 0x0000000087300000|  0%| F|  |TAMS 0x0000000087200000, 0x0000000087200000| Untracked 
| 115|0x0000000087300000, 0x0000000087300000, 0x0000000087400000|  0%| F|  |TAMS 0x0000000087300000, 0x0000000087300000| Untracked 
| 116|0x0000000087400000, 0x0000000087400000, 0x0000000087500000|  0%| F|  |TAMS 0x0000000087400000, 0x0000000087400000| Untracked 
| 117|0x0000000087500000, 0x0000000087500000, 0x0000000087600000|  0%| F|  |TAMS 0x0000000087500000, 0x0000000087500000| Untracked 
| 118|0x0000000087600000, 0x0000000087600000, 0x0000000087700000|  0%| F|  |TAMS 0x0000000087600000, 0x0000000087600000| Untracked 
| 119|0x0000000087700000, 0x0000000087700000, 0x0000000087800000|  0%| F|  |TAMS 0x0000000087700000, 0x0000000087700000| Untracked 
| 120|0x0000000087800000, 0x0000000087800000, 0x0000000087900000|  0%| F|  |TAMS 0x0000000087800000, 0x0000000087800000| Untracked 
| 121|0x0000000087900000, 0x0000000087900000, 0x0000000087a00000|  0%| F|  |TAMS 0x0000000087900000, 0x0000000087900000| Untracked 
| 122|0x0000000087a00000, 0x0000000087a00000, 0x0000000087b00000|  0%| F|  |TAMS 0x0000000087a00000, 0x0000000087a00000| Untracked 
| 123|0x0000000087b00000, 0x0000000087b00000, 0x0000000087c00000|  0%| F|  |TAMS 0x0000000087b00000, 0x0000000087b00000| Untracked 
| 124|0x0000000087c00000, 0x0000000087c00000, 0x0000000087d00000|  0%| F|  |TAMS 0x0000000087c00000, 0x0000000087c00000| Untracked 
| 125|0x0000000087d00000, 0x0000000087d00000, 0x0000000087e00000|  0%| F|  |TAMS 0x0000000087d00000, 0x0000000087d00000| Untracked 
| 126|0x0000000087e00000, 0x0000000087e00000, 0x0000000087f00000|  0%| F|  |TAMS 0x0000000087e00000, 0x0000000087e00000| Untracked 
| 127|0x0000000087f00000, 0x0000000087f00000, 0x0000000088000000|  0%| F|  |TAMS 0x0000000087f00000, 0x0000000087f00000| Untracked 
| 128|0x0000000088000000, 0x0000000088000000, 0x0000000088100000|  0%| F|  |TAMS 0x0000000088000000, 0x0000000088000000| Untracked 
| 129|0x0000000088100000, 0x0000000088100000, 0x0000000088200000|  0%| F|  |TAMS 0x0000000088100000, 0x0000000088100000| Untracked 
| 130|0x0000000088200000, 0x00000000882c3e58, 0x0000000088300000| 76%| E|  |TAMS 0x0000000088200000, 0x0000000088200000| Complete 
| 131|0x0000000088300000, 0x0000000088400000, 0x0000000088400000|100%| E|CS|TAMS 0x0000000088300000, 0x0000000088300000| Complete 
| 132|0x0000000088400000, 0x0000000088500000, 0x0000000088500000|100%| E|CS|TAMS 0x0000000088400000, 0x0000000088400000| Complete 
| 133|0x0000000088500000, 0x0000000088600000, 0x0000000088600000|100%| E|CS|TAMS 0x0000000088500000, 0x0000000088500000| Complete 
| 134|0x0000000088600000, 0x0000000088700000, 0x0000000088700000|100%| E|CS|TAMS 0x0000000088600000, 0x0000000088600000| Complete 
| 135|0x0000000088700000, 0x0000000088800000, 0x0000000088800000|100%| E|CS|TAMS 0x0000000088700000, 0x0000000088700000| Complete 
| 136|0x0000000088800000, 0x0000000088900000, 0x0000000088900000|100%| E|CS|TAMS 0x0000000088800000, 0x0000000088800000| Complete 
| 137|0x0000000088900000, 0x0000000088a00000, 0x0000000088a00000|100%| E|CS|TAMS 0x0000000088900000, 0x0000000088900000| Complete 
| 138|0x0000000088a00000, 0x0000000088b00000, 0x0000000088b00000|100%| E|CS|TAMS 0x0000000088a00000, 0x0000000088a00000| Complete 
| 139|0x0000000088b00000, 0x0000000088c00000, 0x0000000088c00000|100%| E|CS|TAMS 0x0000000088b00000, 0x0000000088b00000| Complete 
| 140|0x0000000088c00000, 0x0000000088d00000, 0x0000000088d00000|100%| E|CS|TAMS 0x0000000088c00000, 0x0000000088c00000| Complete 
| 141|0x0000000088d00000, 0x0000000088e00000, 0x0000000088e00000|100%| E|CS|TAMS 0x0000000088d00000, 0x0000000088d00000| Complete 
| 142|0x0000000088e00000, 0x0000000088f00000, 0x0000000088f00000|100%| E|CS|TAMS 0x0000000088e00000, 0x0000000088e00000| Complete 
| 143|0x0000000088f00000, 0x0000000089000000, 0x0000000089000000|100%| E|CS|TAMS 0x0000000088f00000, 0x0000000088f00000| Complete 
| 144|0x0000000089000000, 0x0000000089100000, 0x0000000089100000|100%| E|CS|TAMS 0x0000000089000000, 0x0000000089000000| Complete 
| 145|0x0000000089100000, 0x0000000089200000, 0x0000000089200000|100%| E|CS|TAMS 0x0000000089100000, 0x0000000089100000| Complete 
| 146|0x0000000089200000, 0x0000000089300000, 0x0000000089300000|100%| E|CS|TAMS 0x0000000089200000, 0x0000000089200000| Complete 
| 147|0x0000000089300000, 0x0000000089400000, 0x0000000089400000|100%| E|CS|TAMS 0x0000000089300000, 0x0000000089300000| Complete 
| 148|0x0000000089400000, 0x0000000089500000, 0x0000000089500000|100%| E|CS|TAMS 0x0000000089400000, 0x0000000089400000| Complete 
| 149|0x0000000089500000, 0x0000000089600000, 0x0000000089600000|100%| E|CS|TAMS 0x0000000089500000, 0x0000000089500000| Complete 
| 150|0x0000000089600000, 0x0000000089700000, 0x0000000089700000|100%| E|CS|TAMS 0x0000000089600000, 0x0000000089600000| Complete 
| 151|0x0000000089700000, 0x0000000089800000, 0x0000000089800000|100%| E|CS|TAMS 0x0000000089700000, 0x0000000089700000| Complete 
| 152|0x0000000089800000, 0x0000000089900000, 0x0000000089900000|100%| E|CS|TAMS 0x0000000089800000, 0x0000000089800000| Complete 
| 153|0x0000000089900000, 0x0000000089a00000, 0x0000000089a00000|100%| E|CS|TAMS 0x0000000089900000, 0x0000000089900000| Complete 
| 154|0x0000000089a00000, 0x0000000089b00000, 0x0000000089b00000|100%| E|CS|TAMS 0x0000000089a00000, 0x0000000089a00000| Complete 
| 155|0x0000000089b00000, 0x0000000089c00000, 0x0000000089c00000|100%| E|CS|TAMS 0x0000000089b00000, 0x0000000089b00000| Complete 

Card table byte_map: [0x000002c4fa540000,0x000002c4fa940000] _byte_map_base: 0x000002c4fa140000

Marking Bits (Prev, Next): (CMBitMap*) 0x000002c4f7e20f80, (CMBitMap*) 0x000002c4f7e20f48
 Prev Bits: [0x000002c4fcd40000, 0x000002c4fed40000)
 Next Bits: [0x000002c4fad40000, 0x000002c4fcd40000)

Polling page: 0x000002c4f7eb0000

Metaspace:

Usage:
  Non-class:     74.69 MB capacity,    73.31 MB ( 98%) used,     1.13 MB (  2%) free+waste,   267.63 KB ( <1%) overhead. 
      Class:     11.77 MB capacity,    10.77 MB ( 92%) used,   896.88 KB (  7%) free+waste,   126.31 KB (  1%) overhead. 
       Both:     86.46 MB capacity,    84.08 MB ( 97%) used,     2.00 MB (  2%) free+waste,   393.94 KB ( <1%) overhead. 

Virtual space:
  Non-class space:       76.00 MB reserved,      74.76 MB ( 98%) committed 
      Class space:      504.00 MB reserved,      11.88 MB (  2%) committed 
             Both:      580.00 MB reserved,      86.63 MB ( 15%) committed 

Chunk freelists:
   Non-Class:  2.00 KB
       Class:  12.00 KB
        Both:  14.00 KB

MaxMetaspaceSize: 512.00 MB
CompressedClassSpaceSize: 504.00 MB
Initial GC threshold: 20.80 MB
Current GC threshold: 98.55 MB
CDS: off

CodeHeap 'non-profiled nmethods': size=120000Kb used=6041Kb max_used=6041Kb free=113958Kb
 bounds [0x000002c490120000, 0x000002c490710000, 0x000002c497650000]
CodeHeap 'profiled nmethods': size=120000Kb used=21943Kb max_used=21943Kb free=98056Kb
 bounds [0x000002c488bf0000, 0x000002c48a160000, 0x000002c490120000]
CodeHeap 'non-nmethods': size=5760Kb used=2393Kb max_used=2439Kb free=3366Kb
 bounds [0x000002c488650000, 0x000002c4888c0000, 0x000002c488bf0000]
 total_blobs=10800 nmethods=9889 adapters=823
 compilation: enabled
              stopped_count=0, restarted_count=0
 full_count=0

Compilation events (20 events):
Event: 417.834 Thread 0x000002c4ff835800 nmethod 9950 0x000002c490702510 code [0x000002c4907026a0, 0x000002c490702c98]
Event: 427.671 Thread 0x000002c4ff835800 9951       4       javax.management.ObjectName::getDomainLength (8 bytes)
Event: 427.672 Thread 0x000002c4ff835800 nmethod 9951 0x000002c490702e10 code [0x000002c490702fa0, 0x000002c490703018]
Event: 427.803 Thread 0x000002c4ff835800 9952       4       org.gradle.internal.serialize.AbstractDecoder::readBinary (16 bytes)
Event: 427.831 Thread 0x000002c4ff835800 nmethod 9952 0x000002c490703110 code [0x000002c490703340, 0x000002c490703d40]
Event: 428.460 Thread 0x000002c4ff835800 9953       4       java.util.HashMap$ValueSpliterator::forEachRemaining (186 bytes)
Event: 428.481 Thread 0x000002c4ff835800 nmethod 9953 0x000002c490704590 code [0x000002c490704760, 0x000002c490704bc8]
Event: 430.465 Thread 0x000002c4ff835800 9954       4       java.util.Spliterators$EmptySpliterator$OfRef::forEachRemaining (6 bytes)
Event: 430.466 Thread 0x000002c4ff835800 nmethod 9954 0x000002c490704f90 code [0x000002c490705120, 0x000002c490705198]
Event: 432.706 Thread 0x000002c4ff83c000 9955       3       org.gradle.internal.logging.slf4j.OutputEventListenerBackedLogger::debug (7 bytes)
Event: 433.012 Thread 0x000002c4ff83c000 nmethod 9955 0x000002c48a158f90 code [0x000002c48a1591a0, 0x000002c48a1596d8]
Event: 449.416 Thread 0x000002c4ff835800 9957  s    4       java.io.BufferedInputStream::read (113 bytes)
Event: 449.714 Thread 0x000002c4ff835800 nmethod 9957 0x000002c490705290 code [0x000002c490705460, 0x000002c490705f58]
Event: 455.114 Thread 0x000002c4ff83c000 9958  s    3       java.lang.StringBuffer::append (13 bytes)
Event: 455.128 Thread 0x000002c4ff83c000 nmethod 9958 0x000002c48a159910 code [0x000002c48a159ae0, 0x000002c48a159da8]
Event: 455.128 Thread 0x000002c4ff83c000 9960       3       org.codehaus.groovy.runtime.typehandling.DefaultTypeTransformation::compareEqual (312 bytes)
Event: 455.397 Thread 0x000002c4ff83c000 nmethod 9960 0x000002c48a159e90 code [0x000002c48a15a2e0, 0x000002c48a15cb18]
Event: 455.397 Thread 0x000002c4ff83c000 9959   !   3       java_lang_StringBuffer$append::call (35 bytes)
Event: 455.425 Thread 0x000002c4ff83c000 nmethod 9959 0x000002c48a15d190 code [0x000002c48a15d3a0, 0x000002c48a15da08]
Event: 455.446 Thread 0x000002c4ff835800 9961   !   4       java.io.BufferedReader::readLine (304 bytes)

GC Heap History (20 events):
Event: 240.099 GC heap before
{Heap before GC invocations=14 (full 0):
 garbage-first heap   total 159744K, used 60555K [0x0000000080000000, 0x0000000100000000)
  region size 1024K, 23 young (23552K), 7 survivors (7168K)
 Metaspace       used 57576K, capacity 59192K, committed 59472K, reserved 569344K
  class space    used 7437K, capacity 8132K, committed 8192K, reserved 516096K
}
Event: 240.123 GC heap after
{Heap after GC invocations=15 (full 0):
 garbage-first heap   total 159744K, used 44986K [0x0000000080000000, 0x0000000100000000)
  region size 1024K, 1 young (1024K), 1 survivors (1024K)
 Metaspace       used 57576K, capacity 59192K, committed 59472K, reserved 569344K
  class space    used 7437K, capacity 8132K, committed 8192K, reserved 516096K
}
Event: 244.123 GC heap before
{Heap before GC invocations=15 (full 0):
 garbage-first heap   total 159744K, used 58298K [0x0000000080000000, 0x0000000100000000)
  region size 1024K, 15 young (15360K), 1 survivors (1024K)
 Metaspace       used 58461K, capacity 60136K, committed 60296K, reserved 569344K
  class space    used 7553K, capacity 8255K, committed 8320K, reserved 516096K
}
Event: 244.146 GC heap after
{Heap after GC invocations=16 (full 0):
 garbage-first heap   total 159744K, used 45341K [0x0000000080000000, 0x0000000100000000)
  region size 1024K, 2 young (2048K), 2 survivors (2048K)
 Metaspace       used 58461K, capacity 60136K, committed 60296K, reserved 569344K
  class space    used 7553K, capacity 8255K, committed 8320K, reserved 516096K
}
Event: 259.041 GC heap before
{Heap before GC invocations=17 (full 0):
 garbage-first heap   total 159744K, used 83229K [0x0000000080000000, 0x0000000100000000)
  region size 1024K, 39 young (39936K), 2 survivors (2048K)
 Metaspace       used 61511K, capacity 63255K, committed 63624K, reserved 571392K
  class space    used 7989K, capacity 8718K, committed 8832K, reserved 516096K
}
Event: 259.204 GC heap after
{Heap after GC invocations=18 (full 0):
 garbage-first heap   total 159744K, used 46457K [0x0000000080000000, 0x0000000100000000)
  region size 1024K, 3 young (3072K), 3 survivors (3072K)
 Metaspace       used 61511K, capacity 63255K, committed 63624K, reserved 571392K
  class space    used 7989K, capacity 8718K, committed 8832K, reserved 516096K
}
Event: 266.769 GC heap before
{Heap before GC invocations=18 (full 0):
 garbage-first heap   total 159744K, used 81273K [0x0000000080000000, 0x0000000100000000)
  region size 1024K, 37 young (37888K), 3 survivors (3072K)
 Metaspace       used 64157K, capacity 65881K, committed 66184K, reserved 573440K
  class space    used 8309K, capacity 9038K, committed 9088K, reserved 516096K
}
Event: 266.781 GC heap after
{Heap after GC invocations=19 (full 0):
 garbage-first heap   total 159744K, used 47595K [0x0000000080000000, 0x0000000100000000)
  region size 1024K, 4 young (4096K), 4 survivors (4096K)
 Metaspace       used 64157K, capacity 65881K, committed 66184K, reserved 573440K
  class space    used 8309K, capacity 9038K, committed 9088K, reserved 516096K
}
Event: 287.120 GC heap before
{Heap before GC invocations=19 (full 0):
 garbage-first heap   total 159744K, used 94699K [0x0000000080000000, 0x0000000100000000)
  region size 1024K, 50 young (51200K), 4 survivors (4096K)
 Metaspace       used 66816K, capacity 68720K, committed 68872K, reserved 577536K
  class space    used 8651K, capacity 9461K, committed 9472K, reserved 516096K
}
Event: 287.154 GC heap after
{Heap after GC invocations=20 (full 0):
 garbage-first heap   total 159744K, used 50183K [0x0000000080000000, 0x0000000100000000)
  region size 1024K, 7 young (7168K), 7 survivors (7168K)
 Metaspace       used 66816K, capacity 68720K, committed 68872K, reserved 577536K
  class space    used 8651K, capacity 9461K, committed 9472K, reserved 516096K
}
Event: 309.468 GC heap before
{Heap before GC invocations=20 (full 0):
 garbage-first heap   total 159744K, used 108551K [0x0000000080000000, 0x0000000100000000)
  region size 1024K, 64 young (65536K), 7 survivors (7168K)
 Metaspace       used 70589K, capacity 72791K, committed 72840K, reserved 579584K
  class space    used 9202K, capacity 10096K, committed 10112K, reserved 516096K
}
Event: 309.579 GC heap after
{Heap after GC invocations=21 (full 0):
 garbage-first heap   total 159744K, used 54386K [0x0000000080000000, 0x0000000100000000)
  region size 1024K, 8 young (8192K), 8 survivors (8192K)
 Metaspace       used 70589K, capacity 72791K, committed 72840K, reserved 579584K
  class space    used 9202K, capacity 10096K, committed 10112K, reserved 516096K
}
Event: 367.998 GC heap before
{Heap before GC invocations=21 (full 0):
 garbage-first heap   total 159744K, used 114802K [0x0000000080000000, 0x0000000100000000)
  region size 1024K, 68 young (69632K), 8 survivors (8192K)
 Metaspace       used 73172K, capacity 75344K, committed 75528K, reserved 581632K
  class space    used 9494K, capacity 10428K, committed 10496K, reserved 516096K
}
Event: 368.267 GC heap after
{Heap after GC invocations=22 (full 0):
 garbage-first heap   total 159744K, used 57902K [0x0000000080000000, 0x0000000100000000)
  region size 1024K, 8 young (8192K), 8 survivors (8192K)
 Metaspace       used 73172K, capacity 75344K, committed 75528K, reserved 581632K
  class space    used 9494K, capacity 10428K, committed 10496K, reserved 516096K
}
Event: 403.590 GC heap before
{Heap before GC invocations=22 (full 0):
 garbage-first heap   total 159744K, used 116270K [0x0000000080000000, 0x0000000100000000)
  region size 1024K, 63 young (64512K), 8 survivors (8192K)
 Metaspace       used 77874K, capacity 80256K, committed 80392K, reserved 585728K
  class space    used 9987K, capacity 10947K, committed 11008K, reserved 516096K
}
Event: 403.667 GC heap after
{Heap after GC invocations=23 (full 0):
 garbage-first heap   total 159744K, used 65366K [0x0000000080000000, 0x0000000100000000)
  region size 1024K, 8 young (8192K), 8 survivors (8192K)
 Metaspace       used 77874K, capacity 80256K, committed 80392K, reserved 585728K
  class space    used 9987K, capacity 10947K, committed 11008K, reserved 516096K
}
Event: 407.286 GC heap before
{Heap before GC invocations=23 (full 0):
 garbage-first heap   total 159744K, used 128854K [0x0000000080000000, 0x0000000100000000)
  region size 1024K, 64 young (65536K), 8 survivors (8192K)
 Metaspace       used 82594K, capacity 84981K, committed 85128K, reserved 589824K
  class space    used 10540K, capacity 11537K, committed 11648K, reserved 516096K
}
Event: 407.322 GC heap after
{Heap after GC invocations=24 (full 0):
 garbage-first heap   total 159744K, used 70613K [0x0000000080000000, 0x0000000100000000)
  region size 1024K, 7 young (7168K), 7 survivors (7168K)
 Metaspace       used 82594K, capacity 84981K, committed 85128K, reserved 589824K
  class space    used 10540K, capacity 11537K, committed 11648K, reserved 516096K
}
Event: 409.424 GC heap before
{Heap before GC invocations=24 (full 0):
 garbage-first heap   total 159744K, used 124885K [0x0000000080000000, 0x0000000100000000)
  region size 1024K, 59 young (60416K), 7 survivors (7168K)
 Metaspace       used 85947K, capacity 88370K, committed 88584K, reserved 593920K
  class space    used 11017K, capacity 12019K, committed 12032K, reserved 516096K
}
Event: 409.442 GC heap after
{Heap after GC invocations=25 (full 0):
 garbage-first heap   total 159744K, used 74416K [0x0000000080000000, 0x0000000100000000)
  region size 1024K, 4 young (4096K), 4 survivors (4096K)
 Metaspace       used 85947K, capacity 88370K, committed 88584K, reserved 593920K
  class space    used 11017K, capacity 12019K, committed 12032K, reserved 516096K
}

Deoptimization events (20 events):
Event: 409.022 Thread 0x000002c49bd60000 DEOPT PACKING pc=0x000002c490384e08 sp=0x000000f51def7b90
Event: 409.022 Thread 0x000002c49bd60000 DEOPT UNPACKING pc=0x000002c4886585af sp=0x000000f51def7a78 mode 2
Event: 409.206 Thread 0x000002c49bd60000 Uncommon trap: trap_request=0xffffff4d fr.pc=0x000002c4902ea900 relative=0x0000000000000340
Event: 409.206 Thread 0x000002c49bd60000 Uncommon trap: reason=unstable_if action=reinterpret pc=0x000002c4902ea900 method=java.util.StringJoiner.add(Ljava/lang/CharSequence;)Ljava/util/StringJoiner; @ 33 c2
Event: 409.206 Thread 0x000002c49bd60000 DEOPT PACKING pc=0x000002c4902ea900 sp=0x000000f51def5840
Event: 409.206 Thread 0x000002c49bd60000 DEOPT UNPACKING pc=0x000002c4886585af sp=0x000000f51def57f0 mode 2
Event: 409.451 Thread 0x000002c49bd60000 Uncommon trap: trap_request=0xfffffff4 fr.pc=0x000002c490403818 relative=0x00000000000009f8
Event: 409.451 Thread 0x000002c49bd60000 Uncommon trap: reason=null_check action=make_not_entrant pc=0x000002c490403818 method=com.sun.beans.introspect.MethodInfo$MethodOrder.compare(Ljava/lang/reflect/Method;Ljava/lang/reflect/Method;)I @ 133 c2
Event: 409.451 Thread 0x000002c49bd60000 DEOPT PACKING pc=0x000002c490403818 sp=0x000000f51def3420
Event: 409.451 Thread 0x000002c49bd60000 DEOPT UNPACKING pc=0x000002c4886585af sp=0x000000f51def3350 mode 2
Event: 409.471 Thread 0x000002c49bd60000 DEOPT PACKING pc=0x000002c48994526f sp=0x000000f51def1740
Event: 409.471 Thread 0x000002c49bd60000 DEOPT UNPACKING pc=0x000002c488699d0e sp=0x000000f51def0bc8 mode 0
Event: 409.645 Thread 0x000002c49bd60000 Uncommon trap: trap_request=0xfffffff4 fr.pc=0x000002c4906eaf9c relative=0x00000000000009fc
Event: 409.645 Thread 0x000002c49bd60000 Uncommon trap: reason=null_check action=make_not_entrant pc=0x000002c4906eaf9c method=com.sun.beans.introspect.MethodInfo$MethodOrder.compare(Ljava/lang/reflect/Method;Ljava/lang/reflect/Method;)I @ 145 c2
Event: 409.645 Thread 0x000002c49bd60000 DEOPT PACKING pc=0x000002c4906eaf9c sp=0x000000f51def2010
Event: 409.645 Thread 0x000002c49bd60000 DEOPT UNPACKING pc=0x000002c4886585af sp=0x000000f51def1fb0 mode 2
Event: 409.718 Thread 0x000002c49bd60000 Uncommon trap: trap_request=0xfffffff4 fr.pc=0x000002c4906e7400 relative=0x0000000000002b40
Event: 409.718 Thread 0x000002c49bd60000 Uncommon trap: reason=null_check action=make_not_entrant pc=0x000002c4906e7400 method=java.lang.PublicMethods$MethodList.getMostSpecific()Ljava/lang/reflect/Method; @ 41 c2
Event: 409.718 Thread 0x000002c49bd60000 DEOPT PACKING pc=0x000002c4906e7400 sp=0x000000f51def35e0
Event: 409.719 Thread 0x000002c49bd60000 DEOPT UNPACKING pc=0x000002c4886585af sp=0x000000f51def34e0 mode 2

Classes redefined (0 events):
No events

Internal exceptions (20 events):
Event: 409.820 Thread 0x000002c49bd60000 Exception <a 'java/lang/ClassNotFoundException'{0x0000000088a037f0}: com/android/build/gradle/internal/dsl/BuildType$AgpDecorated_DecoratedBeanInfo> (0x0000000088a037f0) thrown at [./src/hotspot/share/classfile/systemDictionary.cpp, line 231]
Event: 409.822 Thread 0x000002c49bd60000 Exception <a 'java/lang/ClassNotFoundException'{0x0000000088a20dc0}: com/android/build/gradle/internal/dsl/BuildType$AgpDecoratedBeanInfo> (0x0000000088a20dc0) thrown at [./src/hotspot/share/classfile/systemDictionary.cpp, line 231]
Event: 409.823 Thread 0x000002c49bd60000 Exception <a 'java/lang/ClassNotFoundException'{0x0000000088a3bfc0}: com/android/build/gradle/internal/dsl/BuildTypeBeanInfo> (0x0000000088a3bfc0) thrown at [./src/hotspot/share/classfile/systemDictionary.cpp, line 231]
Event: 409.824 Thread 0x000002c49bd60000 Exception <a 'java/lang/ClassNotFoundException'{0x0000000088a564a8}: com/android/builder/core/AbstractBuildTypeBeanInfo> (0x0000000088a564a8) thrown at [./src/hotspot/share/classfile/systemDictionary.cpp, line 231]
Event: 409.826 Thread 0x000002c49bd60000 Exception <a 'java/lang/ClassNotFoundException'{0x0000000088a71130}: com/android/builder/core/AbstractBuildTypeCustomizer> (0x0000000088a71130) thrown at [./src/hotspot/share/classfile/systemDictionary.cpp, line 231]
Event: 409.828 Thread 0x000002c49bd60000 Exception <a 'java/lang/ClassNotFoundException'{0x0000000088aa8ac0}: com/android/build/gradle/internal/dsl/BuildTypeCustomizer> (0x0000000088aa8ac0) thrown at [./src/hotspot/share/classfile/systemDictionary.cpp, line 231]
Event: 409.834 Thread 0x000002c49bd60000 Exception <a 'java/lang/ClassNotFoundException'{0x000000008893e1d8}: com/android/build/gradle/internal/dsl/BuildType$AgpDecoratedCustomizer> (0x000000008893e1d8) thrown at [./src/hotspot/share/classfile/systemDictionary.cpp, line 231]
Event: 409.840 Thread 0x000002c49bd60000 Exception <a 'java/lang/ClassNotFoundException'{0x000000008899e688}: com/android/build/gradle/internal/dsl/BuildType$AgpDecorated_DecoratedCustomizer> (0x000000008899e688) thrown at [./src/hotspot/share/classfile/systemDictionary.cpp, line 231]
Event: 409.892 Thread 0x000002c49bd60000 Exception <a 'java/lang/ClassNotFoundException'{0x000000008888fe58}: build_ba1jt4clgx94td0qqi4ks9y71$_run_closure2$_closure6BeanInfo> (0x000000008888fe58) thrown at [./src/hotspot/share/classfile/systemDictionary.cpp, line 231]
Event: 409.893 Thread 0x000002c49bd60000 Exception <a 'java/lang/ClassNotFoundException'{0x00000000888a1a88}: build_ba1jt4clgx94td0qqi4ks9y71$_run_closure2$_closure6Customizer> (0x00000000888a1a88) thrown at [./src/hotspot/share/classfile/systemDictionary.cpp, line 231]
Event: 410.028 Thread 0x000002c49bd60000 Exception <a 'java/lang/ClassNotFoundException'{0x00000000887d0af8}: org/gradle/api/internal/artifacts/dependencies/DefaultExternalModuleDependency_DecoratedBeanInfo> (0x00000000887d0af8) thrown at [./src/hotspot/share/classfile/systemDictionary.cpp, line 231]
Event: 410.033 Thread 0x000002c49bd60000 Exception <a 'java/lang/ClassNotFoundException'{0x0000000088620370}: org/gradle/api/internal/artifacts/dependencies/DefaultExternalModuleDependencyBeanInfo> (0x0000000088620370) thrown at [./src/hotspot/share/classfile/systemDictionary.cpp, line 231]
Event: 410.035 Thread 0x000002c49bd60000 Exception <a 'java/lang/ClassNotFoundException'{0x000000008866f998}: org/gradle/api/internal/artifacts/dependencies/AbstractExternalModuleDependencyBeanInfo> (0x000000008866f998) thrown at [./src/hotspot/share/classfile/systemDictionary.cpp, line 231]
Event: 410.038 Thread 0x000002c49bd60000 Exception <a 'java/lang/ClassNotFoundException'{0x00000000886ac6b0}: org/gradle/api/internal/artifacts/dependencies/AbstractModuleDependencyBeanInfo> (0x00000000886ac6b0) thrown at [./src/hotspot/share/classfile/systemDictionary.cpp, line 231]
Event: 410.039 Thread 0x000002c49bd60000 Exception <a 'java/lang/ClassNotFoundException'{0x00000000886e6650}: org/gradle/api/internal/artifacts/dependencies/AbstractDependencyBeanInfo> (0x00000000886e6650) thrown at [./src/hotspot/share/classfile/systemDictionary.cpp, line 231]
Event: 410.041 Thread 0x000002c49bd60000 Exception <a 'java/lang/ClassNotFoundException'{0x0000000088522d60}: org/gradle/api/internal/artifacts/dependencies/AbstractDependencyCustomizer> (0x0000000088522d60) thrown at [./src/hotspot/share/classfile/systemDictionary.cpp, line 231]
Event: 410.043 Thread 0x000002c49bd60000 Exception <a 'java/lang/ClassNotFoundException'{0x0000000088562da0}: org/gradle/api/internal/artifacts/dependencies/AbstractModuleDependencyCustomizer> (0x0000000088562da0) thrown at [./src/hotspot/share/classfile/systemDictionary.cpp, line 231]
Event: 410.047 Thread 0x000002c49bd60000 Exception <a 'java/lang/ClassNotFoundException'{0x00000000885cdce8}: org/gradle/api/internal/artifacts/dependencies/AbstractExternalModuleDependencyCustomizer> (0x00000000885cdce8) thrown at [./src/hotspot/share/classfile/systemDictionary.cpp, line 231]
Event: 410.053 Thread 0x000002c49bd60000 Exception <a 'java/lang/ClassNotFoundException'{0x000000008842cff0}: org/gradle/api/internal/artifacts/dependencies/DefaultExternalModuleDependencyCustomizer> (0x000000008842cff0) thrown at [./src/hotspot/share/classfile/systemDictionary.cpp, line 231]
Event: 410.057 Thread 0x000002c49bd60000 Exception <a 'java/lang/ClassNotFoundException'{0x000000008848c8f8}: org/gradle/api/internal/artifacts/dependencies/DefaultExternalModuleDependency_DecoratedCustomizer> (0x000000008848c8f8) thrown at [./src/hotspot/share/classfile/systemDictionary.cpp, line 231]

Events (20 events):
Event: 410.048 loading class org/gradle/api/internal/artifacts/dependencies/DefaultExternalModuleDependencyCustomizer
Event: 410.048 loading class org/gradle/api/internal/artifacts/dependencies/DefaultExternalModuleDependencyCustomizer done
Event: 410.049 loading class org/gradle/api/internal/artifacts/dependencies/DefaultExternalModuleDependencyCustomizer
Event: 410.049 loading class org/gradle/api/internal/artifacts/dependencies/DefaultExternalModuleDependencyCustomizer done
Event: 410.050 loading class org/gradle/api/internal/artifacts/dependencies/DefaultExternalModuleDependencyCustomizer
Event: 410.050 loading class org/gradle/api/internal/artifacts/dependencies/DefaultExternalModuleDependencyCustomizer done
Event: 410.053 loading class org/gradle/api/internal/artifacts/dependencies/DefaultExternalModuleDependencyCustomizer
Event: 410.053 loading class org/gradle/api/internal/artifacts/dependencies/DefaultExternalModuleDependencyCustomizer done
Event: 410.054 loading class org/gradle/api/internal/artifacts/dependencies/DefaultExternalModuleDependency_DecoratedCustomizer
Event: 410.054 loading class org/gradle/api/internal/artifacts/dependencies/DefaultExternalModuleDependency_DecoratedCustomizer done
Event: 410.055 loading class org/gradle/api/internal/artifacts/dependencies/DefaultExternalModuleDependency_DecoratedCustomizer
Event: 410.055 loading class org/gradle/api/internal/artifacts/dependencies/DefaultExternalModuleDependency_DecoratedCustomizer done
Event: 410.055 loading class org/gradle/api/internal/artifacts/dependencies/DefaultExternalModuleDependency_DecoratedCustomizer
Event: 410.055 loading class org/gradle/api/internal/artifacts/dependencies/DefaultExternalModuleDependency_DecoratedCustomizer done
Event: 410.057 loading class org/gradle/api/internal/artifacts/dependencies/DefaultExternalModuleDependency_DecoratedCustomizer
Event: 410.057 loading class org/gradle/api/internal/artifacts/dependencies/DefaultExternalModuleDependency_DecoratedCustomizer done
Event: 410.067 loading class org/gradle/api/internal/artifacts/DefaultExcludeRule
Event: 410.067 loading class org/gradle/api/internal/artifacts/DefaultExcludeRule done
Event: 410.070 loading class org/codehaus/groovy/runtime/dgm$1301
Event: 410.070 loading class org/codehaus/groovy/runtime/dgm$1301 done


Dynamic libraries:
0x00007ff710480000 - 0x00007ff71048d000 	C:\Users\ajaya\AppData\Local\Programs\Eclipse Adoptium\jdk-11.0.13.8-hotspot\bin\java.exe
0x00007ff937f90000 - 0x00007ff9381a4000 	C:\WINDOWS\SYSTEM32\ntdll.dll
0x00007ff937170000 - 0x00007ff937234000 	C:\WINDOWS\System32\KERNEL32.DLL
0x00007ff9354e0000 - 0x00007ff935884000 	C:\WINDOWS\System32\KERNELBASE.dll
0x00007ff935900000 - 0x00007ff935a11000 	C:\WINDOWS\System32\ucrtbase.dll
0x00007ff92bb80000 - 0x00007ff92bb97000 	C:\Users\ajaya\AppData\Local\Programs\Eclipse Adoptium\jdk-11.0.13.8-hotspot\bin\jli.dll
0x00007ff936c00000 - 0x00007ff936daa000 	C:\WINDOWS\System32\USER32.dll
0x00007ff935c00000 - 0x00007ff935c26000 	C:\WINDOWS\System32\win32u.dll
0x00007ff937140000 - 0x00007ff937169000 	C:\WINDOWS\System32\GDI32.dll
0x00007ff935c30000 - 0x00007ff935d49000 	C:\WINDOWS\System32\gdi32full.dll
0x00007ff935b60000 - 0x00007ff935bfa000 	C:\WINDOWS\System32\msvcp_win.dll
0x00007ff92afc0000 - 0x00007ff92afd5000 	C:\Users\ajaya\AppData\Local\Programs\Eclipse Adoptium\jdk-11.0.13.8-hotspot\bin\VCRUNTIME140.dll
0x00007ff9104b0000 - 0x00007ff91073f000 	C:\WINDOWS\WinSxS\amd64_microsoft.windows.common-controls_6595b64144ccf1df_6.0.22621.2070_none_2713e6537381f706\COMCTL32.dll
0x00007ff937e90000 - 0x00007ff937f37000 	C:\WINDOWS\System32\msvcrt.dll
0x00007ff937350000 - 0x00007ff937381000 	C:\WINDOWS\System32\IMM32.DLL
0x00007ff9186e0000 - 0x00007ff91877b000 	C:\Users\ajaya\AppData\Local\Programs\Eclipse Adoptium\jdk-11.0.13.8-hotspot\bin\msvcp140.dll
0x00007ff8bff90000 - 0x00007ff8c0b0e000 	C:\Users\ajaya\AppData\Local\Programs\Eclipse Adoptium\jdk-11.0.13.8-hotspot\bin\server\jvm.dll
0x00007ff937400000 - 0x00007ff9374b0000 	C:\WINDOWS\System32\ADVAPI32.dll
0x00007ff9374c0000 - 0x00007ff937566000 	C:\WINDOWS\System32\sechost.dll
0x00007ff937d70000 - 0x00007ff937e87000 	C:\WINDOWS\System32\RPCRT4.dll
0x00007ff936a50000 - 0x00007ff936a58000 	C:\WINDOWS\System32\PSAPI.DLL
0x00007ff8e97d0000 - 0x00007ff8e97d9000 	C:\WINDOWS\SYSTEM32\WSOCK32.dll
0x00007ff9372c0000 - 0x00007ff937331000 	C:\WINDOWS\System32\WS2_32.dll
0x00007ff92bb10000 - 0x00007ff92bb44000 	C:\WINDOWS\SYSTEM32\WINMM.dll
0x00007ff92b790000 - 0x00007ff92b79a000 	C:\WINDOWS\SYSTEM32\VERSION.dll
0x00007ff934340000 - 0x00007ff934358000 	C:\WINDOWS\SYSTEM32\kernel.appcore.dll
0x00007ff922310000 - 0x00007ff922320000 	C:\Users\ajaya\AppData\Local\Programs\Eclipse Adoptium\jdk-11.0.13.8-hotspot\bin\verify.dll
0x00007ff932d20000 - 0x00007ff932f4e000 	C:\WINDOWS\SYSTEM32\DBGHELP.DLL
0x00007ff936db0000 - 0x00007ff93713a000 	C:\WINDOWS\System32\combase.dll
0x00007ff936620000 - 0x00007ff9366f7000 	C:\WINDOWS\System32\OLEAUT32.dll
0x00007ff923a60000 - 0x00007ff923a92000 	C:\WINDOWS\SYSTEM32\dbgcore.DLL
0x00007ff935ae0000 - 0x00007ff935b5a000 	C:\WINDOWS\System32\bcryptPrimitives.dll
0x00007ff9186b0000 - 0x00007ff9186d8000 	C:\Users\ajaya\AppData\Local\Programs\Eclipse Adoptium\jdk-11.0.13.8-hotspot\bin\java.dll
0x00007ff91f190000 - 0x00007ff91f19a000 	C:\Users\ajaya\AppData\Local\Programs\Eclipse Adoptium\jdk-11.0.13.8-hotspot\bin\jimage.dll
0x00007ff918690000 - 0x00007ff9186a7000 	C:\Users\ajaya\AppData\Local\Programs\Eclipse Adoptium\jdk-11.0.13.8-hotspot\bin\zip.dll
0x00007ff935e00000 - 0x00007ff936616000 	C:\WINDOWS\System32\SHELL32.dll
0x00007ff9332f0000 - 0x00007ff933bda000 	C:\WINDOWS\SYSTEM32\windows.storage.dll
0x00007ff9331b0000 - 0x00007ff9332ee000 	C:\WINDOWS\SYSTEM32\wintypes.dll
0x00007ff937ae0000 - 0x00007ff937bd3000 	C:\WINDOWS\System32\SHCORE.dll
0x00007ff937d10000 - 0x00007ff937d6e000 	C:\WINDOWS\System32\shlwapi.dll
0x00007ff9352a0000 - 0x00007ff9352c6000 	C:\WINDOWS\SYSTEM32\profapi.dll
0x00007ff918670000 - 0x00007ff918689000 	C:\Users\ajaya\AppData\Local\Programs\Eclipse Adoptium\jdk-11.0.13.8-hotspot\bin\net.dll
0x00007ff92c8f0000 - 0x00007ff92ca27000 	C:\WINDOWS\SYSTEM32\WINHTTP.dll
0x00007ff934830000 - 0x00007ff934899000 	C:\WINDOWS\system32\mswsock.dll
0x00007ff90ed70000 - 0x00007ff90ed82000 	C:\Users\ajaya\AppData\Local\Programs\Eclipse Adoptium\jdk-11.0.13.8-hotspot\bin\nio.dll
0x00007ff90ed90000 - 0x00007ff90edb7000 	C:\Users\ajaya\.gradle\native\68d5fa5c4cc2d200863cafc0d521ce42e7d3e7ee720ec0a83991735586a16f82\windows-amd64\native-platform.dll
0x00007ff8e3090000 - 0x00007ff8e31d4000 	C:\Users\ajaya\.gradle\native\e376f236ea51e6404a007f0833ffe2c6e607c4080706a723a18a27aeea778392\windows-amd64\native-platform-file-events.dll
0x00007ff918660000 - 0x00007ff918669000 	C:\Users\ajaya\AppData\Local\Programs\Eclipse Adoptium\jdk-11.0.13.8-hotspot\bin\management.dll
0x00007ff916700000 - 0x00007ff91670b000 	C:\Users\ajaya\AppData\Local\Programs\Eclipse Adoptium\jdk-11.0.13.8-hotspot\bin\management_ext.dll
0x00007ff934b00000 - 0x00007ff934b1b000 	C:\WINDOWS\SYSTEM32\CRYPTSP.dll
0x00007ff934300000 - 0x00007ff934335000 	C:\WINDOWS\system32\rsaenh.dll
0x00007ff934990000 - 0x00007ff9349bc000 	C:\WINDOWS\SYSTEM32\USERENV.dll
0x00007ff934d30000 - 0x00007ff934d58000 	C:\WINDOWS\SYSTEM32\bcrypt.dll
0x00007ff934af0000 - 0x00007ff934afc000 	C:\WINDOWS\SYSTEM32\CRYPTBASE.dll
0x00007ff933e80000 - 0x00007ff933ead000 	C:\WINDOWS\SYSTEM32\IPHLPAPI.DLL
0x00007ff937340000 - 0x00007ff937349000 	C:\WINDOWS\System32\NSI.dll
0x00007ff92b6e0000 - 0x00007ff92b6f9000 	C:\WINDOWS\SYSTEM32\dhcpcsvc6.DLL
0x00007ff92b250000 - 0x00007ff92b26f000 	C:\WINDOWS\SYSTEM32\dhcpcsvc.DLL
0x00007ff933eb0000 - 0x00007ff933fa3000 	C:\WINDOWS\SYSTEM32\DNSAPI.dll

dbghelp: loaded successfully - version: 4.0.5 - missing functions: none
symbol engine: initialized successfully - sym options: 0x614 - pdb path: .;C:\Users\ajaya\AppData\Local\Programs\Eclipse Adoptium\jdk-11.0.13.8-hotspot\bin;C:\WINDOWS\SYSTEM32;C:\WINDOWS\WinSxS\amd64_microsoft.windows.common-controls_6595b64144ccf1df_6.0.22621.2070_none_2713e6537381f706;C:\Users\ajaya\AppData\Local\Programs\Eclipse Adoptium\jdk-11.0.13.8-hotspot\bin\server;C:\Users\ajaya\.gradle\native\68d5fa5c4cc2d200863cafc0d521ce42e7d3e7ee720ec0a83991735586a16f82\windows-amd64;C:\Users\ajaya\.gradle\native\e376f236ea51e6404a007f0833ffe2c6e607c4080706a723a18a27aeea778392\windows-amd64

VM Arguments:
jvm_args: -XX:MaxMetaspaceSize=512m --add-opens=java.base/java.util=ALL-UNNAMED --add-opens=java.base/java.lang=ALL-UNNAMED --add-opens=java.base/java.lang.invoke=ALL-UNNAMED --add-opens=java.prefs/java.util.prefs=ALL-UNNAMED --add-opens=java.base/java.nio.charset=ALL-UNNAMED --add-opens=java.base/java.net=ALL-UNNAMED --add-opens=java.base/java.util.concurrent.atomic=ALL-UNNAMED -Xmx2048m -Dfile.encoding=windows-1252 -Duser.country=GB -Duser.language=en -Duser.variant 
java_command: org.gradle.launcher.daemon.bootstrap.GradleDaemon 8.0.1
java_class_path (initial): C:\Users\ajaya\.gradle\wrapper\dists\gradle-8.0.1-all\aro4hu1c3oeioove7l0i4i14o\gradle-8.0.1\lib\gradle-launcher-8.0.1.jar
Launcher Type: SUN_STANDARD

[Global flags]
     intx CICompilerCount                          = 4                                         {product} {ergonomic}
   size_t CompressedClassSpaceSize                 = 528482304                                 {product} {ergonomic}
     uint ConcGCThreads                            = 2                                         {product} {ergonomic}
     uint G1ConcRefinementThreads                  = 8                                         {product} {ergonomic}
   size_t G1HeapRegionSize                         = 1048576                                   {product} {ergonomic}
    uintx GCDrainStackTargetSize                   = 64                                        {product} {ergonomic}
   size_t InitialHeapSize                          = 130023424                                 {product} {ergonomic}
   size_t MarkStackSize                            = 4194304                                   {product} {ergonomic}
   size_t MaxHeapSize                              = 2147483648                                {product} {command line}
   size_t MaxMetaspaceSize                         = 536870912                                 {product} {command line}
   size_t MaxNewSize                               = 1287651328                                {product} {ergonomic}
   size_t MinHeapDeltaBytes                        = 1048576                                   {product} {ergonomic}
    uintx NonNMethodCodeHeapSize                   = 5836300                                {pd product} {ergonomic}
    uintx NonProfiledCodeHeapSize                  = 122910970                              {pd product} {ergonomic}
    uintx ProfiledCodeHeapSize                     = 122910970                              {pd product} {ergonomic}
    uintx ReservedCodeCacheSize                    = 251658240                              {pd product} {ergonomic}
     bool SegmentedCodeCache                       = true                                      {product} {ergonomic}
     bool UseCompressedClassPointers               = true                                 {lp64_product} {ergonomic}
     bool UseCompressedOops                        = true                                 {lp64_product} {ergonomic}
     bool UseG1GC                                  = true                                      {product} {ergonomic}
     bool UseLargePagesIndividualAllocation        = false                                  {pd product} {ergonomic}

Logging:
Log output configuration:
 #0: stdout all=warning uptime,level,tags
 #1: stderr all=off uptime,level,tags

Environment Variables:
JAVA_HOME=C:\Users\ajaya\AppData\Local\Programs\Eclipse Adoptium\jdk-11.0.13.8-hotspot\
CLASSPATH=C:\Users\ajaya\Desktop\AwesomeProject\android\\gradle\wrapper\gradle-wrapper.jar
PATH=C:\Users\ajaya\Desktop\AwesomeProject\node_modules\.bin;C:\Users\ajaya\Desktop\AwesomeProject\node_modules\.bin;C:\Users\ajaya\Desktop\node_modules\.bin;C:\Users\ajaya\node_modules\.bin;C:\Users\node_modules\.bin;C:\node_modules\.bin;C:\Program Files\nodejs\node_modules\npm\node_modules\@npmcli\run-script\lib\node-gyp-bin;C:\Users\ajaya\Desktop\AwesomeProject\node_modules\.bin;C:\Users\ajaya\Desktop\AwesomeProject\node_modules\.bin;C:\Users\ajaya\Desktop\node_modules\.bin;C:\Users\ajaya\node_modules\.bin;C:\Users\node_modules\.bin;C:\node_modules\.bin;C:\Program Files\nodejs\node_modules\npm\node_modules\@npmcli\run-script\lib\node-gyp-bin;C:\Program Files\Eclipse Adoptium\jdk-17.0.7.7-hotspot\bin;C:\Program Files\Microsoft\jdk-11.0.18.10-hotspot\bin;C:\Program Files\Common Files\Oracle\Java\javapath;C:\WINDOWS\system32;C:\WINDOWS;C:\WINDOWS\System32\Wbem;C:\WINDOWS\System32\WindowsPowerShell\v1.0\;C:\WINDOWS\System32\OpenSSH\;C:\Program Files\Git\cmd;C:\Users\ajaya\AppData\Local\Programs\Eclipse Adoptium\jdk-11.0.13.8-hotspot\bin;C:\Users\ajaya\AppData\Local\Programs\Python\Python39\Scripts\;C:\Users\ajaya\AppData\Local\Programs\Python\Python39\;C:\Users\ajaya\AppData\Local\Microsoft\WindowsApps;C:\Users\ajaya\AppData\Local\Programs\Microsoft VS Code\bin;C:\Users\ajaya\AppData\Local\Programs\Python\Python39;C:\IntelliJ IDEA Community Edition 2021.3\bin;C:\Users\ajaya\AppData\Roaming\npm;C:\Program Files\heroku\bin;C:\OSGeo4W64\bin;C:\OSGeo4W\bin;C:\WINDOWS\system32;C:\WINDOWS;C:\WINDOWS\System32\Wbem;C:\WINDOWS\System32\WindowsPowerShell\v1.0\;C:\WINDOWS\System32\OpenSSH\;C:\ProgramData\chocolatey\bin;C:\Program Files\nodejs\;C:\Users\ajaya\AppData\Local\Android\Sdk\platform-tools;C:\Users\ajaya\AppData\Local\Programs\Eclipse Adoptium\jdk-11.0.13.8-hotspot\bin;C:\Users\ajaya\AppData\Local\Programs\Python\Python39\Scripts\;C:\Users\ajaya\AppData\Local\Programs\Python\Python39\;C:\Users\ajaya\AppData\Local\Microsoft\WindowsApps;C:\Users\ajaya\AppData\Local\Programs
USERNAME=ajaya
LANG=en_US.UTF-8
OS=Windows_NT
PROCESSOR_IDENTIFIER=Intel64 Family 6 Model 140 Stepping 1, GenuineIntel



---------------  S Y S T E M  ---------------

OS: Windows 10 , 64 bit Build 22621 (10.0.22621.2070)
OS uptime: 0 days 19:52 hours
Hyper-V role detected

CPU:total 8 (initial active 8) (4 cores per cpu, 2 threads per core) family 6 model 140 stepping 1 microcode 0xa4, cmov, cx8, fxsr, mmx, sse, sse2, sse3, ssse3, sse4.1, sse4.2, popcnt, avx, avx2, aes, clmul, erms, 3dnowpref, lzcnt, ht, tsc, tscinvbit, bmi1, bmi2, adx, evex, sha, fma

Memory: 4k page, system-wide physical 7831M (14M free)
TotalPageFile size 31383M (AvailPageFile size 0M)
current process WorkingSet (physical memory assigned to process): 11M, peak: 259M
current process commit charge ("private bytes"): 422M, peak: 437M

vm_info: OpenJDK 64-Bit Server VM (11.0.13+8) for windows-amd64 JRE (11.0.13+8), built on Oct 19 2021 17:05:59 by "" with unknown MS VC++:1916

END.
