#
# There is insufficient memory for the Java Runtime Environment to continue.
# Native memory allocation (malloc) failed to allocate 32744 bytes for ChunkPool::allocate
# Possible reasons:
#   The system is out of physical RAM or swap space
#   The process is running with CompressedOops enabled, and the Java Heap may be blocking the growth of the native heap
# Possible solutions:
#   Reduce memory load on the system
#   Increase physical memory or swap space
#   Check if swap backing store is full
#   Decrease Java heap size (-Xmx/-Xms)
#   Decrease number of Java threads
#   Decrease Java thread stack sizes (-Xss)
#   Set larger code cache with -XX:ReservedCodeCacheSize=
#   JVM is running with Unscaled Compressed Oops mode in which the Java heap is
#     placed in the first 4GB address space. The Java Heap base address is the
#     maximum limit for the native heap growth. Please use -XX:HeapBaseMinAddress
#     to set the Java Heap base and to place the Java Heap above 4GB virtual address.
# This output file may be truncated or incomplete.
#
#  Out of Memory Error (./src/hotspot/share/memory/arena.cpp:81), pid=36484, tid=37664
#
# JRE version: OpenJDK Runtime Environment Temurin-11.0.13+8 (11.0.13+8) (build 11.0.13+8)
# Java VM: OpenJDK 64-Bit Server VM Temurin-11.0.13+8 (11.0.13+8, mixed mode, tiered, compressed oops, g1 gc, windows-amd64)
# No core dump will be written. Minidumps are not enabled by default on client versions of Windows
#

---------------  S U M M A R Y ------------

Command Line: -XX:MaxMetaspaceSize=512m --add-opens=java.base/java.util=ALL-UNNAMED --add-opens=java.base/java.lang=ALL-UNNAMED --add-opens=java.base/java.lang.invoke=ALL-UNNAMED --add-opens=java.prefs/java.util.prefs=ALL-UNNAMED --add-opens=java.base/java.nio.charset=ALL-UNNAMED --add-opens=java.base/java.net=ALL-UNNAMED --add-opens=java.base/java.util.concurrent.atomic=ALL-UNNAMED -Xmx2048m -Dfile.encoding=windows-1252 -Duser.country=GB -Duser.language=en -Duser.variant org.gradle.launcher.daemon.bootstrap.GradleDaemon 8.0.1

Host: 11th Gen Intel(R) Core(TM) i7-1165G7 @ 2.80GHz, 8 cores, 7G,  Windows 10 , 64 bit Build 22621 (10.0.22621.2070)
Time: Fri Jul 28 19:49:44 2023 India Standard Time elapsed time: 25.939160 seconds (0d 0h 0m 25s)

---------------  T H R E A D  ---------------

Current thread (0x0000022a500a6000):  JavaThread "C2 CompilerThread0" daemon [_thread_in_native, id=37664, stack(0x0000007116900000,0x0000007116a00000)]


Current CompileTask:
C2:  25939 2841       4       java.io.DataInputStream::readUTF (501 bytes)

Stack: [0x0000007116900000,0x0000007116a00000]
Native frames: (J=compiled Java code, j=interpreted, Vv=VM code, C=native code)
V  [jvm.dll+0x61cc7a]
V  [jvm.dll+0x7a8fd9]
V  [jvm.dll+0x7aa69f]
V  [jvm.dll+0x7aad73]
V  [jvm.dll+0x24f808]
V  [jvm.dll+0xc286b]
V  [jvm.dll+0xc2bcc]
V  [jvm.dll+0xc271b]
V  [jvm.dll+0x5fa8cf]
V  [jvm.dll+0x64d9e3]
V  [jvm.dll+0x19e66d]
V  [jvm.dll+0x208aa2]
V  [jvm.dll+0x207b7d]
V  [jvm.dll+0x18a011]
V  [jvm.dll+0x217599]
V  [jvm.dll+0x21578b]
V  [jvm.dll+0x76ba50]
V  [jvm.dll+0x7649d4]
V  [jvm.dll+0x61bb16]
C  [ucrtbase.dll+0x29363]
C  [KERNEL32.DLL+0x126ad]
C  [ntdll.dll+0x5aa68]


---------------  P R O C E S S  ---------------

Threads class SMR info:
_java_thread_list=0x0000022a51a63520, length=32, elements={
0x0000022a30fe3800, 0x0000022a50096000, 0x0000022a50087800, 0x0000022a500a3000,
0x0000022a500a3800, 0x0000022a500a5000, 0x0000022a500a6000, 0x0000022a500ac000,
0x0000022a500cb000, 0x0000022a50b63000, 0x0000022a5210b800, 0x0000022a51d73000,
0x0000022a519f1800, 0x0000022a52bf3800, 0x0000022a52100800, 0x0000022a52555800,
0x0000022a53d47800, 0x0000022a53969000, 0x0000022a50ec8000, 0x0000022a517f0000,
0x0000022a517f3800, 0x0000022a517f2000, 0x0000022a517f1000, 0x0000022a517f2800,
0x0000022a517f4800, 0x0000022a517f5000, 0x0000022a517f6000, 0x0000022a517f6800,
0x0000022a52325800, 0x0000022a52320800, 0x0000022a52324800, 0x0000022a52321800
}

Java Threads: ( => current thread )
  0x0000022a30fe3800 JavaThread "main" [_thread_blocked, id=39272, stack(0x0000007115d00000,0x0000007115e00000)]
  0x0000022a50096000 JavaThread "Reference Handler" daemon [_thread_blocked, id=2036, stack(0x0000007116400000,0x0000007116500000)]
  0x0000022a50087800 JavaThread "Finalizer" daemon [_thread_blocked, id=39204, stack(0x0000007116500000,0x0000007116600000)]
  0x0000022a500a3000 JavaThread "Signal Dispatcher" daemon [_thread_blocked, id=39832, stack(0x0000007116600000,0x0000007116700000)]
  0x0000022a500a3800 JavaThread "Attach Listener" daemon [_thread_blocked, id=36908, stack(0x0000007116700000,0x0000007116800000)]
  0x0000022a500a5000 JavaThread "Service Thread" daemon [_thread_blocked, id=18328, stack(0x0000007116800000,0x0000007116900000)]
=>0x0000022a500a6000 JavaThread "C2 CompilerThread0" daemon [_thread_in_native, id=37664, stack(0x0000007116900000,0x0000007116a00000)]
  0x0000022a500ac000 JavaThread "C1 CompilerThread0" daemon [_thread_blocked, id=17300, stack(0x0000007116a00000,0x0000007116b00000)]
  0x0000022a500cb000 JavaThread "Sweeper thread" daemon [_thread_blocked, id=39152, stack(0x0000007116b00000,0x0000007116c00000)]
  0x0000022a50b63000 JavaThread "Common-Cleaner" daemon [_thread_blocked, id=36096, stack(0x0000007116c00000,0x0000007116d00000)]
  0x0000022a5210b800 JavaThread "Daemon health stats" [_thread_blocked, id=16900, stack(0x0000007117000000,0x0000007117100000)]
  0x0000022a51d73000 JavaThread "Incoming local TCP Connector on port 58089" [_thread_in_native, id=40060, stack(0x0000007116f00000,0x0000007117000000)]
  0x0000022a519f1800 JavaThread "Daemon periodic checks" [_thread_blocked, id=40064, stack(0x0000007117100000,0x0000007117200000)]
  0x0000022a52bf3800 JavaThread "Daemon" [_thread_blocked, id=40072, stack(0x0000007117200000,0x0000007117300000)]
  0x0000022a52100800 JavaThread "Handler for socket connection from /127.0.0.1:58089 to /127.0.0.1:58090" [_thread_in_native, id=40076, stack(0x0000007117300000,0x0000007117400000)]
  0x0000022a52555800 JavaThread "Cancel handler" [_thread_blocked, id=40080, stack(0x0000007117400000,0x0000007117500000)]
  0x0000022a53d47800 JavaThread "Daemon worker" [_thread_in_vm, id=40084, stack(0x0000007117500000,0x0000007117600000)]
  0x0000022a53969000 JavaThread "Asynchronous log dispatcher for DefaultDaemonConnection: socket connection from /127.0.0.1:58089 to /127.0.0.1:58090" [_thread_blocked, id=40096, stack(0x0000007117600000,0x0000007117700000)]
  0x0000022a50ec8000 JavaThread "Stdin handler" [_thread_blocked, id=40100, stack(0x0000007117700000,0x0000007117800000)]
  0x0000022a517f0000 JavaThread "Daemon client event forwarder" [_thread_blocked, id=40104, stack(0x0000007117800000,0x0000007117900000)]
  0x0000022a517f3800 JavaThread "Cache worker for journal cache (C:\Users\ajaya\.gradle\caches\journal-1)" [_thread_blocked, id=40184, stack(0x0000007117f00000,0x0000007118000000)]
  0x0000022a517f2000 JavaThread "File lock request listener" [_thread_in_native, id=40196, stack(0x0000007118000000,0x0000007118100000)]
  0x0000022a517f1000 JavaThread "File lock release action executor" [_thread_blocked, id=40316, stack(0x0000007118200000,0x0000007118300000)]
  0x0000022a517f2800 JavaThread "Cache worker for file hash cache (C:\Users\ajaya\.gradle\caches\8.0.1\fileHashes)" [_thread_blocked, id=40320, stack(0x0000007118300000,0x0000007118400000)]
  0x0000022a517f4800 JavaThread "File watcher server" daemon [_thread_in_native, id=40492, stack(0x0000007118400000,0x0000007118500000)]
  0x0000022a517f5000 JavaThread "File watcher consumer" daemon [_thread_blocked, id=40496, stack(0x0000007118500000,0x0000007118600000)]
  0x0000022a517f6000 JavaThread "Cache worker for checksums cache (C:\Users\ajaya\Desktop\AwesomeProject\android\.gradle\8.0.1\checksums)" [_thread_blocked, id=40508, stack(0x0000007118600000,0x0000007118700000)]
  0x0000022a517f6800 JavaThread "Cache worker for cache directory md-rule (C:\Users\ajaya\.gradle\caches\8.0.1\md-rule)" [_thread_blocked, id=40516, stack(0x0000007118700000,0x0000007118800000)]
  0x0000022a52325800 JavaThread "Cache worker for file content cache (C:\Users\ajaya\.gradle\caches\8.0.1\fileContent)" [_thread_blocked, id=40524, stack(0x0000007118800000,0x0000007118900000)]
  0x0000022a52320800 JavaThread "Cache worker for file hash cache (C:\Users\ajaya\Desktop\AwesomeProject\android\.gradle\8.0.1\fileHashes)" [_thread_blocked, id=40620, stack(0x0000007118900000,0x0000007118a00000)]
  0x0000022a52324800 JavaThread "Cache worker for cache directory md-supplier (C:\Users\ajaya\.gradle\caches\8.0.1\md-supplier)" [_thread_blocked, id=40684, stack(0x0000007118a00000,0x0000007118b00000)]
  0x0000022a52321800 JavaThread "Cache worker for execution history cache (C:\Users\ajaya\.gradle\caches\8.0.1\executionHistory)" [_thread_blocked, id=40720, stack(0x0000007118b00000,0x0000007118c00000)]

Other Threads:
  0x0000022a50083000 VMThread "VM Thread" [stack: 0x0000007116300000,0x0000007116400000] [id=34780]
  0x0000022a50b7b000 WatcherThread [stack: 0x0000007116d00000,0x0000007116e00000] [id=37544]
  0x0000022a30ffb800 GCTaskThread "GC Thread#0" [stack: 0x0000007115e00000,0x0000007115f00000] [id=39924]
  0x0000022a518d2000 GCTaskThread "GC Thread#1" [stack: 0x0000007116e00000,0x0000007116f00000] [id=28812]
  0x0000022a51bd3800 GCTaskThread "GC Thread#2" [stack: 0x0000007117900000,0x0000007117a00000] [id=40108]
  0x0000022a520e4000 GCTaskThread "GC Thread#3" [stack: 0x0000007117a00000,0x0000007117b00000] [id=40112]
  0x0000022a520e4800 GCTaskThread "GC Thread#4" [stack: 0x0000007117b00000,0x0000007117c00000] [id=40116]
  0x0000022a51b88800 GCTaskThread "GC Thread#5" [stack: 0x0000007117c00000,0x0000007117d00000] [id=40120]
  0x0000022a51b89800 GCTaskThread "GC Thread#6" [stack: 0x0000007117d00000,0x0000007117e00000] [id=40124]
  0x0000022a51c12000 GCTaskThread "GC Thread#7" [stack: 0x0000007117e00000,0x0000007117f00000] [id=40128]
  0x0000022a3102b000 ConcurrentGCThread "G1 Main Marker" [stack: 0x0000007115f00000,0x0000007116000000] [id=39492]
  0x0000022a3102d800 ConcurrentGCThread "G1 Conc#0" [stack: 0x0000007116000000,0x0000007116100000] [id=37968]
  0x0000022a5342f800 ConcurrentGCThread "G1 Conc#1" [stack: 0x0000007118100000,0x0000007118200000] [id=40216]
  0x0000022a310ad800 ConcurrentGCThread "G1 Refine#0" [stack: 0x0000007116100000,0x0000007116200000] [id=4548]
  0x0000022a4fef4800 ConcurrentGCThread "G1 Young RemSet Sampling" [stack: 0x0000007116200000,0x0000007116300000] [id=39856]

Threads with active compile tasks:
C2 CompilerThread0  25996 2841       4       java.io.DataInputStream::readUTF (501 bytes)

VM state:not at safepoint (normal execution)

VM Mutex/Monitor currently owned by a thread: None

Heap address: 0x0000000080000000, size: 2048 MB, Compressed Oops mode: 32-bit
Narrow klass base: 0x0000000000000000, Narrow klass shift: 3
Compressed class space size: 528482304 Address: 0x0000000100000000

Heap:
 garbage-first heap   total 126976K, used 26293K [0x0000000080000000, 0x0000000100000000)
  region size 1024K, 10 young (10240K), 5 survivors (5120K)
 Metaspace       used 32563K, capacity 33358K, committed 33456K, reserved 546816K
  class space    used 4292K, capacity 4584K, committed 4608K, reserved 516096K
Heap Regions: E=young(eden), S=young(survivor), O=old, HS=humongous(starts), HC=humongous(continues), CS=collection set, F=free, A=archive, TAMS=top-at-mark-start (previous, next)
|   0|0x0000000080000000, 0x0000000080100000, 0x0000000080100000|100%|HS|  |TAMS 0x0000000080100000, 0x0000000080000000| Complete 
|   1|0x0000000080100000, 0x0000000080200000, 0x0000000080200000|100%|HC|  |TAMS 0x0000000080200000, 0x0000000080100000| Complete 
|   2|0x0000000080200000, 0x0000000080300000, 0x0000000080300000|100%|HC|  |TAMS 0x0000000080300000, 0x0000000080200000| Complete 
|   3|0x0000000080300000, 0x0000000080400000, 0x0000000080400000|100%|HC|  |TAMS 0x0000000080400000, 0x0000000080300000| Complete 
|   4|0x0000000080400000, 0x0000000080500000, 0x0000000080500000|100%| O|  |TAMS 0x0000000080500000, 0x0000000080400000| Untracked 
|   5|0x0000000080500000, 0x0000000080600000, 0x0000000080600000|100%| O|  |TAMS 0x0000000080600000, 0x0000000080500000| Untracked 
|   6|0x0000000080600000, 0x0000000080700000, 0x0000000080700000|100%| O|  |TAMS 0x0000000080700000, 0x0000000080600000| Untracked 
|   7|0x0000000080700000, 0x0000000080800000, 0x0000000080800000|100%| O|  |TAMS 0x0000000080800000, 0x0000000080700000| Untracked 
|   8|0x0000000080800000, 0x0000000080900000, 0x0000000080900000|100%| O|  |TAMS 0x0000000080900000, 0x0000000080800000| Untracked 
|   9|0x0000000080900000, 0x0000000080a00000, 0x0000000080a00000|100%| O|  |TAMS 0x0000000080a00000, 0x0000000080900000| Untracked 
|  10|0x0000000080a00000, 0x0000000080b00000, 0x0000000080b00000|100%| O|  |TAMS 0x0000000080b00000, 0x0000000080a00000| Untracked 
|  11|0x0000000080b00000, 0x0000000080c00000, 0x0000000080c00000|100%| O|  |TAMS 0x0000000080c00000, 0x0000000080b00000| Untracked 
|  12|0x0000000080c00000, 0x0000000080d00000, 0x0000000080d00000|100%| O|  |TAMS 0x0000000080d00000, 0x0000000080c00000| Untracked 
|  13|0x0000000080d00000, 0x0000000080e00000, 0x0000000080e00000|100%| O|  |TAMS 0x0000000080e00000, 0x0000000080d00000| Untracked 
|  14|0x0000000080e00000, 0x0000000080f00000, 0x0000000080f00000|100%| O|  |TAMS 0x0000000080f00000, 0x0000000080e00000| Untracked 
|  15|0x0000000080f00000, 0x0000000081000000, 0x0000000081000000|100%| O|  |TAMS 0x0000000081000000, 0x0000000080f00000| Untracked 
|  16|0x0000000081000000, 0x00000000810d8e00, 0x0000000081100000| 84%| O|  |TAMS 0x00000000810d8e00, 0x0000000081000000| Untracked 
|  17|0x0000000081100000, 0x0000000081100000, 0x0000000081200000|  0%| F|  |TAMS 0x0000000081100000, 0x0000000081100000| Untracked 
|  18|0x0000000081200000, 0x0000000081200000, 0x0000000081300000|  0%| F|  |TAMS 0x0000000081200000, 0x0000000081200000| Untracked 
|  19|0x0000000081300000, 0x0000000081300000, 0x0000000081400000|  0%| F|  |TAMS 0x0000000081300000, 0x0000000081300000| Untracked 
|  20|0x0000000081400000, 0x0000000081400000, 0x0000000081500000|  0%| F|  |TAMS 0x0000000081400000, 0x0000000081400000| Untracked 
|  21|0x0000000081500000, 0x0000000081500000, 0x0000000081600000|  0%| F|  |TAMS 0x0000000081500000, 0x0000000081500000| Untracked 
|  22|0x0000000081600000, 0x0000000081600000, 0x0000000081700000|  0%| F|  |TAMS 0x0000000081600000, 0x0000000081600000| Untracked 
|  23|0x0000000081700000, 0x0000000081700000, 0x0000000081800000|  0%| F|  |TAMS 0x0000000081700000, 0x0000000081700000| Untracked 
|  24|0x0000000081800000, 0x0000000081800000, 0x0000000081900000|  0%| F|  |TAMS 0x0000000081800000, 0x0000000081800000| Untracked 
|  25|0x0000000081900000, 0x0000000081900000, 0x0000000081a00000|  0%| F|  |TAMS 0x0000000081900000, 0x0000000081900000| Untracked 
|  26|0x0000000081a00000, 0x0000000081a00000, 0x0000000081b00000|  0%| F|  |TAMS 0x0000000081a00000, 0x0000000081a00000| Untracked 
|  27|0x0000000081b00000, 0x0000000081b00000, 0x0000000081c00000|  0%| F|  |TAMS 0x0000000081b00000, 0x0000000081b00000| Untracked 
|  28|0x0000000081c00000, 0x0000000081c00000, 0x0000000081d00000|  0%| F|  |TAMS 0x0000000081c00000, 0x0000000081c00000| Untracked 
|  29|0x0000000081d00000, 0x0000000081d00000, 0x0000000081e00000|  0%| F|  |TAMS 0x0000000081d00000, 0x0000000081d00000| Untracked 
|  30|0x0000000081e00000, 0x0000000081e00000, 0x0000000081f00000|  0%| F|  |TAMS 0x0000000081e00000, 0x0000000081e00000| Untracked 
|  31|0x0000000081f00000, 0x0000000081f00000, 0x0000000082000000|  0%| F|  |TAMS 0x0000000081f00000, 0x0000000081f00000| Untracked 
|  32|0x0000000082000000, 0x0000000082000000, 0x0000000082100000|  0%| F|  |TAMS 0x0000000082000000, 0x0000000082000000| Untracked 
|  33|0x0000000082100000, 0x0000000082100000, 0x0000000082200000|  0%| F|  |TAMS 0x0000000082100000, 0x0000000082100000| Untracked 
|  34|0x0000000082200000, 0x0000000082200000, 0x0000000082300000|  0%| F|  |TAMS 0x0000000082200000, 0x0000000082200000| Untracked 
|  35|0x0000000082300000, 0x0000000082300000, 0x0000000082400000|  0%| F|  |TAMS 0x0000000082300000, 0x0000000082300000| Untracked 
|  36|0x0000000082400000, 0x0000000082400000, 0x0000000082500000|  0%| F|  |TAMS 0x0000000082400000, 0x0000000082400000| Untracked 
|  37|0x0000000082500000, 0x0000000082500000, 0x0000000082600000|  0%| F|  |TAMS 0x0000000082500000, 0x0000000082500000| Untracked 
|  38|0x0000000082600000, 0x0000000082600000, 0x0000000082700000|  0%| F|  |TAMS 0x0000000082600000, 0x0000000082600000| Untracked 
|  39|0x0000000082700000, 0x0000000082700000, 0x0000000082800000|  0%| F|  |TAMS 0x0000000082700000, 0x0000000082700000| Untracked 
|  40|0x0000000082800000, 0x0000000082800000, 0x0000000082900000|  0%| F|  |TAMS 0x0000000082800000, 0x0000000082800000| Untracked 
|  41|0x0000000082900000, 0x0000000082900000, 0x0000000082a00000|  0%| F|  |TAMS 0x0000000082900000, 0x0000000082900000| Untracked 
|  42|0x0000000082a00000, 0x0000000082a00000, 0x0000000082b00000|  0%| F|  |TAMS 0x0000000082a00000, 0x0000000082a00000| Untracked 
|  43|0x0000000082b00000, 0x0000000082b00000, 0x0000000082c00000|  0%| F|  |TAMS 0x0000000082b00000, 0x0000000082b00000| Untracked 
|  44|0x0000000082c00000, 0x0000000082c00000, 0x0000000082d00000|  0%| F|  |TAMS 0x0000000082c00000, 0x0000000082c00000| Untracked 
|  45|0x0000000082d00000, 0x0000000082d00000, 0x0000000082e00000|  0%| F|  |TAMS 0x0000000082d00000, 0x0000000082d00000| Untracked 
|  46|0x0000000082e00000, 0x0000000082e00000, 0x0000000082f00000|  0%| F|  |TAMS 0x0000000082e00000, 0x0000000082e00000| Untracked 
|  47|0x0000000082f00000, 0x0000000082f00000, 0x0000000083000000|  0%| F|  |TAMS 0x0000000082f00000, 0x0000000082f00000| Untracked 
|  48|0x0000000083000000, 0x0000000083000000, 0x0000000083100000|  0%| F|  |TAMS 0x0000000083000000, 0x0000000083000000| Untracked 
|  49|0x0000000083100000, 0x0000000083100000, 0x0000000083200000|  0%| F|  |TAMS 0x0000000083100000, 0x0000000083100000| Untracked 
|  50|0x0000000083200000, 0x0000000083200000, 0x0000000083300000|  0%| F|  |TAMS 0x0000000083200000, 0x0000000083200000| Untracked 
|  51|0x0000000083300000, 0x0000000083300000, 0x0000000083400000|  0%| F|  |TAMS 0x0000000083300000, 0x0000000083300000| Untracked 
|  52|0x0000000083400000, 0x0000000083400000, 0x0000000083500000|  0%| F|  |TAMS 0x0000000083400000, 0x0000000083400000| Untracked 
|  53|0x0000000083500000, 0x0000000083500000, 0x0000000083600000|  0%| F|  |TAMS 0x0000000083500000, 0x0000000083500000| Untracked 
|  54|0x0000000083600000, 0x0000000083600000, 0x0000000083700000|  0%| F|  |TAMS 0x0000000083600000, 0x0000000083600000| Untracked 
|  55|0x0000000083700000, 0x0000000083700000, 0x0000000083800000|  0%| F|  |TAMS 0x0000000083700000, 0x0000000083700000| Untracked 
|  56|0x0000000083800000, 0x0000000083800000, 0x0000000083900000|  0%| F|  |TAMS 0x0000000083800000, 0x0000000083800000| Untracked 
|  57|0x0000000083900000, 0x00000000839d48d0, 0x0000000083a00000| 83%| S|CS|TAMS 0x0000000083900000, 0x0000000083900000| Complete 
|  58|0x0000000083a00000, 0x0000000083b00000, 0x0000000083b00000|100%| S|CS|TAMS 0x0000000083a00000, 0x0000000083a00000| Complete 
|  59|0x0000000083b00000, 0x0000000083c00000, 0x0000000083c00000|100%| S|CS|TAMS 0x0000000083b00000, 0x0000000083b00000| Complete 
|  60|0x0000000083c00000, 0x0000000083d00000, 0x0000000083d00000|100%| S|CS|TAMS 0x0000000083c00000, 0x0000000083c00000| Complete 
|  61|0x0000000083d00000, 0x0000000083e00000, 0x0000000083e00000|100%| S|CS|TAMS 0x0000000083d00000, 0x0000000083d00000| Complete 
|  62|0x0000000083e00000, 0x0000000083e00000, 0x0000000083f00000|  0%| F|  |TAMS 0x0000000083e00000, 0x0000000083e00000| Untracked 
|  63|0x0000000083f00000, 0x0000000083f00000, 0x0000000084000000|  0%| F|  |TAMS 0x0000000083f00000, 0x0000000083f00000| Untracked 
|  64|0x0000000084000000, 0x0000000084000000, 0x0000000084100000|  0%| F|  |TAMS 0x0000000084000000, 0x0000000084000000| Untracked 
|  65|0x0000000084100000, 0x0000000084100000, 0x0000000084200000|  0%| F|  |TAMS 0x0000000084100000, 0x0000000084100000| Untracked 
|  66|0x0000000084200000, 0x0000000084200000, 0x0000000084300000|  0%| F|  |TAMS 0x0000000084200000, 0x0000000084200000| Untracked 
|  67|0x0000000084300000, 0x0000000084300000, 0x0000000084400000|  0%| F|  |TAMS 0x0000000084300000, 0x0000000084300000| Untracked 
|  68|0x0000000084400000, 0x0000000084400000, 0x0000000084500000|  0%| F|  |TAMS 0x0000000084400000, 0x0000000084400000| Untracked 
|  69|0x0000000084500000, 0x0000000084500000, 0x0000000084600000|  0%| F|  |TAMS 0x0000000084500000, 0x0000000084500000| Untracked 
|  70|0x0000000084600000, 0x0000000084600000, 0x0000000084700000|  0%| F|  |TAMS 0x0000000084600000, 0x0000000084600000| Untracked 
|  71|0x0000000084700000, 0x0000000084700000, 0x0000000084800000|  0%| F|  |TAMS 0x0000000084700000, 0x0000000084700000| Untracked 
|  72|0x0000000084800000, 0x0000000084800000, 0x0000000084900000|  0%| F|  |TAMS 0x0000000084800000, 0x0000000084800000| Untracked 
|  73|0x0000000084900000, 0x0000000084900000, 0x0000000084a00000|  0%| F|  |TAMS 0x0000000084900000, 0x0000000084900000| Untracked 
|  74|0x0000000084a00000, 0x0000000084a00000, 0x0000000084b00000|  0%| F|  |TAMS 0x0000000084a00000, 0x0000000084a00000| Untracked 
|  75|0x0000000084b00000, 0x0000000084b00000, 0x0000000084c00000|  0%| F|  |TAMS 0x0000000084b00000, 0x0000000084b00000| Untracked 
|  76|0x0000000084c00000, 0x0000000084c00000, 0x0000000084d00000|  0%| F|  |TAMS 0x0000000084c00000, 0x0000000084c00000| Untracked 
|  77|0x0000000084d00000, 0x0000000084d00000, 0x0000000084e00000|  0%| F|  |TAMS 0x0000000084d00000, 0x0000000084d00000| Untracked 
|  78|0x0000000084e00000, 0x0000000084e00000, 0x0000000084f00000|  0%| F|  |TAMS 0x0000000084e00000, 0x0000000084e00000| Untracked 
|  79|0x0000000084f00000, 0x0000000084f00000, 0x0000000085000000|  0%| F|  |TAMS 0x0000000084f00000, 0x0000000084f00000| Untracked 
|  80|0x0000000085000000, 0x0000000085000000, 0x0000000085100000|  0%| F|  |TAMS 0x0000000085000000, 0x0000000085000000| Untracked 
|  81|0x0000000085100000, 0x0000000085100000, 0x0000000085200000|  0%| F|  |TAMS 0x0000000085100000, 0x0000000085100000| Untracked 
|  82|0x0000000085200000, 0x0000000085200000, 0x0000000085300000|  0%| F|  |TAMS 0x0000000085200000, 0x0000000085200000| Untracked 
|  83|0x0000000085300000, 0x0000000085300000, 0x0000000085400000|  0%| F|  |TAMS 0x0000000085300000, 0x0000000085300000| Untracked 
|  84|0x0000000085400000, 0x0000000085400000, 0x0000000085500000|  0%| F|  |TAMS 0x0000000085400000, 0x0000000085400000| Untracked 
|  85|0x0000000085500000, 0x0000000085500000, 0x0000000085600000|  0%| F|  |TAMS 0x0000000085500000, 0x0000000085500000| Untracked 
|  86|0x0000000085600000, 0x0000000085600000, 0x0000000085700000|  0%| F|  |TAMS 0x0000000085600000, 0x0000000085600000| Untracked 
|  87|0x0000000085700000, 0x0000000085700000, 0x0000000085800000|  0%| F|  |TAMS 0x0000000085700000, 0x0000000085700000| Untracked 
|  88|0x0000000085800000, 0x0000000085800000, 0x0000000085900000|  0%| F|  |TAMS 0x0000000085800000, 0x0000000085800000| Untracked 
|  89|0x0000000085900000, 0x0000000085900000, 0x0000000085a00000|  0%| F|  |TAMS 0x0000000085900000, 0x0000000085900000| Untracked 
|  90|0x0000000085a00000, 0x0000000085a00000, 0x0000000085b00000|  0%| F|  |TAMS 0x0000000085a00000, 0x0000000085a00000| Untracked 
|  91|0x0000000085b00000, 0x0000000085b00000, 0x0000000085c00000|  0%| F|  |TAMS 0x0000000085b00000, 0x0000000085b00000| Untracked 
|  92|0x0000000085c00000, 0x0000000085c00000, 0x0000000085d00000|  0%| F|  |TAMS 0x0000000085c00000, 0x0000000085c00000| Untracked 
|  93|0x0000000085d00000, 0x0000000085d00000, 0x0000000085e00000|  0%| F|  |TAMS 0x0000000085d00000, 0x0000000085d00000| Untracked 
|  94|0x0000000085e00000, 0x0000000085e00000, 0x0000000085f00000|  0%| F|  |TAMS 0x0000000085e00000, 0x0000000085e00000| Untracked 
|  95|0x0000000085f00000, 0x0000000085f00000, 0x0000000086000000|  0%| F|  |TAMS 0x0000000085f00000, 0x0000000085f00000| Untracked 
|  96|0x0000000086000000, 0x0000000086000000, 0x0000000086100000|  0%| F|  |TAMS 0x0000000086000000, 0x0000000086000000| Untracked 
|  97|0x0000000086100000, 0x0000000086100000, 0x0000000086200000|  0%| F|  |TAMS 0x0000000086100000, 0x0000000086100000| Untracked 
|  98|0x0000000086200000, 0x0000000086200000, 0x0000000086300000|  0%| F|  |TAMS 0x0000000086200000, 0x0000000086200000| Untracked 
|  99|0x0000000086300000, 0x0000000086300000, 0x0000000086400000|  0%| F|  |TAMS 0x0000000086300000, 0x0000000086300000| Untracked 
| 100|0x0000000086400000, 0x0000000086400000, 0x0000000086500000|  0%| F|  |TAMS 0x0000000086400000, 0x0000000086400000| Untracked 
| 101|0x0000000086500000, 0x0000000086500000, 0x0000000086600000|  0%| F|  |TAMS 0x0000000086500000, 0x0000000086500000| Untracked 
| 102|0x0000000086600000, 0x0000000086600000, 0x0000000086700000|  0%| F|  |TAMS 0x0000000086600000, 0x0000000086600000| Untracked 
| 103|0x0000000086700000, 0x0000000086700000, 0x0000000086800000|  0%| F|  |TAMS 0x0000000086700000, 0x0000000086700000| Untracked 
| 104|0x0000000086800000, 0x0000000086800000, 0x0000000086900000|  0%| F|  |TAMS 0x0000000086800000, 0x0000000086800000| Untracked 
| 105|0x0000000086900000, 0x0000000086900000, 0x0000000086a00000|  0%| F|  |TAMS 0x0000000086900000, 0x0000000086900000| Untracked 
| 106|0x0000000086a00000, 0x0000000086a00000, 0x0000000086b00000|  0%| F|  |TAMS 0x0000000086a00000, 0x0000000086a00000| Untracked 
| 107|0x0000000086b00000, 0x0000000086b00000, 0x0000000086c00000|  0%| F|  |TAMS 0x0000000086b00000, 0x0000000086b00000| Untracked 
| 108|0x0000000086c00000, 0x0000000086c00000, 0x0000000086d00000|  0%| F|  |TAMS 0x0000000086c00000, 0x0000000086c00000| Untracked 
| 109|0x0000000086d00000, 0x0000000086d00000, 0x0000000086e00000|  0%| F|  |TAMS 0x0000000086d00000, 0x0000000086d00000| Untracked 
| 110|0x0000000086e00000, 0x0000000086e00000, 0x0000000086f00000|  0%| F|  |TAMS 0x0000000086e00000, 0x0000000086e00000| Untracked 
| 111|0x0000000086f00000, 0x0000000086f00000, 0x0000000087000000|  0%| F|  |TAMS 0x0000000086f00000, 0x0000000086f00000| Untracked 
| 112|0x0000000087000000, 0x0000000087000000, 0x0000000087100000|  0%| F|  |TAMS 0x0000000087000000, 0x0000000087000000| Untracked 
| 113|0x0000000087100000, 0x0000000087100000, 0x0000000087200000|  0%| F|  |TAMS 0x0000000087100000, 0x0000000087100000| Untracked 
| 114|0x0000000087200000, 0x0000000087200000, 0x0000000087300000|  0%| F|  |TAMS 0x0000000087200000, 0x0000000087200000| Untracked 
| 115|0x0000000087300000, 0x0000000087300000, 0x0000000087400000|  0%| F|  |TAMS 0x0000000087300000, 0x0000000087300000| Untracked 
| 116|0x0000000087400000, 0x0000000087400000, 0x0000000087500000|  0%| F|  |TAMS 0x0000000087400000, 0x0000000087400000| Untracked 
| 117|0x0000000087500000, 0x0000000087500000, 0x0000000087600000|  0%| F|  |TAMS 0x0000000087500000, 0x0000000087500000| Untracked 
| 118|0x0000000087600000, 0x0000000087600000, 0x0000000087700000|  0%| F|  |TAMS 0x0000000087600000, 0x0000000087600000| Untracked 
| 119|0x0000000087700000, 0x0000000087800000, 0x0000000087800000|100%| E|  |TAMS 0x0000000087700000, 0x0000000087700000| Complete 
| 120|0x0000000087800000, 0x0000000087900000, 0x0000000087900000|100%| E|CS|TAMS 0x0000000087800000, 0x0000000087800000| Complete 
| 121|0x0000000087900000, 0x0000000087a00000, 0x0000000087a00000|100%| E|CS|TAMS 0x0000000087900000, 0x0000000087900000| Complete 
| 122|0x0000000087a00000, 0x0000000087b00000, 0x0000000087b00000|100%| E|CS|TAMS 0x0000000087a00000, 0x0000000087a00000| Complete 
| 123|0x0000000087b00000, 0x0000000087c00000, 0x0000000087c00000|100%| E|CS|TAMS 0x0000000087b00000, 0x0000000087b00000| Complete 

Card table byte_map: [0x0000022a48e30000,0x0000022a49230000] _byte_map_base: 0x0000022a48a30000

Marking Bits (Prev, Next): (CMBitMap*) 0x0000022a310223b0, (CMBitMap*) 0x0000022a31022378
 Prev Bits: [0x0000022a4b630000, 0x0000022a4d630000)
 Next Bits: [0x0000022a49630000, 0x0000022a4b630000)

Polling page: 0x0000022a307b0000

Metaspace:

Usage:
  Non-class:     28.10 MB capacity,    27.61 MB ( 98%) used,   427.38 KB (  1%) free+waste,    76.69 KB ( <1%) overhead. 
      Class:      4.48 MB capacity,     4.19 MB ( 94%) used,   253.50 KB (  6%) free+waste,    38.44 KB ( <1%) overhead. 
       Both:     32.58 MB capacity,    31.80 MB ( 98%) used,   680.88 KB (  2%) free+waste,   115.13 KB ( <1%) overhead. 

Virtual space:
  Non-class space:       30.00 MB reserved,      28.17 MB ( 94%) committed 
      Class space:      504.00 MB reserved,       4.50 MB ( <1%) committed 
             Both:      534.00 MB reserved,      32.67 MB (  6%) committed 

Chunk freelists:
   Non-Class:  8.00 KB
       Class:  0 bytes
        Both:  8.00 KB

MaxMetaspaceSize: 512.00 MB
CompressedClassSpaceSize: 504.00 MB
Initial GC threshold: 20.80 MB
Current GC threshold: 35.08 MB
CDS: off

CodeHeap 'non-profiled nmethods': size=120000Kb used=1495Kb max_used=1495Kb free=118504Kb
 bounds [0x0000022a411d0000, 0x0000022a41440000, 0x0000022a48700000]
CodeHeap 'profiled nmethods': size=120000Kb used=6154Kb max_used=6154Kb free=113845Kb
 bounds [0x0000022a39ca0000, 0x0000022a3a2b0000, 0x0000022a411d0000]
CodeHeap 'non-nmethods': size=5760Kb used=1248Kb max_used=1275Kb free=4511Kb
 bounds [0x0000022a39700000, 0x0000022a39970000, 0x0000022a39ca0000]
 total_blobs=3364 nmethods=2848 adapters=427
 compilation: enabled
              stopped_count=0, restarted_count=0
 full_count=0

Compilation events (20 events):
Event: 24.884 Thread 0x0000022a500a6000 nmethod 2819 0x0000022a41342610 code [0x0000022a413427c0, 0x0000022a413428e8]
Event: 24.894 Thread 0x0000022a500ac000 2827   !   3       java.lang.invoke.LambdaForm::compileToBytecode (162 bytes)
Event: 24.905 Thread 0x0000022a500ac000 nmethod 2827 0x0000022a3a297310 code [0x0000022a3a2976e0, 0x0000022a3a298d58]
Event: 24.905 Thread 0x0000022a500ac000 2830       3       jdk.internal.org.objectweb.asm.MethodWriter::visitFrame (233 bytes)
Event: 24.906 Thread 0x0000022a500ac000 nmethod 2830 0x0000022a3a299a10 code [0x0000022a3a299c40, 0x0000022a3a29a3f8]
Event: 24.985 Thread 0x0000022a500ac000 2833       3       java.lang.invoke.MethodHandleNatives$CallSiteContext::run (5 bytes)
Event: 24.985 Thread 0x0000022a500ac000 nmethod 2833 0x0000022a3a29a790 code [0x0000022a3a29a940, 0x0000022a3a29aa68]
Event: 25.327 Thread 0x0000022a500a6000 2835       4       java.lang.String::equalsIgnoreCase (45 bytes)
Event: 25.337 Thread 0x0000022a500a6000 nmethod 2835 0x0000022a41343d10 code [0x0000022a41343ec0, 0x0000022a41344478]
Event: 25.665 Thread 0x0000022a500ac000 2836       1       java.util.stream.ReferencePipeline$StatelessOp::opIsStateful (2 bytes)
Event: 25.666 Thread 0x0000022a500ac000 nmethod 2836 0x0000022a41344990 code [0x0000022a41344b40, 0x0000022a41344bf8]
Event: 25.667 Thread 0x0000022a500ac000 2837       3       java.util.Arrays::sort (24 bytes)
Event: 25.668 Thread 0x0000022a500ac000 nmethod 2837 0x0000022a3a29ab10 code [0x0000022a3a29acc0, 0x0000022a3a29ae08]
Event: 25.847 Thread 0x0000022a500a6000 2838       4       java.lang.ClassLoader::loadClass (7 bytes)
Event: 25.849 Thread 0x0000022a500a6000 nmethod 2838 0x0000022a41344c90 code [0x0000022a41344e20, 0x0000022a41344e98]
Event: 25.867 Thread 0x0000022a500ac000 2839       3       org.codehaus.groovy.reflection.GeneratedMetaMethod$DgmMethodRecord::<init> (5 bytes)
Event: 25.868 Thread 0x0000022a500a6000 2840       4       java.lang.Integer::valueOf (32 bytes)
Event: 25.868 Thread 0x0000022a500ac000 nmethod 2839 0x0000022a3a29af10 code [0x0000022a3a29b0c0, 0x0000022a3a29b218]
Event: 25.870 Thread 0x0000022a500a6000 nmethod 2840 0x0000022a41344f90 code [0x0000022a41345120, 0x0000022a413451f8]
Event: 25.870 Thread 0x0000022a500a6000 2841       4       java.io.DataInputStream::readUTF (501 bytes)

GC Heap History (12 events):
Event: 2.134 GC heap before
{Heap before GC invocations=0 (full 0):
 garbage-first heap   total 126976K, used 27648K [0x0000000080000000, 0x0000000100000000)
  region size 1024K, 24 young (24576K), 0 survivors (0K)
 Metaspace       used 10129K, capacity 10338K, committed 10624K, reserved 526336K
  class space    used 1031K, capacity 1107K, committed 1152K, reserved 516096K
}
Event: 2.149 GC heap after
{Heap after GC invocations=1 (full 0):
 garbage-first heap   total 126976K, used 10563K [0x0000000080000000, 0x0000000100000000)
  region size 1024K, 3 young (3072K), 3 survivors (3072K)
 Metaspace       used 10129K, capacity 10338K, committed 10624K, reserved 526336K
  class space    used 1031K, capacity 1107K, committed 1152K, reserved 516096K
}
Event: 3.950 GC heap before
{Heap before GC invocations=1 (full 0):
 garbage-first heap   total 126976K, used 33091K [0x0000000080000000, 0x0000000100000000)
  region size 1024K, 25 young (25600K), 3 survivors (3072K)
 Metaspace       used 11220K, capacity 11453K, committed 11520K, reserved 526336K
  class space    used 1148K, capacity 1244K, committed 1280K, reserved 516096K
}
Event: 3.954 GC heap after
{Heap after GC invocations=2 (full 0):
 garbage-first heap   total 126976K, used 11183K [0x0000000080000000, 0x0000000100000000)
  region size 1024K, 1 young (1024K), 1 survivors (1024K)
 Metaspace       used 11220K, capacity 11453K, committed 11520K, reserved 526336K
  class space    used 1148K, capacity 1244K, committed 1280K, reserved 516096K
}
Event: 11.194 GC heap before
{Heap before GC invocations=2 (full 0):
 garbage-first heap   total 126976K, used 63407K [0x0000000080000000, 0x0000000100000000)
  region size 1024K, 51 young (52224K), 1 survivors (1024K)
 Metaspace       used 17218K, capacity 17584K, committed 17792K, reserved 532480K
  class space    used 1957K, capacity 2074K, committed 2176K, reserved 516096K
}
Event: 11.243 GC heap after
{Heap after GC invocations=3 (full 0):
 garbage-first heap   total 126976K, used 17291K [0x0000000080000000, 0x0000000100000000)
  region size 1024K, 7 young (7168K), 7 survivors (7168K)
 Metaspace       used 17218K, capacity 17584K, committed 17792K, reserved 532480K
  class space    used 1957K, capacity 2074K, committed 2176K, reserved 516096K
}
Event: 12.208 GC heap before
{Heap before GC invocations=3 (full 0):
 garbage-first heap   total 126976K, used 42891K [0x0000000080000000, 0x0000000100000000)
  region size 1024K, 33 young (33792K), 7 survivors (7168K)
 Metaspace       used 20819K, capacity 21210K, committed 21296K, reserved 536576K
  class space    used 2486K, capacity 2654K, committed 2688K, reserved 516096K
}
Event: 12.220 GC heap after
{Heap after GC invocations=4 (full 0):
 garbage-first heap   total 126976K, used 18622K [0x0000000080000000, 0x0000000100000000)
  region size 1024K, 2 young (2048K), 2 survivors (2048K)
 Metaspace       used 20819K, capacity 21210K, committed 21296K, reserved 536576K
  class space    used 2486K, capacity 2654K, committed 2688K, reserved 516096K
}
Event: 15.152 GC heap before
{Heap before GC invocations=5 (full 0):
 garbage-first heap   total 126976K, used 71870K [0x0000000080000000, 0x0000000100000000)
  region size 1024K, 54 young (55296K), 2 survivors (2048K)
 Metaspace       used 25791K, capacity 26385K, committed 26544K, reserved 540672K
  class space    used 3282K, capacity 3488K, committed 3584K, reserved 516096K
}
Event: 15.160 GC heap after
{Heap after GC invocations=6 (full 0):
 garbage-first heap   total 126976K, used 20424K [0x0000000080000000, 0x0000000100000000)
  region size 1024K, 4 young (4096K), 4 survivors (4096K)
 Metaspace       used 25791K, capacity 26385K, committed 26544K, reserved 540672K
  class space    used 3282K, capacity 3488K, committed 3584K, reserved 516096K
}
Event: 24.968 GC heap before
{Heap before GC invocations=6 (full 0):
 garbage-first heap   total 126976K, used 79816K [0x0000000080000000, 0x0000000100000000)
  region size 1024K, 62 young (63488K), 4 survivors (4096K)
 Metaspace       used 31638K, capacity 32411K, committed 32560K, reserved 544768K
  class space    used 4170K, capacity 4480K, committed 4480K, reserved 516096K
}
Event: 24.984 GC heap after
{Heap after GC invocations=7 (full 0):
 garbage-first heap   total 126976K, used 22197K [0x0000000080000000, 0x0000000100000000)
  region size 1024K, 5 young (5120K), 5 survivors (5120K)
 Metaspace       used 31638K, capacity 32411K, committed 32560K, reserved 544768K
  class space    used 4170K, capacity 4480K, committed 4480K, reserved 516096K
}

Deoptimization events (20 events):
Event: 24.761 Thread 0x0000022a53d47800 Uncommon trap: trap_request=0xffffff4d fr.pc=0x0000022a412dadd0 relative=0x00000000000001f0
Event: 24.762 Thread 0x0000022a53d47800 Uncommon trap: reason=unstable_if action=reinterpret pc=0x0000022a412dadd0 method=java.util.HashMap.putVal(ILjava/lang/Object;Ljava/lang/Object;ZZ)Ljava/lang/Object; @ 162 c2
Event: 24.762 Thread 0x0000022a53d47800 DEOPT PACKING pc=0x0000022a412dadd0 sp=0x00000071175fa3b0
Event: 24.796 Thread 0x0000022a53d47800 DEOPT UNPACKING pc=0x0000022a397085af sp=0x00000071175fa330 mode 2
Event: 25.865 Thread 0x0000022a53d47800 Uncommon trap: trap_request=0xffffffde fr.pc=0x0000022a41330b1c relative=0x0000000000001f7c
Event: 25.866 Thread 0x0000022a53d47800 Uncommon trap: reason=class_check action=maybe_recompile pc=0x0000022a41330b1c method=java.io.BufferedInputStream.read([BII)I @ 101 c2
Event: 25.866 Thread 0x0000022a53d47800 DEOPT PACKING pc=0x0000022a41330b1c sp=0x00000071175f9140
Event: 25.866 Thread 0x0000022a53d47800 DEOPT UNPACKING pc=0x0000022a397085af sp=0x00000071175f9010 mode 2
Event: 25.867 Thread 0x0000022a53d47800 Uncommon trap: trap_request=0xffffffde fr.pc=0x0000022a41330b1c relative=0x0000000000001f7c
Event: 25.867 Thread 0x0000022a53d47800 Uncommon trap: reason=class_check action=maybe_recompile pc=0x0000022a41330b1c method=java.io.BufferedInputStream.read([BII)I @ 101 c2
Event: 25.867 Thread 0x0000022a53d47800 DEOPT PACKING pc=0x0000022a41330b1c sp=0x00000071175f9140
Event: 25.867 Thread 0x0000022a53d47800 DEOPT UNPACKING pc=0x0000022a397085af sp=0x00000071175f9010 mode 2
Event: 25.868 Thread 0x0000022a53d47800 Uncommon trap: trap_request=0xffffffde fr.pc=0x0000022a41330b1c relative=0x0000000000001f7c
Event: 25.868 Thread 0x0000022a53d47800 Uncommon trap: reason=class_check action=maybe_recompile pc=0x0000022a41330b1c method=java.io.BufferedInputStream.read([BII)I @ 101 c2
Event: 25.868 Thread 0x0000022a53d47800 DEOPT PACKING pc=0x0000022a41330b1c sp=0x00000071175f9140
Event: 25.868 Thread 0x0000022a53d47800 DEOPT UNPACKING pc=0x0000022a397085af sp=0x00000071175f9010 mode 2
Event: 25.870 Thread 0x0000022a53d47800 Uncommon trap: trap_request=0xffffffde fr.pc=0x0000022a41330b1c relative=0x0000000000001f7c
Event: 25.870 Thread 0x0000022a53d47800 Uncommon trap: reason=class_check action=maybe_recompile pc=0x0000022a41330b1c method=java.io.BufferedInputStream.read([BII)I @ 101 c2
Event: 25.870 Thread 0x0000022a53d47800 DEOPT PACKING pc=0x0000022a41330b1c sp=0x00000071175f9140
Event: 25.870 Thread 0x0000022a53d47800 DEOPT UNPACKING pc=0x0000022a397085af sp=0x00000071175f9010 mode 2

Classes redefined (0 events):
No events

Internal exceptions (20 events):
Event: 14.377 Thread 0x0000022a53d47800 Exception <a 'java/lang/NoSuchMethodError'{0x00000000856ab068}: 'java.lang.Object java.lang.invoke.Invokers$Holder.linkToTargetMethod(java.lang.Object, java.lang.Object, java.lang.Object, java.lang.Object, java.lang.Object, java.lang.Object, java.lang.Object)'> (0x00000000856ab068) thrown at [./src/hotspot/share/interpreter/linkResolver.cpp, line 773]
Event: 14.467 Thread 0x0000022a53d47800 Exception <a 'java/lang/NoSuchMethodError'{0x0000000085447f90}: 'java.lang.Object java.lang.invoke.DirectMethodHandle$Holder.invokeVirtual(java.lang.Object, java.lang.Object, java.lang.Object, java.lang.Object, java.lang.Object, java.lang.Object, java.lang.Object, java.lang.Object, java.lang.Object, java.lang.Object, java.lang.Object, java.lang.Object, java.lang.Object, java.lang.Object, java.lang.Object, java.lang.Object, java.lang.Object, java.lang.Object, java.lang.Object, java.lang.Object, java.lang.Ob
Event: 14.702 Thread 0x0000022a53d47800 Exception <a 'java/lang/NoSuchMethodError'{0x0000000084ef20c0}: 'void java.lang.invoke.DirectMethodHandle$Holder.invokeStatic(java.lang.Object, java.lang.Object, java.lang.Object, java.lang.Object, java.lang.Object)'> (0x0000000084ef20c0) thrown at [./src/hotspot/share/interpreter/linkResolver.cpp, line 773]
Event: 14.723 Thread 0x0000022a53d47800 Implicit null exception at 0x0000022a411f6d78 to 0x0000022a411f6e0a
Event: 15.101 Thread 0x0000022a53d47800 Exception <a 'java/lang/NoSuchMethodError'{0x0000000084639510}: 'void java.lang.invoke.DirectMethodHandle$Holder.invokeStaticInit(java.lang.Object, java.lang.Object)'> (0x0000000084639510) thrown at [./src/hotspot/share/interpreter/linkResolver.cpp, line 773]
Event: 15.584 Thread 0x0000022a53d47800 Exception <a 'java/lang/NoSuchMethodError'{0x000000008750e550}: 'void java.lang.invoke.DirectMethodHandle$Holder.invokeStatic(java.lang.Object, java.lang.Object, java.lang.Object, java.lang.Object)'> (0x000000008750e550) thrown at [./src/hotspot/share/interpreter/linkResolver.cpp, line 773]
Event: 15.589 Thread 0x0000022a53d47800 Exception <a 'java/lang/NoSuchMethodError'{0x000000008752c8c8}: 'int java.lang.invoke.DirectMethodHandle$Holder.invokeVirtual(java.lang.Object, java.lang.Object)'> (0x000000008752c8c8) thrown at [./src/hotspot/share/interpreter/linkResolver.cpp, line 773]
Event: 15.619 Thread 0x0000022a53d47800 Exception <a 'java/lang/NoSuchMethodError'{0x0000000087569740}: 'int java.lang.invoke.DirectMethodHandle$Holder.invokeVirtual(java.lang.Object, java.lang.Object, java.lang.Object)'> (0x0000000087569740) thrown at [./src/hotspot/share/interpreter/linkResolver.cpp, line 773]
Event: 16.425 Thread 0x0000022a53d47800 Exception <a 'java/lang/NoSuchMethodError'{0x00000000865e5550}: 'java.lang.Object java.lang.invoke.DirectMethodHandle$Holder.invokeSpecialIFC(java.lang.Object, java.lang.Object, java.lang.Object, java.lang.Object)'> (0x00000000865e5550) thrown at [./src/hotspot/share/interpreter/linkResolver.cpp, line 773]
Event: 17.527 Thread 0x0000022a53d47800 Implicit null exception at 0x0000022a412c9c75 to 0x0000022a412c9e34
Event: 17.528 Thread 0x0000022a53d47800 Implicit null exception at 0x0000022a4122642f to 0x0000022a4122649d
Event: 20.666 Thread 0x0000022a53d47800 Exception <a 'java/lang/NoSuchMethodError'{0x0000000085aaa900}: 'java.lang.Object java.lang.invoke.DirectMethodHandle$Holder.invokeSpecial(java.lang.Object, java.lang.Object, java.lang.Object, java.lang.Object, java.lang.Object, java.lang.Object, java.lang.Object, java.lang.Object, java.lang.Object, java.lang.Object, java.lang.Object, java.lang.Object, java.lang.Object)'> (0x0000000085aaa900) thrown at [./src/hotspot/share/interpreter/linkResolver.cpp, line 773]
Event: 20.676 Thread 0x0000022a53d47800 Exception <a 'java/lang/NoSuchMethodError'{0x0000000085abb1f0}: 'java.lang.Object java.lang.invoke.Invokers$Holder.linkToTargetMethod(java.lang.Object, java.lang.Object, java.lang.Object, java.lang.Object, java.lang.Object, java.lang.Object, java.lang.Object, java.lang.Object, java.lang.Object, java.lang.Object, java.lang.Object)'> (0x0000000085abb1f0) thrown at [./src/hotspot/share/interpreter/linkResolver.cpp, line 773]
Event: 20.759 Thread 0x0000022a53d47800 Exception <a 'java/lang/NoSuchMethodError'{0x000000008594e7c8}: 'java.lang.Object java.lang.invoke.DirectMethodHandle$Holder.invokeSpecial(java.lang.Object, java.lang.Object, java.lang.Object, java.lang.Object, java.lang.Object, java.lang.Object, java.lang.Object, java.lang.Object, java.lang.Object, java.lang.Object, java.lang.Object, java.lang.Object, java.lang.Object, java.lang.Object)'> (0x000000008594e7c8) thrown at [./src/hotspot/share/interpreter/linkResolver.cpp, line 773]
Event: 20.760 Thread 0x0000022a53d47800 Exception <a 'java/lang/NoSuchMethodError'{0x0000000085960030}: 'java.lang.Object java.lang.invoke.Invokers$Holder.linkToTargetMethod(java.lang.Object, java.lang.Object, java.lang.Object, java.lang.Object, java.lang.Object, java.lang.Object, java.lang.Object, java.lang.Object, java.lang.Object, java.lang.Object, java.lang.Object, java.lang.Object)'> (0x0000000085960030) thrown at [./src/hotspot/share/interpreter/linkResolver.cpp, line 773]
Event: 21.737 Thread 0x0000022a53d47800 Exception <a 'java/lang/NoSuchMethodError'{0x00000000858d21b0}: 'java.lang.Object java.lang.invoke.DirectMethodHandle$Holder.invokeStaticInit(java.lang.Object, java.lang.Object, java.lang.Object, java.lang.Object)'> (0x00000000858d21b0) thrown at [./src/hotspot/share/interpreter/linkResolver.cpp, line 773]
Event: 23.593 Thread 0x0000022a53d47800 Exception <a 'java/lang/NoSuchMethodError'{0x0000000084af2a20}: 'java.lang.Object java.lang.invoke.Invokers$Holder.linkToTargetMethod(java.lang.Object, java.lang.Object, java.lang.Object, java.lang.Object, java.lang.Object, java.lang.Object, java.lang.Object, java.lang.Object)'> (0x0000000084af2a20) thrown at [./src/hotspot/share/interpreter/linkResolver.cpp, line 773]
Event: 23.614 Thread 0x0000022a53d47800 Exception <a 'java/lang/IncompatibleClassChangeError'{0x0000000084972ca0}: Found class java.lang.Object, but interface was expected> (0x0000000084972ca0) thrown at [./src/hotspot/share/interpreter/linkResolver.cpp, line 839]
Event: 24.894 Thread 0x0000022a53d47800 Exception <a 'java/lang/NoSuchMethodError'{0x0000000083e70518}: 'java.lang.Object java.lang.invoke.Invokers$Holder.linkToTargetMethod(java.lang.Object, int, int, java.lang.Object)'> (0x0000000083e70518) thrown at [./src/hotspot/share/interpreter/linkResolver.cpp, line 773]
Event: 24.897 Thread 0x0000022a53d47800 Exception <a 'java/lang/NoSuchMethodError'{0x0000000083e86970}: 'java.lang.Object java.lang.invoke.DirectMethodHandle$Holder.invokeStatic(java.lang.Object, java.lang.Object, int, int, java.lang.Object, java.lang.Object)'> (0x0000000083e86970) thrown at [./src/hotspot/share/interpreter/linkResolver.cpp, line 773]

Events (20 events):
Event: 25.916 loading class org/codehaus/groovy/util/ReferenceType$WeakRef done
Event: 25.917 loading class org/codehaus/groovy/reflection/CachedClass$1
Event: 25.917 loading class org/codehaus/groovy/reflection/CachedClass$1 done
Event: 25.920 loading class org/codehaus/groovy/reflection/CachedClass$2
Event: 25.920 loading class org/codehaus/groovy/reflection/CachedClass$2 done
Event: 25.920 loading class org/codehaus/groovy/reflection/CachedClass$3
Event: 25.920 loading class org/codehaus/groovy/reflection/CachedClass$3 done
Event: 25.922 loading class org/codehaus/groovy/reflection/CachedClass$4
Event: 25.922 loading class org/codehaus/groovy/reflection/CachedClass$4 done
Event: 25.922 loading class org/codehaus/groovy/reflection/CachedClass$5
Event: 25.922 loading class org/codehaus/groovy/reflection/CachedClass$5 done
Event: 25.923 loading class org/codehaus/groovy/reflection/CachedClass$6
Event: 25.923 loading class org/codehaus/groovy/reflection/CachedClass$6 done
Event: 25.923 loading class org/codehaus/groovy/reflection/CachedClass$7
Event: 25.923 loading class org/codehaus/groovy/reflection/CachedClass$7 done
Event: 25.924 loading class org/codehaus/groovy/reflection/CachedClass$8
Event: 25.924 loading class org/codehaus/groovy/reflection/CachedClass$8 done
Event: 25.926 loading class java/security/AccessControlException
Event: 25.930 loading class java/security/AccessControlException done
Event: 25.931 Executing VM operation: Deoptimize


Dynamic libraries:
0x00007ff710480000 - 0x00007ff71048d000 	C:\Users\ajaya\AppData\Local\Programs\Eclipse Adoptium\jdk-11.0.13.8-hotspot\bin\java.exe
0x00007ff937f90000 - 0x00007ff9381a4000 	C:\WINDOWS\SYSTEM32\ntdll.dll
0x00007ff937170000 - 0x00007ff937234000 	C:\WINDOWS\System32\KERNEL32.DLL
0x00007ff9354e0000 - 0x00007ff935884000 	C:\WINDOWS\System32\KERNELBASE.dll
0x00007ff935900000 - 0x00007ff935a11000 	C:\WINDOWS\System32\ucrtbase.dll
0x00007ff92bb80000 - 0x00007ff92bb97000 	C:\Users\ajaya\AppData\Local\Programs\Eclipse Adoptium\jdk-11.0.13.8-hotspot\bin\jli.dll
0x00007ff936c00000 - 0x00007ff936daa000 	C:\WINDOWS\System32\USER32.dll
0x00007ff935c00000 - 0x00007ff935c26000 	C:\WINDOWS\System32\win32u.dll
0x00007ff937140000 - 0x00007ff937169000 	C:\WINDOWS\System32\GDI32.dll
0x00007ff935c30000 - 0x00007ff935d49000 	C:\WINDOWS\System32\gdi32full.dll
0x00007ff935b60000 - 0x00007ff935bfa000 	C:\WINDOWS\System32\msvcp_win.dll
0x00007ff92afc0000 - 0x00007ff92afd5000 	C:\Users\ajaya\AppData\Local\Programs\Eclipse Adoptium\jdk-11.0.13.8-hotspot\bin\VCRUNTIME140.dll
0x00007ff9104b0000 - 0x00007ff91073f000 	C:\WINDOWS\WinSxS\amd64_microsoft.windows.common-controls_6595b64144ccf1df_6.0.22621.2070_none_2713e6537381f706\COMCTL32.dll
0x00007ff937e90000 - 0x00007ff937f37000 	C:\WINDOWS\System32\msvcrt.dll
0x00007ff937350000 - 0x00007ff937381000 	C:\WINDOWS\System32\IMM32.DLL
0x00007ff9186e0000 - 0x00007ff91877b000 	C:\Users\ajaya\AppData\Local\Programs\Eclipse Adoptium\jdk-11.0.13.8-hotspot\bin\msvcp140.dll
0x00007ff8bff90000 - 0x00007ff8c0b0e000 	C:\Users\ajaya\AppData\Local\Programs\Eclipse Adoptium\jdk-11.0.13.8-hotspot\bin\server\jvm.dll
0x00007ff937400000 - 0x00007ff9374b0000 	C:\WINDOWS\System32\ADVAPI32.dll
0x00007ff9374c0000 - 0x00007ff937566000 	C:\WINDOWS\System32\sechost.dll
0x00007ff937d70000 - 0x00007ff937e87000 	C:\WINDOWS\System32\RPCRT4.dll
0x00007ff936a50000 - 0x00007ff936a58000 	C:\WINDOWS\System32\PSAPI.DLL
0x00007ff8e97d0000 - 0x00007ff8e97d9000 	C:\WINDOWS\SYSTEM32\WSOCK32.dll
0x00007ff9372c0000 - 0x00007ff937331000 	C:\WINDOWS\System32\WS2_32.dll
0x00007ff92bb10000 - 0x00007ff92bb44000 	C:\WINDOWS\SYSTEM32\WINMM.dll
0x00007ff92b790000 - 0x00007ff92b79a000 	C:\WINDOWS\SYSTEM32\VERSION.dll
0x00007ff934340000 - 0x00007ff934358000 	C:\WINDOWS\SYSTEM32\kernel.appcore.dll
0x00007ff922310000 - 0x00007ff922320000 	C:\Users\ajaya\AppData\Local\Programs\Eclipse Adoptium\jdk-11.0.13.8-hotspot\bin\verify.dll
0x00007ff932d20000 - 0x00007ff932f4e000 	C:\WINDOWS\SYSTEM32\DBGHELP.DLL
0x00007ff936db0000 - 0x00007ff93713a000 	C:\WINDOWS\System32\combase.dll
0x00007ff936620000 - 0x00007ff9366f7000 	C:\WINDOWS\System32\OLEAUT32.dll
0x00007ff923a60000 - 0x00007ff923a92000 	C:\WINDOWS\SYSTEM32\dbgcore.DLL
0x00007ff935ae0000 - 0x00007ff935b5a000 	C:\WINDOWS\System32\bcryptPrimitives.dll
0x00007ff9186b0000 - 0x00007ff9186d8000 	C:\Users\ajaya\AppData\Local\Programs\Eclipse Adoptium\jdk-11.0.13.8-hotspot\bin\java.dll
0x00007ff91f190000 - 0x00007ff91f19a000 	C:\Users\ajaya\AppData\Local\Programs\Eclipse Adoptium\jdk-11.0.13.8-hotspot\bin\jimage.dll
0x00007ff918690000 - 0x00007ff9186a7000 	C:\Users\ajaya\AppData\Local\Programs\Eclipse Adoptium\jdk-11.0.13.8-hotspot\bin\zip.dll
0x00007ff935e00000 - 0x00007ff936616000 	C:\WINDOWS\System32\SHELL32.dll
0x00007ff9332f0000 - 0x00007ff933bda000 	C:\WINDOWS\SYSTEM32\windows.storage.dll
0x00007ff9331b0000 - 0x00007ff9332ee000 	C:\WINDOWS\SYSTEM32\wintypes.dll
0x00007ff937ae0000 - 0x00007ff937bd3000 	C:\WINDOWS\System32\SHCORE.dll
0x00007ff937d10000 - 0x00007ff937d6e000 	C:\WINDOWS\System32\shlwapi.dll
0x00007ff9352a0000 - 0x00007ff9352c6000 	C:\WINDOWS\SYSTEM32\profapi.dll
0x00007ff918670000 - 0x00007ff918689000 	C:\Users\ajaya\AppData\Local\Programs\Eclipse Adoptium\jdk-11.0.13.8-hotspot\bin\net.dll
0x00007ff92c8f0000 - 0x00007ff92ca27000 	C:\WINDOWS\SYSTEM32\WINHTTP.dll
0x00007ff934830000 - 0x00007ff934899000 	C:\WINDOWS\system32\mswsock.dll
0x00007ff90ed70000 - 0x00007ff90ed82000 	C:\Users\ajaya\AppData\Local\Programs\Eclipse Adoptium\jdk-11.0.13.8-hotspot\bin\nio.dll
0x00007ff90ed90000 - 0x00007ff90edb7000 	C:\Users\ajaya\.gradle\native\68d5fa5c4cc2d200863cafc0d521ce42e7d3e7ee720ec0a83991735586a16f82\windows-amd64\native-platform.dll
0x00007ff8e3090000 - 0x00007ff8e31d4000 	C:\Users\ajaya\.gradle\native\e376f236ea51e6404a007f0833ffe2c6e607c4080706a723a18a27aeea778392\windows-amd64\native-platform-file-events.dll
0x00007ff918660000 - 0x00007ff918669000 	C:\Users\ajaya\AppData\Local\Programs\Eclipse Adoptium\jdk-11.0.13.8-hotspot\bin\management.dll
0x00007ff916700000 - 0x00007ff91670b000 	C:\Users\ajaya\AppData\Local\Programs\Eclipse Adoptium\jdk-11.0.13.8-hotspot\bin\management_ext.dll
0x00007ff934b00000 - 0x00007ff934b1b000 	C:\WINDOWS\SYSTEM32\CRYPTSP.dll
0x00007ff934300000 - 0x00007ff934335000 	C:\WINDOWS\system32\rsaenh.dll
0x00007ff934990000 - 0x00007ff9349bc000 	C:\WINDOWS\SYSTEM32\USERENV.dll
0x00007ff934d30000 - 0x00007ff934d58000 	C:\WINDOWS\SYSTEM32\bcrypt.dll
0x00007ff934af0000 - 0x00007ff934afc000 	C:\WINDOWS\SYSTEM32\CRYPTBASE.dll
0x00007ff933e80000 - 0x00007ff933ead000 	C:\WINDOWS\SYSTEM32\IPHLPAPI.DLL
0x00007ff937340000 - 0x00007ff937349000 	C:\WINDOWS\System32\NSI.dll
0x00007ff92b6e0000 - 0x00007ff92b6f9000 	C:\WINDOWS\SYSTEM32\dhcpcsvc6.DLL
0x00007ff92b250000 - 0x00007ff92b26f000 	C:\WINDOWS\SYSTEM32\dhcpcsvc.DLL
0x00007ff933eb0000 - 0x00007ff933fa3000 	C:\WINDOWS\SYSTEM32\DNSAPI.dll

dbghelp: loaded successfully - version: 4.0.5 - missing functions: none
symbol engine: initialized successfully - sym options: 0x614 - pdb path: .;C:\Users\ajaya\AppData\Local\Programs\Eclipse Adoptium\jdk-11.0.13.8-hotspot\bin;C:\WINDOWS\SYSTEM32;C:\WINDOWS\WinSxS\amd64_microsoft.windows.common-controls_6595b64144ccf1df_6.0.22621.2070_none_2713e6537381f706;C:\Users\ajaya\AppData\Local\Programs\Eclipse Adoptium\jdk-11.0.13.8-hotspot\bin\server;C:\Users\ajaya\.gradle\native\68d5fa5c4cc2d200863cafc0d521ce42e7d3e7ee720ec0a83991735586a16f82\windows-amd64;C:\Users\ajaya\.gradle\native\e376f236ea51e6404a007f0833ffe2c6e607c4080706a723a18a27aeea778392\windows-amd64

VM Arguments:
jvm_args: -XX:MaxMetaspaceSize=512m --add-opens=java.base/java.util=ALL-UNNAMED --add-opens=java.base/java.lang=ALL-UNNAMED --add-opens=java.base/java.lang.invoke=ALL-UNNAMED --add-opens=java.prefs/java.util.prefs=ALL-UNNAMED --add-opens=java.base/java.nio.charset=ALL-UNNAMED --add-opens=java.base/java.net=ALL-UNNAMED --add-opens=java.base/java.util.concurrent.atomic=ALL-UNNAMED -Xmx2048m -Dfile.encoding=windows-1252 -Duser.country=GB -Duser.language=en -Duser.variant 
java_command: org.gradle.launcher.daemon.bootstrap.GradleDaemon 8.0.1
java_class_path (initial): C:\Users\ajaya\.gradle\wrapper\dists\gradle-8.0.1-all\aro4hu1c3oeioove7l0i4i14o\gradle-8.0.1\lib\gradle-launcher-8.0.1.jar
Launcher Type: SUN_STANDARD

[Global flags]
     intx CICompilerCount                          = 4                                         {product} {ergonomic}
   size_t CompressedClassSpaceSize                 = 528482304                                 {product} {ergonomic}
     uint ConcGCThreads                            = 2                                         {product} {ergonomic}
     uint G1ConcRefinementThreads                  = 8                                         {product} {ergonomic}
   size_t G1HeapRegionSize                         = 1048576                                   {product} {ergonomic}
    uintx GCDrainStackTargetSize                   = 64                                        {product} {ergonomic}
   size_t InitialHeapSize                          = 130023424                                 {product} {ergonomic}
   size_t MarkStackSize                            = 4194304                                   {product} {ergonomic}
   size_t MaxHeapSize                              = 2147483648                                {product} {command line}
   size_t MaxMetaspaceSize                         = 536870912                                 {product} {command line}
   size_t MaxNewSize                               = 1287651328                                {product} {ergonomic}
   size_t MinHeapDeltaBytes                        = 1048576                                   {product} {ergonomic}
    uintx NonNMethodCodeHeapSize                   = 5836300                                {pd product} {ergonomic}
    uintx NonProfiledCodeHeapSize                  = 122910970                              {pd product} {ergonomic}
    uintx ProfiledCodeHeapSize                     = 122910970                              {pd product} {ergonomic}
    uintx ReservedCodeCacheSize                    = 251658240                              {pd product} {ergonomic}
     bool SegmentedCodeCache                       = true                                      {product} {ergonomic}
     bool UseCompressedClassPointers               = true                                 {lp64_product} {ergonomic}
     bool UseCompressedOops                        = true                                 {lp64_product} {ergonomic}
     bool UseG1GC                                  = true                                      {product} {ergonomic}
     bool UseLargePagesIndividualAllocation        = false                                  {pd product} {ergonomic}

Logging:
Log output configuration:
 #0: stdout all=warning uptime,level,tags
 #1: stderr all=off uptime,level,tags

Environment Variables:
JAVA_HOME=C:\Users\ajaya\AppData\Local\Programs\Eclipse Adoptium\jdk-11.0.13.8-hotspot\
CLASSPATH=C:\Users\ajaya\Desktop\AwesomeProject\android\\gradle\wrapper\gradle-wrapper.jar
PATH=C:\Users\ajaya\Desktop\AwesomeProject\node_modules\.bin;C:\Users\ajaya\Desktop\AwesomeProject\node_modules\.bin;C:\Users\ajaya\Desktop\node_modules\.bin;C:\Users\ajaya\node_modules\.bin;C:\Users\node_modules\.bin;C:\node_modules\.bin;C:\Program Files\nodejs\node_modules\npm\node_modules\@npmcli\run-script\lib\node-gyp-bin;C:\Users\ajaya\Desktop\AwesomeProject\node_modules\.bin;C:\Users\ajaya\Desktop\AwesomeProject\node_modules\.bin;C:\Users\ajaya\Desktop\node_modules\.bin;C:\Users\ajaya\node_modules\.bin;C:\Users\node_modules\.bin;C:\node_modules\.bin;C:\Program Files\nodejs\node_modules\npm\node_modules\@npmcli\run-script\lib\node-gyp-bin;C:\Program Files\Eclipse Adoptium\jdk-17.0.7.7-hotspot\bin;C:\Program Files\Microsoft\jdk-11.0.18.10-hotspot\bin;C:\Program Files\Common Files\Oracle\Java\javapath;C:\WINDOWS\system32;C:\WINDOWS;C:\WINDOWS\System32\Wbem;C:\WINDOWS\System32\WindowsPowerShell\v1.0\;C:\WINDOWS\System32\OpenSSH\;C:\Program Files\Git\cmd;C:\Users\ajaya\AppData\Local\Programs\Eclipse Adoptium\jdk-11.0.13.8-hotspot\bin;C:\Users\ajaya\AppData\Local\Programs\Python\Python39\Scripts\;C:\Users\ajaya\AppData\Local\Programs\Python\Python39\;C:\Users\ajaya\AppData\Local\Microsoft\WindowsApps;C:\Users\ajaya\AppData\Local\Programs\Microsoft VS Code\bin;C:\Users\ajaya\AppData\Local\Programs\Python\Python39;C:\IntelliJ IDEA Community Edition 2021.3\bin;C:\Users\ajaya\AppData\Roaming\npm;C:\Program Files\heroku\bin;C:\OSGeo4W64\bin;C:\OSGeo4W\bin;C:\WINDOWS\system32;C:\WINDOWS;C:\WINDOWS\System32\Wbem;C:\WINDOWS\System32\WindowsPowerShell\v1.0\;C:\WINDOWS\System32\OpenSSH\;C:\ProgramData\chocolatey\bin;C:\Program Files\nodejs\;C:\Users\ajaya\AppData\Local\Android\Sdk\platform-tools;C:\Users\ajaya\AppData\Local\Programs\Eclipse Adoptium\jdk-11.0.13.8-hotspot\bin;C:\Users\ajaya\AppData\Local\Programs\Python\Python39\Scripts\;C:\Users\ajaya\AppData\Local\Programs\Python\Python39\;C:\Users\ajaya\AppData\Local\Microsoft\WindowsApps;C:\Users\ajaya\AppData\Local\Programs
USERNAME=ajaya
LANG=en_US.UTF-8
OS=Windows_NT
PROCESSOR_IDENTIFIER=Intel64 Family 6 Model 140 Stepping 1, GenuineIntel



---------------  S Y S T E M  ---------------

OS: Windows 10 , 64 bit Build 22621 (10.0.22621.2070)
OS uptime: 0 days 19:52 hours
Hyper-V role detected

CPU:total 8 (initial active 8) (4 cores per cpu, 2 threads per core) family 6 model 140 stepping 1 microcode 0xa4, cmov, cx8, fxsr, mmx, sse, sse2, sse3, ssse3, sse4.1, sse4.2, popcnt, avx, avx2, aes, clmul, erms, 3dnowpref, lzcnt, ht, tsc, tscinvbit, bmi1, bmi2, adx, evex, sha, fma

Memory: 4k page, system-wide physical 7831M (19M free)
TotalPageFile size 31383M (AvailPageFile size 0M)
current process WorkingSet (physical memory assigned to process): 46M, peak: 155M
current process commit charge ("private bytes"): 272M, peak: 276M

vm_info: OpenJDK 64-Bit Server VM (11.0.13+8) for windows-amd64 JRE (11.0.13+8), built on Oct 19 2021 17:05:59 by "" with unknown MS VC++:1916

END.
